;  LST file generated by mikroListExporter - v.2.0 
; Date/Time: 15/11/2020 02:20:58
;----------------------------------------------

;Address Opcode 	ASM
0x0000	0x29EF      	GOTO       495
_interrupt:
0x0004	0x00FF      	MOVWF      R15
0x0005	0x0E03      	SWAPF      STATUS, 0
0x0006	0x0183      	CLRF       STATUS
0x0007	0x00AA      	MOVWF      ___saveSTATUS
0x0008	0x080A      	MOVF       PCLATH, 0
0x0009	0x00AB      	MOVWF      ___savePCLATH
0x000A	0x018A      	CLRF       PCLATH
;frecunciometro.c,21 :: 		void interrupt(void)
;frecunciometro.c,23 :: 		INTCON.GIE = 0;        // Se deshabilitan todas las interrupciones
0x000B	0x138B      	BCF        INTCON, 7
;frecunciometro.c,24 :: 		if (INTCON.T0IF == 1 ) // se chequea si el timer 0 fue el causante
0x000C	0x1D0B      	BTFSS      INTCON, 2
0x000D	0x2810      	GOTO       L_interrupt0
;frecunciometro.c,26 :: 		INTCON.T0IF = 0;   //se baja la bandera del timer0
0x000E	0x110B      	BCF        INTCON, 2
;frecunciometro.c,27 :: 		ctrl++;            // se lleva control del numero de interrupciones
0x000F	0x0AA1      	INCF       _ctrl, 1
;frecunciometro.c,28 :: 		}
L_interrupt0:
;frecunciometro.c,29 :: 		INTCON.GIE = 1;        //se Habilitan todas las interrupciones
0x0010	0x178B      	BSF        INTCON, 7
;frecunciometro.c,30 :: 		}
L_end_interrupt:
L__interrupt6:
0x0011	0x082B      	MOVF       ___savePCLATH, 0
0x0012	0x008A      	MOVWF      PCLATH
0x0013	0x0E2A      	SWAPF      ___saveSTATUS, 0
0x0014	0x0083      	MOVWF      STATUS
0x0015	0x0EFF      	SWAPF      R15, 1
0x0016	0x0E7F      	SWAPF      R15, 0
0x0017	0x0009      	RETFIE
; end of _interrupt
_Delay_1us:
;__Lib_Delays.c,7 :: 		void Delay_1us() {
;__Lib_Delays.c,8 :: 		Delay_us(1);
0x0018	0x0000      	NOP
;__Lib_Delays.c,9 :: 		}
L_end_Delay_1us:
0x0019	0x0008      	RETURN
; end of _Delay_1us
_Delay_50us:
;__Lib_Delays.c,19 :: 		void Delay_50us() {
;__Lib_Delays.c,20 :: 		Delay_us(50);
0x001A	0x3010      	MOVLW      16
0x001B	0x1283      	BCF        STATUS, 5
0x001C	0x1303      	BCF        STATUS, 6
0x001D	0x00FD      	MOVWF      R13
L_Delay_50us2:
0x001E	0x0BFD      	DECFSZ     R13, 1
0x001F	0x281E      	GOTO       L_Delay_50us2
0x0020	0x0000      	NOP
;__Lib_Delays.c,21 :: 		}
L_end_Delay_50us:
0x0021	0x0008      	RETURN
; end of _Delay_50us
_Delay_5500us:
;__Lib_Delays.c,31 :: 		void Delay_5500us() {
;__Lib_Delays.c,32 :: 		Delay_us(5500);
0x0022	0x3008      	MOVLW      8
0x0023	0x1283      	BCF        STATUS, 5
0x0024	0x1303      	BCF        STATUS, 6
0x0025	0x00FC      	MOVWF      R12
0x0026	0x3023      	MOVLW      35
0x0027	0x00FD      	MOVWF      R13
L_Delay_5500us5:
0x0028	0x0BFD      	DECFSZ     R13, 1
0x0029	0x2828      	GOTO       L_Delay_5500us5
0x002A	0x0BFC      	DECFSZ     R12, 1
0x002B	0x2828      	GOTO       L_Delay_5500us5
;__Lib_Delays.c,33 :: 		}
L_end_Delay_5500us:
0x002C	0x0008      	RETURN
; end of _Delay_5500us
_Div_16X16_U:
;__Lib_Math.c,215 :: 		
;__Lib_Math.c,222 :: 		
0x002D	0x1283      	BCF        STATUS, 5
;__Lib_Math.c,223 :: 		
0x002E	0x1303      	BCF        STATUS, 6
;__Lib_Math.c,224 :: 		
0x002F	0x01F8      	CLRF       R8
;__Lib_Math.c,225 :: 		
0x0030	0x01F9      	CLRF       R9
;__Lib_Math.c,226 :: 		
0x0031	0x3010      	MOVLW      16
;__Lib_Math.c,227 :: 		
0x0032	0x00FC      	MOVWF      R12
;__Lib_Math.c,228 :: 		
0x0033	0x0D71      	RLF        R1, 0
;__Lib_Math.c,229 :: 		
0x0034	0x0DF8      	RLF        R8, 1
;__Lib_Math.c,230 :: 		
0x0035	0x0DF9      	RLF        R9, 1
;__Lib_Math.c,231 :: 		
0x0036	0x0874      	MOVF       R4, 0
;__Lib_Math.c,232 :: 		
0x0037	0x02F8      	SUBWF      R8, 1
;__Lib_Math.c,233 :: 		
0x0038	0x0875      	MOVF       R5, 0
;__Lib_Math.c,234 :: 		
0x0039	0x1C03      	BTFSS      STATUS, 0
;__Lib_Math.c,235 :: 		
0x003A	0x0F75      	INCFSZ     R5, 0
;__Lib_Math.c,236 :: 		
0x003B	0x02F9      	SUBWF      R9, 1
;__Lib_Math.c,237 :: 		
0x003C	0x1803      	BTFSC      STATUS, 0
;__Lib_Math.c,238 :: 		
0x003D	0x2845      	GOTO       $+8
;__Lib_Math.c,239 :: 		
0x003E	0x0874      	MOVF       R4, 0
;__Lib_Math.c,240 :: 		
0x003F	0x07F8      	ADDWF      R8, 1
;__Lib_Math.c,241 :: 		
0x0040	0x0875      	MOVF       R5, 0
;__Lib_Math.c,242 :: 		
0x0041	0x1803      	BTFSC      STATUS, 0
;__Lib_Math.c,243 :: 		
0x0042	0x0F75      	INCFSZ     R5, 0
;__Lib_Math.c,244 :: 		
0x0043	0x07F9      	ADDWF      R9, 1
;__Lib_Math.c,245 :: 		
0x0044	0x1003      	BCF        STATUS, 0
;__Lib_Math.c,246 :: 		
0x0045	0x0DF0      	RLF        R0, 1
;__Lib_Math.c,247 :: 		
0x0046	0x0DF1      	RLF        R1, 1
;__Lib_Math.c,248 :: 		
0x0047	0x0BFC      	DECFSZ     R12, 1
;__Lib_Math.c,249 :: 		
0x0048	0x2833      	GOTO       $-21
;__Lib_Math.c,251 :: 		
L_end_Div_16X16_U:
0x0049	0x0008      	RETURN
; end of _Div_16X16_U
_Lcd_Cmd:
;__Lib_Lcd.c,18 :: 		
;__Lib_Lcd.c,20 :: 		
0x004A	0x1283      	BCF        STATUS, 5
0x004B	0x1303      	BCF        STATUS, 6
0x004C	0x1BC9      	BTFSC      FARG_Lcd_Cmd_out_char, 7
0x004D	0x2850      	GOTO       L__Lcd_Cmd21
0x004E	0x1188      	BCF        LCD_D7, BitPos(LCD_D7+0)
0x004F	0x2851      	GOTO       L__Lcd_Cmd22
L__Lcd_Cmd21:
0x0050	0x1588      	BSF        LCD_D7, BitPos(LCD_D7+0)
L__Lcd_Cmd22:
;__Lib_Lcd.c,21 :: 		
0x0051	0x1B49      	BTFSC      FARG_Lcd_Cmd_out_char, 6
0x0052	0x2855      	GOTO       L__Lcd_Cmd23
0x0053	0x1108      	BCF        LCD_D6, BitPos(LCD_D6+0)
0x0054	0x2856      	GOTO       L__Lcd_Cmd24
L__Lcd_Cmd23:
0x0055	0x1508      	BSF        LCD_D6, BitPos(LCD_D6+0)
L__Lcd_Cmd24:
;__Lib_Lcd.c,22 :: 		
0x0056	0x1AC9      	BTFSC      FARG_Lcd_Cmd_out_char, 5
0x0057	0x285A      	GOTO       L__Lcd_Cmd25
0x0058	0x1088      	BCF        LCD_D5, BitPos(LCD_D5+0)
0x0059	0x285B      	GOTO       L__Lcd_Cmd26
L__Lcd_Cmd25:
0x005A	0x1488      	BSF        LCD_D5, BitPos(LCD_D5+0)
L__Lcd_Cmd26:
;__Lib_Lcd.c,23 :: 		
0x005B	0x1A49      	BTFSC      FARG_Lcd_Cmd_out_char, 4
0x005C	0x285F      	GOTO       L__Lcd_Cmd27
0x005D	0x1008      	BCF        LCD_D4, BitPos(LCD_D4+0)
0x005E	0x2860      	GOTO       L__Lcd_Cmd28
L__Lcd_Cmd27:
0x005F	0x1408      	BSF        LCD_D4, BitPos(LCD_D4+0)
L__Lcd_Cmd28:
;__Lib_Lcd.c,25 :: 		
0x0060	0x1827      	BTFSC      __Lib_Lcd_cmd_status, BitPos(__Lib_Lcd_cmd_status+0)
0x0061	0x2864      	GOTO       L__Lcd_Cmd29
0x0062	0x1608      	BSF        LCD_RS, BitPos(LCD_RS+0)
0x0063	0x2865      	GOTO       L__Lcd_Cmd30
L__Lcd_Cmd29:
0x0064	0x1208      	BCF        LCD_RS, BitPos(LCD_RS+0)
L__Lcd_Cmd30:
;__Lib_Lcd.c,28 :: 		
0x0065	0x1688      	BSF        LCD_EN, BitPos(LCD_EN+0)
;__Lib_Lcd.c,29 :: 		
0x0066	0x2018      	CALL       _Delay_1us
;__Lib_Lcd.c,30 :: 		
0x0067	0x1288      	BCF        LCD_EN, BitPos(LCD_EN+0)
;__Lib_Lcd.c,33 :: 		
0x0068	0x19C9      	BTFSC      FARG_Lcd_Cmd_out_char, 3
0x0069	0x286C      	GOTO       L__Lcd_Cmd31
0x006A	0x1188      	BCF        LCD_D7, BitPos(LCD_D7+0)
0x006B	0x286D      	GOTO       L__Lcd_Cmd32
L__Lcd_Cmd31:
0x006C	0x1588      	BSF        LCD_D7, BitPos(LCD_D7+0)
L__Lcd_Cmd32:
;__Lib_Lcd.c,34 :: 		
0x006D	0x1949      	BTFSC      FARG_Lcd_Cmd_out_char, 2
0x006E	0x2871      	GOTO       L__Lcd_Cmd33
0x006F	0x1108      	BCF        LCD_D6, BitPos(LCD_D6+0)
0x0070	0x2872      	GOTO       L__Lcd_Cmd34
L__Lcd_Cmd33:
0x0071	0x1508      	BSF        LCD_D6, BitPos(LCD_D6+0)
L__Lcd_Cmd34:
;__Lib_Lcd.c,35 :: 		
0x0072	0x18C9      	BTFSC      FARG_Lcd_Cmd_out_char, 1
0x0073	0x2876      	GOTO       L__Lcd_Cmd35
0x0074	0x1088      	BCF        LCD_D5, BitPos(LCD_D5+0)
0x0075	0x2877      	GOTO       L__Lcd_Cmd36
L__Lcd_Cmd35:
0x0076	0x1488      	BSF        LCD_D5, BitPos(LCD_D5+0)
L__Lcd_Cmd36:
;__Lib_Lcd.c,36 :: 		
0x0077	0x1849      	BTFSC      FARG_Lcd_Cmd_out_char, 0
0x0078	0x287B      	GOTO       L__Lcd_Cmd37
0x0079	0x1008      	BCF        LCD_D4, BitPos(LCD_D4+0)
0x007A	0x287C      	GOTO       L__Lcd_Cmd38
L__Lcd_Cmd37:
0x007B	0x1408      	BSF        LCD_D4, BitPos(LCD_D4+0)
L__Lcd_Cmd38:
;__Lib_Lcd.c,38 :: 		
0x007C	0x1827      	BTFSC      __Lib_Lcd_cmd_status, BitPos(__Lib_Lcd_cmd_status+0)
0x007D	0x2880      	GOTO       L__Lcd_Cmd39
0x007E	0x1608      	BSF        LCD_RS, BitPos(LCD_RS+0)
0x007F	0x2881      	GOTO       L__Lcd_Cmd40
L__Lcd_Cmd39:
0x0080	0x1208      	BCF        LCD_RS, BitPos(LCD_RS+0)
L__Lcd_Cmd40:
;__Lib_Lcd.c,40 :: 		
0x0081	0x1688      	BSF        LCD_EN, BitPos(LCD_EN+0)
;__Lib_Lcd.c,41 :: 		
0x0082	0x2018      	CALL       _Delay_1us
;__Lib_Lcd.c,42 :: 		
0x0083	0x1288      	BCF        LCD_EN, BitPos(LCD_EN+0)
;__Lib_Lcd.c,44 :: 		
0x0084	0x1C27      	BTFSS      __Lib_Lcd_cmd_status, BitPos(__Lib_Lcd_cmd_status+0)
0x0085	0x2888      	GOTO       L_Lcd_Cmd0
;__Lib_Lcd.c,45 :: 		
0x0086	0x2022      	CALL       _Delay_5500us
0x0087	0x2889      	GOTO       L_Lcd_Cmd1
L_Lcd_Cmd0:
;__Lib_Lcd.c,47 :: 		
0x0088	0x201A      	CALL       _Delay_50us
L_Lcd_Cmd1:
;__Lib_Lcd.c,48 :: 		
L_end_Lcd_Cmd:
0x0089	0x0008      	RETURN
; end of _Lcd_Cmd
_____DoICP:
;__Lib_System.c,6 :: 		
;__Lib_System.c,9 :: 		
0x008A	0x1283      	BCF        STATUS, 5
0x008B	0x1303      	BCF        STATUS, 6
0x008C	0x0829      	MOVF       ___DoICPAddr+1, 0
0x008D	0x008A      	MOVWF      PCLATH
;__Lib_System.c,10 :: 		
0x008E	0x0828      	MOVF       ___DoICPAddr, 0
0x008F	0x0082      	MOVWF      PCL
;__Lib_System.c,12 :: 		
L_end_____DoICP:
0x0090	0x0008      	RETURN
; end of _____DoICP
_WordToStr:
;__Lib_Conversions.c,98 :: 		
;__Lib_Conversions.c,103 :: 		
0x0091	0x1283      	BCF        STATUS, 5
0x0092	0x1303      	BCF        STATUS, 6
0x0093	0x01C7      	CLRF       WordToStr_len_L0
L_WordToStr11:
0x0094	0x3005      	MOVLW      5
0x0095	0x0247      	SUBWF      WordToStr_len_L0, 0
0x0096	0x1803      	BTFSC      STATUS, 0
0x0097	0x289F      	GOTO       L_WordToStr12
;__Lib_Conversions.c,104 :: 		
0x0098	0x0847      	MOVF       WordToStr_len_L0, 0
0x0099	0x0746      	ADDWF      FARG_WordToStr_output, 0
0x009A	0x0084      	MOVWF      FSR
0x009B	0x3020      	MOVLW      32
0x009C	0x0080      	MOVWF      INDF
;__Lib_Conversions.c,103 :: 		
0x009D	0x0AC7      	INCF       WordToStr_len_L0, 1
;__Lib_Conversions.c,104 :: 		
0x009E	0x2894      	GOTO       L_WordToStr11
L_WordToStr12:
;__Lib_Conversions.c,105 :: 		
0x009F	0x0847      	MOVF       WordToStr_len_L0, 0
0x00A0	0x0746      	ADDWF      FARG_WordToStr_output, 0
0x00A1	0x0084      	MOVWF      FSR
0x00A2	0x0180      	CLRF       INDF
0x00A3	0x03C7      	DECF       WordToStr_len_L0, 1
;__Lib_Conversions.c,107 :: 		
L_WordToStr14:
;__Lib_Conversions.c,108 :: 		
0x00A4	0x0847      	MOVF       WordToStr_len_L0, 0
0x00A5	0x0746      	ADDWF      FARG_WordToStr_output, 0
0x00A6	0x00C8      	MOVWF      FLOC__WordToStr
0x00A7	0x300A      	MOVLW      10
0x00A8	0x00F4      	MOVWF      R4
0x00A9	0x01F5      	CLRF       R4+1
0x00AA	0x0844      	MOVF       FARG_WordToStr_input, 0
0x00AB	0x00F0      	MOVWF      R0
0x00AC	0x0845      	MOVF       FARG_WordToStr_input+1, 0
0x00AD	0x00F1      	MOVWF      R0+1
0x00AE	0x202D      	CALL       _Div_16X16_U
0x00AF	0x0878      	MOVF       R8, 0
0x00B0	0x00F0      	MOVWF      R0
0x00B1	0x0879      	MOVF       R8+1, 0
0x00B2	0x00F1      	MOVWF      R0+1
0x00B3	0x3030      	MOVLW      48
0x00B4	0x07F0      	ADDWF      R0, 1
0x00B5	0x0848      	MOVF       FLOC__WordToStr, 0
0x00B6	0x0084      	MOVWF      FSR
0x00B7	0x0870      	MOVF       R0, 0
0x00B8	0x0080      	MOVWF      INDF
;__Lib_Conversions.c,109 :: 		
0x00B9	0x300A      	MOVLW      10
0x00BA	0x00F4      	MOVWF      R4
0x00BB	0x01F5      	CLRF       R4+1
0x00BC	0x0844      	MOVF       FARG_WordToStr_input, 0
0x00BD	0x00F0      	MOVWF      R0
0x00BE	0x0845      	MOVF       FARG_WordToStr_input+1, 0
0x00BF	0x00F1      	MOVWF      R0+1
0x00C0	0x202D      	CALL       _Div_16X16_U
0x00C1	0x0870      	MOVF       R0, 0
0x00C2	0x00C4      	MOVWF      FARG_WordToStr_input
0x00C3	0x0871      	MOVF       R0+1, 0
0x00C4	0x00C5      	MOVWF      FARG_WordToStr_input+1
;__Lib_Conversions.c,110 :: 		
0x00C5	0x3000      	MOVLW      0
0x00C6	0x0671      	XORWF      R0+1, 0
0x00C7	0x1D03      	BTFSS      STATUS, 2
0x00C8	0x28CB      	GOTO       L__WordToStr379
0x00C9	0x3000      	MOVLW      0
0x00CA	0x0670      	XORWF      R0, 0
L__WordToStr379:
0x00CB	0x1D03      	BTFSS      STATUS, 2
0x00CC	0x28CE      	GOTO       L_WordToStr16
;__Lib_Conversions.c,111 :: 		
0x00CD	0x28D0      	GOTO       L_WordToStr15
L_WordToStr16:
;__Lib_Conversions.c,112 :: 		
0x00CE	0x03C7      	DECF       WordToStr_len_L0, 1
;__Lib_Conversions.c,113 :: 		
0x00CF	0x28A4      	GOTO       L_WordToStr14
L_WordToStr15:
;__Lib_Conversions.c,114 :: 		
L_end_WordToStr:
0x00D0	0x0008      	RETURN
; end of _WordToStr
_Lcd_Chr_CP:
;__Lib_Lcd.c,50 :: 		
;__Lib_Lcd.c,52 :: 		
0x00D1	0x1283      	BCF        STATUS, 5
0x00D2	0x1303      	BCF        STATUS, 6
0x00D3	0x1027      	BCF        __Lib_Lcd_cmd_status, BitPos(__Lib_Lcd_cmd_status+0)
;__Lib_Lcd.c,53 :: 		
0x00D4	0x0844      	MOVF       FARG_Lcd_Chr_CP_out_char, 0
0x00D5	0x00C9      	MOVWF      FARG_Lcd_Cmd_out_char
0x00D6	0x204A      	CALL       _Lcd_Cmd
;__Lib_Lcd.c,54 :: 		
0x00D7	0x1427      	BSF        __Lib_Lcd_cmd_status, BitPos(__Lib_Lcd_cmd_status+0)
;__Lib_Lcd.c,55 :: 		
L_end_Lcd_Chr_CP:
0x00D8	0x0008      	RETURN
; end of _Lcd_Chr_CP
_Lcd_Out_CP:
;__Lib_Lcd.c,57 :: 		
;__Lib_Lcd.c,58 :: 		
0x00D9	0x1283      	BCF        STATUS, 5
0x00DA	0x1303      	BCF        STATUS, 6
0x00DB	0x01BC      	CLRF       Lcd_Out_CP_i_L0
;__Lib_Lcd.c,60 :: 		
L_Lcd_Out_CP2:
0x00DC	0x083C      	MOVF       Lcd_Out_CP_i_L0, 0
0x00DD	0x073B      	ADDWF      FARG_Lcd_Out_CP_text, 0
0x00DE	0x0084      	MOVWF      FSR
0x00DF	0x0800      	MOVF       INDF, 0
0x00E0	0x1903      	BTFSC      STATUS, 2
0x00E1	0x28EA      	GOTO       L_Lcd_Out_CP3
;__Lib_Lcd.c,61 :: 		
0x00E2	0x083C      	MOVF       Lcd_Out_CP_i_L0, 0
0x00E3	0x073B      	ADDWF      FARG_Lcd_Out_CP_text, 0
0x00E4	0x0084      	MOVWF      FSR
0x00E5	0x0800      	MOVF       INDF, 0
0x00E6	0x00C4      	MOVWF      FARG_Lcd_Chr_CP_out_char
0x00E7	0x20D1      	CALL       _Lcd_Chr_CP
0x00E8	0x0ABC      	INCF       Lcd_Out_CP_i_L0, 1
;__Lib_Lcd.c,62 :: 		
0x00E9	0x28DC      	GOTO       L_Lcd_Out_CP2
L_Lcd_Out_CP3:
;__Lib_Lcd.c,63 :: 		
L_end_Lcd_Out_CP:
0x00EA	0x0008      	RETURN
; end of _Lcd_Out_CP
_Lcd_Out:
;__Lib_Lcd.c,184 :: 		
;__Lib_Lcd.c,187 :: 		
0x00EB	0x28FD      	GOTO       L_Lcd_Out11
;__Lib_Lcd.c,188 :: 		
L_Lcd_Out13:
0x00EC	0x3080      	MOVLW      128
0x00ED	0x1283      	BCF        STATUS, 5
0x00EE	0x1303      	BCF        STATUS, 6
0x00EF	0x00BB      	MOVWF      FARG_Lcd_Out_row
0x00F0	0x2910      	GOTO       L_Lcd_Out12
;__Lib_Lcd.c,189 :: 		
L_Lcd_Out14:
0x00F1	0x30C0      	MOVLW      192
0x00F2	0x00BB      	MOVWF      FARG_Lcd_Out_row
0x00F3	0x2910      	GOTO       L_Lcd_Out12
;__Lib_Lcd.c,190 :: 		
L_Lcd_Out15:
0x00F4	0x3094      	MOVLW      148
0x00F5	0x00BB      	MOVWF      FARG_Lcd_Out_row
0x00F6	0x2910      	GOTO       L_Lcd_Out12
;__Lib_Lcd.c,191 :: 		
L_Lcd_Out16:
0x00F7	0x30D4      	MOVLW      212
0x00F8	0x00BB      	MOVWF      FARG_Lcd_Out_row
0x00F9	0x2910      	GOTO       L_Lcd_Out12
;__Lib_Lcd.c,192 :: 		
L_Lcd_Out17:
0x00FA	0x3080      	MOVLW      128
0x00FB	0x00BB      	MOVWF      FARG_Lcd_Out_row
;__Lib_Lcd.c,193 :: 		
0x00FC	0x2910      	GOTO       L_Lcd_Out12
L_Lcd_Out11:
0x00FD	0x1283      	BCF        STATUS, 5
0x00FE	0x1303      	BCF        STATUS, 6
0x00FF	0x083B      	MOVF       FARG_Lcd_Out_row, 0
0x0100	0x3A01      	XORLW      1
0x0101	0x1903      	BTFSC      STATUS, 2
0x0102	0x28EC      	GOTO       L_Lcd_Out13
0x0103	0x083B      	MOVF       FARG_Lcd_Out_row, 0
0x0104	0x3A02      	XORLW      2
0x0105	0x1903      	BTFSC      STATUS, 2
0x0106	0x28F1      	GOTO       L_Lcd_Out14
0x0107	0x083B      	MOVF       FARG_Lcd_Out_row, 0
0x0108	0x3A03      	XORLW      3
0x0109	0x1903      	BTFSC      STATUS, 2
0x010A	0x28F4      	GOTO       L_Lcd_Out15
0x010B	0x083B      	MOVF       FARG_Lcd_Out_row, 0
0x010C	0x3A04      	XORLW      4
0x010D	0x1903      	BTFSC      STATUS, 2
0x010E	0x28F7      	GOTO       L_Lcd_Out16
0x010F	0x28FA      	GOTO       L_Lcd_Out17
L_Lcd_Out12:
;__Lib_Lcd.c,194 :: 		
0x0110	0x033C      	DECF       FARG_Lcd_Out_column, 0
0x0111	0x00F0      	MOVWF      R0
0x0112	0x083B      	MOVF       FARG_Lcd_Out_row, 0
0x0113	0x07F0      	ADDWF      R0, 1
0x0114	0x0870      	MOVF       R0, 0
0x0115	0x00BB      	MOVWF      FARG_Lcd_Out_row
;__Lib_Lcd.c,196 :: 		
0x0116	0x0870      	MOVF       R0, 0
0x0117	0x00C9      	MOVWF      FARG_Lcd_Cmd_out_char
0x0118	0x204A      	CALL       _Lcd_Cmd
;__Lib_Lcd.c,197 :: 		
0x0119	0x1027      	BCF        __Lib_Lcd_cmd_status, BitPos(__Lib_Lcd_cmd_status+0)
;__Lib_Lcd.c,198 :: 		
0x011A	0x01BE      	CLRF       Lcd_Out_i_L0
;__Lib_Lcd.c,199 :: 		
L_Lcd_Out18:
0x011B	0x083E      	MOVF       Lcd_Out_i_L0, 0
0x011C	0x073D      	ADDWF      FARG_Lcd_Out_text, 0
0x011D	0x0084      	MOVWF      FSR
0x011E	0x0800      	MOVF       INDF, 0
0x011F	0x1903      	BTFSC      STATUS, 2
0x0120	0x2929      	GOTO       L_Lcd_Out19
;__Lib_Lcd.c,200 :: 		
0x0121	0x083E      	MOVF       Lcd_Out_i_L0, 0
0x0122	0x073D      	ADDWF      FARG_Lcd_Out_text, 0
0x0123	0x0084      	MOVWF      FSR
0x0124	0x0800      	MOVF       INDF, 0
0x0125	0x00C4      	MOVWF      FARG_Lcd_Chr_CP_out_char
0x0126	0x20D1      	CALL       _Lcd_Chr_CP
0x0127	0x0ABE      	INCF       Lcd_Out_i_L0, 1
0x0128	0x291B      	GOTO       L_Lcd_Out18
L_Lcd_Out19:
;__Lib_Lcd.c,201 :: 		
0x0129	0x1427      	BSF        __Lib_Lcd_cmd_status, BitPos(__Lib_Lcd_cmd_status+0)
;__Lib_Lcd.c,202 :: 		
L_end_Lcd_Out:
0x012A	0x0008      	RETURN
; end of _Lcd_Out
_IntToStr:
;__Lib_Conversions.c,195 :: 		
;__Lib_Conversions.c,201 :: 		
0x012B	0x1283      	BCF        STATUS, 5
0x012C	0x1303      	BCF        STATUS, 6
0x012D	0x01C0      	CLRF       IntToStr_negative_L0
0x012E	0x01C1      	CLRF       IntToStr_negative_L0+1
;__Lib_Conversions.c,202 :: 		
0x012F	0x083B      	MOVF       FARG_IntToStr_input, 0
0x0130	0x00C2      	MOVWF      IntToStr_inword_L0
0x0131	0x083C      	MOVF       FARG_IntToStr_input+1, 0
0x0132	0x00C3      	MOVWF      IntToStr_inword_L0+1
;__Lib_Conversions.c,203 :: 		
0x0133	0x3080      	MOVLW      128
0x0134	0x063C      	XORWF      FARG_IntToStr_input+1, 0
0x0135	0x00F0      	MOVWF      R0
0x0136	0x3080      	MOVLW      128
0x0137	0x0270      	SUBWF      R0, 0
0x0138	0x1D03      	BTFSS      STATUS, 2
0x0139	0x293C      	GOTO       L__IntToStr387
0x013A	0x3000      	MOVLW      0
0x013B	0x023B      	SUBWF      FARG_IntToStr_input, 0
L__IntToStr387:
0x013C	0x1803      	BTFSC      STATUS, 0
0x013D	0x294A      	GOTO       L_IntToStr37
;__Lib_Conversions.c,204 :: 		
0x013E	0x3001      	MOVLW      1
0x013F	0x00C0      	MOVWF      IntToStr_negative_L0
0x0140	0x3000      	MOVLW      0
0x0141	0x00C1      	MOVWF      IntToStr_negative_L0+1
;__Lib_Conversions.c,205 :: 		
0x0142	0x083B      	MOVF       FARG_IntToStr_input, 0
0x0143	0x3C00      	SUBLW      0
0x0144	0x00C2      	MOVWF      IntToStr_inword_L0
0x0145	0x083C      	MOVF       FARG_IntToStr_input+1, 0
0x0146	0x1C03      	BTFSS      STATUS, 0
0x0147	0x3E01      	ADDLW      1
0x0148	0x01C3      	CLRF       IntToStr_inword_L0+1
0x0149	0x02C3      	SUBWF      IntToStr_inword_L0+1, 1
;__Lib_Conversions.c,206 :: 		
L_IntToStr37:
;__Lib_Conversions.c,207 :: 		
0x014A	0x0842      	MOVF       IntToStr_inword_L0, 0
0x014B	0x00C4      	MOVWF      FARG_WordToStr_input
0x014C	0x0843      	MOVF       IntToStr_inword_L0+1, 0
0x014D	0x00C5      	MOVWF      FARG_WordToStr_input+1
0x014E	0x083D      	MOVF       FARG_IntToStr_output, 0
0x014F	0x00C6      	MOVWF      FARG_WordToStr_output
0x0150	0x2091      	CALL       _WordToStr
;__Lib_Conversions.c,209 :: 		
0x0151	0x3006      	MOVLW      6
0x0152	0x00BE      	MOVWF      IntToStr_i_L0
0x0153	0x3000      	MOVLW      0
0x0154	0x00BF      	MOVWF      IntToStr_i_L0+1
;__Lib_Conversions.c,210 :: 		
L_IntToStr38:
0x0155	0x083F      	MOVF       IntToStr_i_L0+1, 0
0x0156	0x3C00      	SUBLW      0
0x0157	0x1D03      	BTFSS      STATUS, 2
0x0158	0x295B      	GOTO       L__IntToStr388
0x0159	0x083E      	MOVF       IntToStr_i_L0, 0
0x015A	0x3C00      	SUBLW      0
L__IntToStr388:
0x015B	0x1803      	BTFSC      STATUS, 0
0x015C	0x2976      	GOTO       L_IntToStr39
;__Lib_Conversions.c,211 :: 		
0x015D	0x083E      	MOVF       IntToStr_i_L0, 0
0x015E	0x073D      	ADDWF      FARG_IntToStr_output, 0
0x015F	0x00F2      	MOVWF      R2
0x0160	0x3001      	MOVLW      1
0x0161	0x023E      	SUBWF      IntToStr_i_L0, 0
0x0162	0x00F0      	MOVWF      R0
0x0163	0x3000      	MOVLW      0
0x0164	0x1C03      	BTFSS      STATUS, 0
0x0165	0x3E01      	ADDLW      1
0x0166	0x023F      	SUBWF      IntToStr_i_L0+1, 0
0x0167	0x00F1      	MOVWF      R0+1
0x0168	0x0870      	MOVF       R0, 0
0x0169	0x073D      	ADDWF      FARG_IntToStr_output, 0
0x016A	0x0084      	MOVWF      FSR
0x016B	0x0800      	MOVF       INDF, 0
0x016C	0x00F0      	MOVWF      R0
0x016D	0x0872      	MOVF       R2, 0
0x016E	0x0084      	MOVWF      FSR
0x016F	0x0870      	MOVF       R0, 0
0x0170	0x0080      	MOVWF      INDF
;__Lib_Conversions.c,212 :: 		
0x0171	0x3001      	MOVLW      1
0x0172	0x02BE      	SUBWF      IntToStr_i_L0, 1
0x0173	0x1C03      	BTFSS      STATUS, 0
0x0174	0x03BF      	DECF       IntToStr_i_L0+1, 1
;__Lib_Conversions.c,213 :: 		
0x0175	0x2955      	GOTO       L_IntToStr38
L_IntToStr39:
;__Lib_Conversions.c,214 :: 		
0x0176	0x083D      	MOVF       FARG_IntToStr_output, 0
0x0177	0x0084      	MOVWF      FSR
0x0178	0x3020      	MOVLW      32
0x0179	0x0080      	MOVWF      INDF
;__Lib_Conversions.c,215 :: 		
0x017A	0x0840      	MOVF       IntToStr_negative_L0, 0
0x017B	0x0441      	IORWF      IntToStr_negative_L0+1, 0
0x017C	0x1903      	BTFSC      STATUS, 2
0x017D	0x2994      	GOTO       L_IntToStr40
;__Lib_Conversions.c,216 :: 		
0x017E	0x01BE      	CLRF       IntToStr_i_L0
0x017F	0x01BF      	CLRF       IntToStr_i_L0+1
;__Lib_Conversions.c,217 :: 		
L_IntToStr41:
0x0180	0x083E      	MOVF       IntToStr_i_L0, 0
0x0181	0x073D      	ADDWF      FARG_IntToStr_output, 0
0x0182	0x0084      	MOVWF      FSR
0x0183	0x0800      	MOVF       INDF, 0
0x0184	0x3A20      	XORLW      32
0x0185	0x1D03      	BTFSS      STATUS, 2
0x0186	0x298B      	GOTO       L_IntToStr42
0x0187	0x0ABE      	INCF       IntToStr_i_L0, 1
0x0188	0x1903      	BTFSC      STATUS, 2
0x0189	0x0ABF      	INCF       IntToStr_i_L0+1, 1
0x018A	0x2980      	GOTO       L_IntToStr41
L_IntToStr42:
;__Lib_Conversions.c,218 :: 		
0x018B	0x3001      	MOVLW      1
0x018C	0x02BE      	SUBWF      IntToStr_i_L0, 1
0x018D	0x1C03      	BTFSS      STATUS, 0
0x018E	0x03BF      	DECF       IntToStr_i_L0+1, 1
;__Lib_Conversions.c,219 :: 		
0x018F	0x083E      	MOVF       IntToStr_i_L0, 0
0x0190	0x073D      	ADDWF      FARG_IntToStr_output, 0
0x0191	0x0084      	MOVWF      FSR
0x0192	0x302D      	MOVLW      45
0x0193	0x0080      	MOVWF      INDF
L_IntToStr40:
;__Lib_Conversions.c,220 :: 		
L_end_IntToStr:
0x0194	0x0008      	RETURN
; end of _IntToStr
_Lcd_Init:
;__Lib_Lcd.c,84 :: 		
;__Lib_Lcd.c,86 :: 		
0x0195	0x1683      	BSF        STATUS, 5
0x0196	0x1303      	BCF        STATUS, 6
0x0197	0x1288      	BCF        LCD_EN_Direction, BitPos(LCD_EN_Direction+0)
;__Lib_Lcd.c,87 :: 		
0x0198	0x1208      	BCF        LCD_RS_Direction, BitPos(LCD_RS_Direction+0)
;__Lib_Lcd.c,88 :: 		
0x0199	0x1008      	BCF        LCD_D4_Direction, BitPos(LCD_D4_Direction+0)
;__Lib_Lcd.c,89 :: 		
0x019A	0x1088      	BCF        LCD_D5_Direction, BitPos(LCD_D5_Direction+0)
;__Lib_Lcd.c,90 :: 		
0x019B	0x1108      	BCF        LCD_D6_Direction, BitPos(LCD_D6_Direction+0)
;__Lib_Lcd.c,91 :: 		
0x019C	0x1188      	BCF        LCD_D7_Direction, BitPos(LCD_D7_Direction+0)
;__Lib_Lcd.c,93 :: 		
0x019D	0x1283      	BCF        STATUS, 5
0x019E	0x1288      	BCF        LCD_EN, BitPos(LCD_EN+0)
;__Lib_Lcd.c,94 :: 		
0x019F	0x1208      	BCF        LCD_RS, BitPos(LCD_RS+0)
;__Lib_Lcd.c,95 :: 		
0x01A0	0x1188      	BCF        LCD_D7, BitPos(LCD_D7+0)
;__Lib_Lcd.c,96 :: 		
0x01A1	0x1108      	BCF        LCD_D6, BitPos(LCD_D6+0)
;__Lib_Lcd.c,97 :: 		
0x01A2	0x1088      	BCF        LCD_D5, BitPos(LCD_D5+0)
;__Lib_Lcd.c,98 :: 		
0x01A3	0x1008      	BCF        LCD_D4, BitPos(LCD_D4+0)
;__Lib_Lcd.c,100 :: 		
0x01A4	0x2022      	CALL       _Delay_5500us
;__Lib_Lcd.c,101 :: 		
0x01A5	0x2022      	CALL       _Delay_5500us
;__Lib_Lcd.c,102 :: 		
0x01A6	0x2022      	CALL       _Delay_5500us
;__Lib_Lcd.c,105 :: 		
0x01A7	0x1488      	BSF        LCD_D5, BitPos(LCD_D5+0)
;__Lib_Lcd.c,106 :: 		
0x01A8	0x1408      	BSF        LCD_D4, BitPos(LCD_D4+0)
;__Lib_Lcd.c,107 :: 		
0x01A9	0x1688      	BSF        LCD_EN, BitPos(LCD_EN+0)
;__Lib_Lcd.c,108 :: 		
0x01AA	0x2018      	CALL       _Delay_1us
;__Lib_Lcd.c,109 :: 		
0x01AB	0x1288      	BCF        LCD_EN, BitPos(LCD_EN+0)
;__Lib_Lcd.c,110 :: 		
0x01AC	0x2022      	CALL       _Delay_5500us
;__Lib_Lcd.c,112 :: 		
0x01AD	0x1688      	BSF        LCD_EN, BitPos(LCD_EN+0)
;__Lib_Lcd.c,113 :: 		
0x01AE	0x2018      	CALL       _Delay_1us
;__Lib_Lcd.c,114 :: 		
0x01AF	0x1288      	BCF        LCD_EN, BitPos(LCD_EN+0)
;__Lib_Lcd.c,115 :: 		
0x01B0	0x2022      	CALL       _Delay_5500us
;__Lib_Lcd.c,117 :: 		
0x01B1	0x1688      	BSF        LCD_EN, BitPos(LCD_EN+0)
;__Lib_Lcd.c,118 :: 		
0x01B2	0x2018      	CALL       _Delay_1us
;__Lib_Lcd.c,119 :: 		
0x01B3	0x1288      	BCF        LCD_EN, BitPos(LCD_EN+0)
;__Lib_Lcd.c,120 :: 		
0x01B4	0x2022      	CALL       _Delay_5500us
;__Lib_Lcd.c,123 :: 		
0x01B5	0x1008      	BCF        LCD_D4, BitPos(LCD_D4+0)
;__Lib_Lcd.c,124 :: 		
0x01B6	0x1688      	BSF        LCD_EN, BitPos(LCD_EN+0)
;__Lib_Lcd.c,125 :: 		
0x01B7	0x2018      	CALL       _Delay_1us
;__Lib_Lcd.c,126 :: 		
0x01B8	0x1288      	BCF        LCD_EN, BitPos(LCD_EN+0)
;__Lib_Lcd.c,127 :: 		
0x01B9	0x2022      	CALL       _Delay_5500us
;__Lib_Lcd.c,130 :: 		
0x01BA	0x1688      	BSF        LCD_EN, BitPos(LCD_EN+0)
;__Lib_Lcd.c,131 :: 		
0x01BB	0x2018      	CALL       _Delay_1us
;__Lib_Lcd.c,132 :: 		
0x01BC	0x1288      	BCF        LCD_EN, BitPos(LCD_EN+0)
;__Lib_Lcd.c,134 :: 		
0x01BD	0x1088      	BCF        LCD_D5, BitPos(LCD_D5+0)
;__Lib_Lcd.c,135 :: 		
0x01BE	0x1588      	BSF        LCD_D7, BitPos(LCD_D7+0)
;__Lib_Lcd.c,136 :: 		
0x01BF	0x1688      	BSF        LCD_EN, BitPos(LCD_EN+0)
;__Lib_Lcd.c,137 :: 		
0x01C0	0x2018      	CALL       _Delay_1us
;__Lib_Lcd.c,138 :: 		
0x01C1	0x1288      	BCF        LCD_EN, BitPos(LCD_EN+0)
;__Lib_Lcd.c,139 :: 		
0x01C2	0x2022      	CALL       _Delay_5500us
;__Lib_Lcd.c,142 :: 		
0x01C3	0x1188      	BCF        LCD_D7, BitPos(LCD_D7+0)
;__Lib_Lcd.c,143 :: 		
0x01C4	0x1408      	BSF        LCD_D4, BitPos(LCD_D4+0)
;__Lib_Lcd.c,144 :: 		
0x01C5	0x1688      	BSF        LCD_EN, BitPos(LCD_EN+0)
;__Lib_Lcd.c,145 :: 		
0x01C6	0x2018      	CALL       _Delay_1us
;__Lib_Lcd.c,146 :: 		
0x01C7	0x1288      	BCF        LCD_EN, BitPos(LCD_EN+0)
;__Lib_Lcd.c,148 :: 		
0x01C8	0x1008      	BCF        LCD_D4, BitPos(LCD_D4+0)
;__Lib_Lcd.c,149 :: 		
0x01C9	0x1688      	BSF        LCD_EN, BitPos(LCD_EN+0)
;__Lib_Lcd.c,150 :: 		
0x01CA	0x2018      	CALL       _Delay_1us
;__Lib_Lcd.c,151 :: 		
0x01CB	0x1288      	BCF        LCD_EN, BitPos(LCD_EN+0)
;__Lib_Lcd.c,152 :: 		
0x01CC	0x2022      	CALL       _Delay_5500us
;__Lib_Lcd.c,155 :: 		
0x01CD	0x1688      	BSF        LCD_EN, BitPos(LCD_EN+0)
;__Lib_Lcd.c,156 :: 		
0x01CE	0x2018      	CALL       _Delay_1us
;__Lib_Lcd.c,157 :: 		
0x01CF	0x1288      	BCF        LCD_EN, BitPos(LCD_EN+0)
;__Lib_Lcd.c,159 :: 		
0x01D0	0x1408      	BSF        LCD_D4, BitPos(LCD_D4+0)
;__Lib_Lcd.c,160 :: 		
0x01D1	0x1688      	BSF        LCD_EN, BitPos(LCD_EN+0)
;__Lib_Lcd.c,161 :: 		
0x01D2	0x2018      	CALL       _Delay_1us
;__Lib_Lcd.c,162 :: 		
0x01D3	0x1288      	BCF        LCD_EN, BitPos(LCD_EN+0)
;__Lib_Lcd.c,163 :: 		
0x01D4	0x2022      	CALL       _Delay_5500us
;__Lib_Lcd.c,166 :: 		
0x01D5	0x1008      	BCF        LCD_D4, BitPos(LCD_D4+0)
;__Lib_Lcd.c,167 :: 		
0x01D6	0x1688      	BSF        LCD_EN, BitPos(LCD_EN+0)
;__Lib_Lcd.c,168 :: 		
0x01D7	0x2018      	CALL       _Delay_1us
;__Lib_Lcd.c,169 :: 		
0x01D8	0x1288      	BCF        LCD_EN, BitPos(LCD_EN+0)
;__Lib_Lcd.c,171 :: 		
0x01D9	0x1588      	BSF        LCD_D7, BitPos(LCD_D7+0)
;__Lib_Lcd.c,172 :: 		
0x01DA	0x1508      	BSF        LCD_D6, BitPos(LCD_D6+0)
;__Lib_Lcd.c,173 :: 		
0x01DB	0x1488      	BSF        LCD_D5, BitPos(LCD_D5+0)
;__Lib_Lcd.c,174 :: 		
0x01DC	0x1408      	BSF        LCD_D4, BitPos(LCD_D4+0)
;__Lib_Lcd.c,175 :: 		
0x01DD	0x1688      	BSF        LCD_EN, BitPos(LCD_EN+0)
;__Lib_Lcd.c,176 :: 		
0x01DE	0x2018      	CALL       _Delay_1us
;__Lib_Lcd.c,177 :: 		
0x01DF	0x1288      	BCF        LCD_EN, BitPos(LCD_EN+0)
;__Lib_Lcd.c,179 :: 		
0x01E0	0x2022      	CALL       _Delay_5500us
;__Lib_Lcd.c,181 :: 		
0x01E1	0x1427      	BSF        __Lib_Lcd_cmd_status, BitPos(__Lib_Lcd_cmd_status+0)
;__Lib_Lcd.c,182 :: 		
L_end_Lcd_Init:
0x01E2	0x0008      	RETURN
; end of _Lcd_Init
___CC2DW:
;__Lib_System.c,134 :: 		
;__Lib_System.c,137 :: 		
_CC2D_Loop1:
;__Lib_System.c,139 :: 		
0x01E3	0x208A      	CALL       _____DoICP
0x01E4	0x118A      	BCF        PCLATH, 3
0x01E5	0x120A      	BCF        PCLATH, 4
;__Lib_System.c,141 :: 		
0x01E6	0x0080      	MOVWF      INDF
;__Lib_System.c,142 :: 		
0x01E7	0x0A84      	INCF       FSR, 1
;__Lib_System.c,143 :: 		
0x01E8	0x0AA8      	INCF       ___DoICPAddr, 1
;__Lib_System.c,145 :: 		
0x01E9	0x1903      	BTFSC      STATUS, 2
;__Lib_System.c,146 :: 		
0x01EA	0x0AA9      	INCF       ___DoICPAddr+1, 1
;__Lib_System.c,147 :: 		
0x01EB	0x03F0      	DECF       R0, 1
;__Lib_System.c,149 :: 		
0x01EC	0x1D03      	BTFSS      STATUS, 2
;__Lib_System.c,150 :: 		
0x01ED	0x29E3      	GOTO       _CC2D_Loop1
;__Lib_System.c,152 :: 		
L_end___CC2DW:
0x01EE	0x0008      	RETURN
; end of ___CC2DW
_main:
0x01EF	0x1283      	BCF        STATUS, 5
0x01F0	0x1303      	BCF        STATUS, 6
0x01F1	0x01A0      	CLRF       _printf
0x01F2	0x01A1      	CLRF       _ctrl
0x01F3	0x01A2      	CLRF       _text
0x01F4	0x01A3      	CLRF       35
0x01F5	0x01A4      	CLRF       36
0x01F6	0x01A5      	CLRF       37
0x01F7	0x01A6      	CLRF       38
;frecunciometro.c,33 :: 		int main(void)
;frecunciometro.c,36 :: 		TRISC = 0x00;
0x01F8	0x1683      	BSF        STATUS, 5
0x01F9	0x0187      	CLRF       TRISC
;frecunciometro.c,37 :: 		PORTC = 0x00;         //se inicializa el puerto c e 0
0x01FA	0x1283      	BCF        STATUS, 5
0x01FB	0x0187      	CLRF       PORTC
;frecunciometro.c,38 :: 		OPTION_REG = 0x24;    //configurando timer0 como temporizador con un preescalador de 1:32
0x01FC	0x3024      	MOVLW      36
0x01FD	0x1683      	BSF        STATUS, 5
0x01FE	0x0081      	MOVWF      OPTION_REG
;frecunciometro.c,39 :: 		T1CON  = 0x03;        //configurando timer1 como contador
0x01FF	0x3003      	MOVLW      3
0x0200	0x1283      	BCF        STATUS, 5
0x0201	0x0090      	MOVWF      T1CON
;frecunciometro.c,40 :: 		TMR0   = 0;           //inicializando timer0 en 0 para segurar que este limpio
0x0202	0x0181      	CLRF       TMR0
;frecunciometro.c,41 :: 		OPTION_REG.T0CS = 0;  //se habilita el timer 0
0x0203	0x1683      	BSF        STATUS, 5
0x0204	0x1281      	BCF        OPTION_REG, 5
;frecunciometro.c,42 :: 		INTCON =   0xE0;      //habilitando las interrupciones del timer0
0x0205	0x30E0      	MOVLW      224
0x0206	0x008B      	MOVWF      INTCON
;frecunciometro.c,43 :: 		TMR1H  = 0xFF;        //registro de los primeros 8 bits del timer1 se llena ya que solo trabajaremos con TMR1L
0x0207	0x30FF      	MOVLW      255
0x0208	0x1283      	BCF        STATUS, 5
0x0209	0x008F      	MOVWF      TMR1H
;frecunciometro.c,44 :: 		TMR1L  = 0x00;        //registro de los segiundos 8 bits del timer1
0x020A	0x018E      	CLRF       TMR1L
;frecunciometro.c,46 :: 		Lcd_Init();                        // Initialize LCD
0x020B	0x2195      	CALL       _Lcd_Init
;frecunciometro.c,47 :: 		Lcd_Cmd(_LCD_CLEAR);               // Clear display
0x020C	0x3001      	MOVLW      1
0x020D	0x00C9      	MOVWF      FARG_Lcd_Cmd_out_char
0x020E	0x204A      	CALL       _Lcd_Cmd
;frecunciometro.c,48 :: 		Lcd_Cmd(_LCD_CURSOR_OFF);          // Cursor off
0x020F	0x300C      	MOVLW      12
0x0210	0x00C9      	MOVWF      FARG_Lcd_Cmd_out_char
0x0211	0x204A      	CALL       _Lcd_Cmd
;frecunciometro.c,49 :: 		Lcd_Out(2,5,"FRECUENCIA:");        // Write text in second row
0x0212	0x3002      	MOVLW      2
0x0213	0x00BB      	MOVWF      FARG_Lcd_Out_row
0x0214	0x3005      	MOVLW      5
0x0215	0x00BC      	MOVWF      FARG_Lcd_Out_column
0x0216	0x3046      	MOVLW      70
0x0217	0x00AC      	MOVWF      ?lstr1_frecunciometro
0x0218	0x3052      	MOVLW      82
0x0219	0x00AD      	MOVWF      ?lstr1_frecunciometro+1
0x021A	0x3045      	MOVLW      69
0x021B	0x00AE      	MOVWF      ?lstr1_frecunciometro+2
0x021C	0x3043      	MOVLW      67
0x021D	0x00AF      	MOVWF      ?lstr1_frecunciometro+3
0x021E	0x3055      	MOVLW      85
0x021F	0x00B0      	MOVWF      ?lstr1_frecunciometro+4
0x0220	0x3045      	MOVLW      69
0x0221	0x00B1      	MOVWF      ?lstr1_frecunciometro+5
0x0222	0x304E      	MOVLW      78
0x0223	0x00B2      	MOVWF      ?lstr1_frecunciometro+6
0x0224	0x3043      	MOVLW      67
0x0225	0x00B3      	MOVWF      ?lstr1_frecunciometro+7
0x0226	0x3049      	MOVLW      73
0x0227	0x00B4      	MOVWF      ?lstr1_frecunciometro+8
0x0228	0x3041      	MOVLW      65
0x0229	0x00B5      	MOVWF      ?lstr1_frecunciometro+9
0x022A	0x303A      	MOVLW      58
0x022B	0x00B6      	MOVWF      ?lstr1_frecunciometro+10
0x022C	0x01B7      	CLRF       ?lstr1_frecunciometro+11
0x022D	0x302C      	MOVLW      ?lstr1_frecunciometro
0x022E	0x00BD      	MOVWF      FARG_Lcd_Out_text
0x022F	0x20EB      	CALL       _Lcd_Out
;frecunciometro.c,51 :: 		while(1)
L_main1:
;frecunciometro.c,60 :: 		if (ctrl==123)
0x0230	0x0821      	MOVF       _ctrl, 0
0x0231	0x3A7B      	XORLW      123
0x0232	0x1D03      	BTFSS      STATUS, 2
0x0233	0x2A36      	GOTO       L_main3
;frecunciometro.c,62 :: 		printf=1;
0x0234	0x3001      	MOVLW      1
0x0235	0x00A0      	MOVWF      _printf
;frecunciometro.c,63 :: 		}
L_main3:
;frecunciometro.c,64 :: 		if (printf==1)
0x0236	0x0820      	MOVF       _printf, 0
0x0237	0x3A01      	XORLW      1
0x0238	0x1D03      	BTFSS      STATUS, 2
0x0239	0x2A54      	GOTO       L_main4
;frecunciometro.c,66 :: 		IntToStr(TMR1L, text); //imprimimos el valor acumulado en TIM1L
0x023A	0x080E      	MOVF       TMR1L, 0
0x023B	0x00BB      	MOVWF      FARG_IntToStr_input
0x023C	0x01BC      	CLRF       FARG_IntToStr_input+1
0x023D	0x3022      	MOVLW      _text
0x023E	0x00BD      	MOVWF      FARG_IntToStr_output
0x023F	0x212B      	CALL       _IntToStr
;frecunciometro.c,67 :: 		Lcd_Out(3,5,text);
0x0240	0x3003      	MOVLW      3
0x0241	0x00BB      	MOVWF      FARG_Lcd_Out_row
0x0242	0x3005      	MOVLW      5
0x0243	0x00BC      	MOVWF      FARG_Lcd_Out_column
0x0244	0x3022      	MOVLW      _text
0x0245	0x00BD      	MOVWF      FARG_Lcd_Out_text
0x0246	0x20EB      	CALL       _Lcd_Out
;frecunciometro.c,68 :: 		Lcd_Out_CP("HZ");
0x0247	0x3048      	MOVLW      72
0x0248	0x00B8      	MOVWF      ?lstr2_frecunciometro
0x0249	0x305A      	MOVLW      90
0x024A	0x00B9      	MOVWF      ?lstr2_frecunciometro+1
0x024B	0x01BA      	CLRF       ?lstr2_frecunciometro+2
0x024C	0x3038      	MOVLW      ?lstr2_frecunciometro
0x024D	0x00BB      	MOVWF      FARG_Lcd_Out_CP_text
0x024E	0x20D9      	CALL       _Lcd_Out_CP
;frecunciometro.c,69 :: 		return 1;
0x024F	0x3001      	MOVLW      1
0x0250	0x00F0      	MOVWF      R0
0x0251	0x3000      	MOVLW      0
0x0252	0x00F1      	MOVWF      R0+1
0x0253	0x2A55      	GOTO       L_end_main
;frecunciometro.c,70 :: 		}
L_main4:
;frecunciometro.c,71 :: 		}
0x0254	0x2A30      	GOTO       L_main1
;frecunciometro.c,72 :: 		}
L_end_main:
0x0255	0x2A55      	GOTO       $+0
; end of _main
Symbol List:
//** Routines locations **
//ADDRESS    SIZE    PROCEDURE
//----------------------------------------------
0x0004      [20]    _interrupt
0x0018       [2]    _Delay_1us
0x001A       [8]    _Delay_50us
0x0022      [11]    _Delay_5500us
0x002D      [29]    _Div_16X16_U
0x004A      [64]    _Lcd_Cmd
0x008A       [7]    _____DoICP
0x0091      [64]    _WordToStr
0x00D1       [8]    _Lcd_Chr_CP
0x00D9      [18]    _Lcd_Out_CP
0x00EB      [64]    _Lcd_Out
0x012B     [106]    _IntToStr
0x0195      [78]    _Lcd_Init
0x01E3      [12]    ___CC2DW
0x01EF     [103]    _main
//** Variables locations ** 
//ADDRESS    SIZE    VARIABLE
//----------------------------------------------
0x0000       [1]    INDF
0x0001       [1]    TMR0
0x0002       [1]    PCL
0x0003       [1]    STATUS
0x0004       [1]    FSR
0x0007       [1]    PORTC
0x0008       [0]    RD3_bit
0x0008       [0]    RD2_bit
0x0008       [0]    RD0_bit
0x0008       [0]    LCD_D7
0x0008       [0]    RD1_bit
0x0008       [0]    RD4_bit
0x0008       [0]    RD5_bit
0x0008       [0]    LCD_RS
0x0008       [0]    LCD_D4
0x0008       [0]    LCD_EN
0x0008       [0]    LCD_D6
0x0008       [0]    LCD_D5
0x000A       [1]    PCLATH
0x000B       [1]    INTCON
0x000E       [1]    TMR1L
0x000F       [1]    TMR1H
0x0010       [1]    T1CON
0x0020       [1]    _printf
0x0021       [1]    _ctrl
0x0022       [5]    _text
0x0027       [0]    __Lib_Lcd_cmd_status
0x0028       [2]    ___DoICPAddr
0x002A       [1]    ___saveSTATUS
0x002B       [1]    ___savePCLATH
0x002C      [12]    ?lstr1_frecunciometro
0x0038       [3]    ?lstr2_frecunciometro
0x003B       [2]    FARG_IntToStr_input
0x003B       [1]    FARG_Lcd_Out_CP_text
0x003B       [1]    FARG_Lcd_Out_row
0x003C       [1]    FARG_Lcd_Out_column
0x003C       [1]    Lcd_Out_CP_i_L0
0x003D       [1]    FARG_Lcd_Out_text
0x003D       [1]    FARG_IntToStr_output
0x003E       [2]    IntToStr_i_L0
0x003E       [1]    Lcd_Out_i_L0
0x0040       [2]    IntToStr_negative_L0
0x0042       [2]    IntToStr_inword_L0
0x0044       [1]    FARG_Lcd_Chr_CP_out_char
0x0044       [2]    FARG_WordToStr_input
0x0046       [1]    FARG_WordToStr_output
0x0047       [1]    WordToStr_len_L0
0x0048       [1]    FLOC__WordToStr
0x0049       [1]    FARG_Lcd_Cmd_out_char
0x0070       [1]    R0
0x0071       [1]    R1
0x0072       [1]    R2
0x0073       [1]    R3
0x0074       [1]    R4
0x0075       [1]    R5
0x0076       [1]    R6
0x0077       [1]    R7
0x0078       [1]    R8
0x0079       [1]    R9
0x007A       [1]    R10
0x007B       [1]    R11
0x007C       [1]    R12
0x007D       [1]    R13
0x007E       [1]    R14
0x007F       [1]    R15
0x0081       [1]    OPTION_REG
0x0087       [1]    TRISC
0x0088       [0]    LCD_D7_Direction
0x0088       [0]    LCD_D6_Direction
0x0088       [0]    TRISD0_bit
0x0088       [0]    LCD_EN_Direction
0x0088       [0]    LCD_RS_Direction
0x0088       [0]    LCD_D4_Direction
0x0088       [0]    LCD_D5_Direction
0x0088       [0]    TRISD3_bit
0x0088       [0]    TRISD5_bit
0x0088       [0]    TRISD2_bit
0x0088       [0]    TRISD1_bit
0x0088       [0]    TRISD4_bit
