;  LST file generated by mikroListExporter - v.2.0 
; Date/Time: 18/12/2020 09:12:44
;----------------------------------------------

;Address Opcode 	ASM
0x0000	0xF000EF80  	GOTO        256
0x0004	0x0000      	NOP
0x0006	0x0000      	NOP
0x0008	0xF000EF00  	GOTO        0
0x000C	0x0000      	NOP
0x000E	0x0000      	NOP
0x0010	0x0000      	NOP
0x0012	0x0000      	NOP
0x0014	0x0000      	NOP
0x0016	0x0000      	NOP
0x0018	0xD7F3      	BRA         0
_UART1_Write:
;__Lib_UART_c67.c,58 :: 		
;__Lib_UART_c67.c,59 :: 		
L_UART1_Write3:
0x001C	0xB2AC      	BTFSC       TXSTA, 1 
0x001E	0xD002      	BRA         L_UART1_Write4
;__Lib_UART_c67.c,60 :: 		
0x0020	0x0000      	NOP
0x0022	0xD7FC      	BRA         L_UART1_Write3
L_UART1_Write4:
;__Lib_UART_c67.c,61 :: 		
0x0024	0xFFADC113  	MOVFF       FARG_UART1_Write_data_, TXREG
;__Lib_UART_c67.c,62 :: 		
L_end_UART1_Write:
0x0028	0x0012      	RETURN      0
; end of _UART1_Write
_UART1_Write_Text:
;__Lib_UART_c67.c,66 :: 		
;__Lib_UART_c67.c,67 :: 		
0x002A	0x0101      	MOVLB       1
0x002C	0x6B12      	CLRF        UART1_Write_Text_counter_L0, 1
;__Lib_UART_c67.c,69 :: 		
0x002E	0xFFE9C10F  	MOVFF       FARG_UART1_Write_Text_uart_text, FSR0L
0x0032	0xFFEAC110  	MOVFF       FARG_UART1_Write_Text_uart_text+1, FSR0H
0x0036	0xF111CFEE  	MOVFF       POSTINC0, UART1_Write_Text_data__L0
;__Lib_UART_c67.c,70 :: 		
L_UART1_Write_Text5:
0x003A	0x5111      	MOVF        UART1_Write_Text_data__L0, 0, 1
0x003C	0x0A00      	XORLW       0
0x003E	0xE00E      	BZ          L_UART1_Write_Text6
;__Lib_UART_c67.c,71 :: 		
0x0040	0xF113C111  	MOVFF       UART1_Write_Text_data__L0, FARG_UART1_Write_data_
0x0044	0xDFEB      	RCALL       _UART1_Write
;__Lib_UART_c67.c,72 :: 		
0x0046	0x0101      	MOVLB       1
0x0048	0x2B12      	INCF        UART1_Write_Text_counter_L0, 1, 1
;__Lib_UART_c67.c,73 :: 		
0x004A	0x5112      	MOVF        UART1_Write_Text_counter_L0, 0, 1
0x004C	0x250F      	ADDWF       FARG_UART1_Write_Text_uart_text, 0, 1
0x004E	0x6EE9      	MOVWF       FSR0L 
0x0050	0x0E00      	MOVLW       0
0x0052	0x2110      	ADDWFC      FARG_UART1_Write_Text_uart_text+1, 0, 1
0x0054	0x6EEA      	MOVWF       FSR0L+1 
0x0056	0xF111CFEE  	MOVFF       POSTINC0, UART1_Write_Text_data__L0
;__Lib_UART_c67.c,74 :: 		
0x005A	0xD7EF      	BRA         L_UART1_Write_Text5
L_UART1_Write_Text6:
;__Lib_UART_c67.c,75 :: 		
L_end_UART1_Write_Text:
0x005C	0x0012      	RETURN      0
; end of _UART1_Write_Text
_____DoIFC:
;__Lib_System.c,93 :: 		
;__Lib_System.c,94 :: 		
0x005E	0x50F2      	MOVF        INTCON, 0, 0
;__Lib_System.c,95 :: 		
0x0060	0x6E02      	MOVWF       R2, 0
;__Lib_System.c,96 :: 		
0x0062	0x9EF2      	BCF         INTCON, 7 
;__Lib_System.c,97 :: 		
0x0064	0x0005      	PUSH
;__Lib_System.c,98 :: 		
0x0066	0x6AFF      	CLRF        TOSU, 0
;__Lib_System.c,99 :: 		
0x0068	0x5001      	MOVF        R1, 0, 0
;__Lib_System.c,100 :: 		
0x006A	0x6EFE      	MOVWF       TOSH, 0
;__Lib_System.c,101 :: 		
0x006C	0x5000      	MOVF        R0, 0, 0
;__Lib_System.c,102 :: 		
0x006E	0x6EFD      	MOVWF       TOSL, 0
;__Lib_System.c,103 :: 		
0x0070	0xBE02      	BTFSC       R2, 7, 0
;__Lib_System.c,104 :: 		
0x0072	0x8EF2      	BSF         INTCON, 7, 0
;__Lib_System.c,105 :: 		
;__Lib_System.c,107 :: 		
L_end_____DoIFC:
0x0074	0x0012      	RETURN      0
; end of _____DoIFC
_UART_Write:
;__Lib_UART_c67.c,119 :: 		
;__Lib_UART_c67.c,120 :: 		
0x0076	0xFFE1C01D  	MOVFF       _UART_Wr_Ptr+2, FSR1
0x007A	0xFFE2C01E  	MOVFF       _UART_Wr_Ptr+3, FSR1+1
0x007E	0xFFE6C10D  	MOVFF       FARG_UART_Write__data, POSTINC1
0x0082	0xF000C01B  	MOVFF       _UART_Wr_Ptr, R0
0x0086	0xF001C01C  	MOVFF       _UART_Wr_Ptr+1, R1
0x008A	0xDFE9      	RCALL       _____DoIFC
;__Lib_UART_c67.c,121 :: 		
L_end_UART_Write:
0x008C	0x0012      	RETURN      0
; end of _UART_Write
___CC2DW:
;__Lib_System.c,21 :: 		
;__Lib_System.c,23 :: 		
_CC2DL_Loop1:
;__Lib_System.c,24 :: 		
0x008E	0x0009      	TBLRD*+
;__Lib_System.c,25 :: 		
0x0090	0xFFE6CFF5  	MOVFF       TABLAT, POSTINC1
;__Lib_System.c,26 :: 		
0x0094	0x0600      	DECF        R0, 1, 0
;__Lib_System.c,27 :: 		
0x0096	0xE1FB      	BNZ         _CC2DL_Loop1
;__Lib_System.c,28 :: 		
0x0098	0x0601      	DECF        R1, 1, 0
;__Lib_System.c,29 :: 		
0x009A	0xE1F9      	BNZ         _CC2DL_Loop1
;__Lib_System.c,31 :: 		
L_end___CC2DW:
0x009C	0x0012      	RETURN      0
; end of ___CC2DW
_UART1_Init:
;__Lib_UART_c67.c,15 :: 		
;__Lib_UART_c67.c,18 :: 		
0x009E	0x0E1C      	MOVLW       _UART1_Write
0x00A0	0x6E1B      	MOVWF       _UART_Wr_Ptr 
0x00A2	0x0E00      	MOVLW       hi_addr(_UART1_Write)
0x00A4	0x6E1C      	MOVWF       _UART_Wr_Ptr+1 
0x00A6	0x0E13      	MOVLW       FARG_UART1_Write_data_
0x00A8	0x6E1D      	MOVWF       _UART_Wr_Ptr+2 
0x00AA	0x0E01      	MOVLW       hi_addr(FARG_UART1_Write_data_)
0x00AC	0x6E1E      	MOVWF       _UART_Wr_Ptr+3 
;__Lib_UART_c67.c,19 :: 		
0x00AE	0x0EFF      	MOVLW       _UART1_Read
0x00B0	0x6E17      	MOVWF       _UART_Rd_Ptr 
0x00B2	0x0EFF      	MOVLW       hi_addr(_UART1_Read)
0x00B4	0x6E18      	MOVWF       _UART_Rd_Ptr+1 
0x00B6	0x0E00      	MOVLW       0
0x00B8	0x6E19      	MOVWF       _UART_Rd_Ptr+2 
0x00BA	0x0E00      	MOVLW       0
0x00BC	0x6E1A      	MOVWF       _UART_Rd_Ptr+3 
;__Lib_UART_c67.c,20 :: 		
0x00BE	0x0EFF      	MOVLW       _UART1_Data_Ready
0x00C0	0x6E1F      	MOVWF       _UART_Rdy_Ptr 
0x00C2	0x0EFF      	MOVLW       hi_addr(_UART1_Data_Ready)
0x00C4	0x6E20      	MOVWF       _UART_Rdy_Ptr+1 
0x00C6	0x0E00      	MOVLW       0
0x00C8	0x6E21      	MOVWF       _UART_Rdy_Ptr+2 
0x00CA	0x0E00      	MOVLW       0
0x00CC	0x6E22      	MOVWF       _UART_Rdy_Ptr+3 
;__Lib_UART_c67.c,21 :: 		
0x00CE	0x0EFF      	MOVLW       _UART1_Tx_Idle
0x00D0	0x6E23      	MOVWF       _UART_Tx_Idle_Ptr 
0x00D2	0x0EFF      	MOVLW       hi_addr(_UART1_Tx_Idle)
0x00D4	0x6E24      	MOVWF       _UART_Tx_Idle_Ptr+1 
0x00D6	0x0E00      	MOVLW       0
0x00D8	0x6E25      	MOVWF       _UART_Tx_Idle_Ptr+2 
0x00DA	0x0E00      	MOVLW       0
0x00DC	0x6E26      	MOVWF       _UART_Tx_Idle_Ptr+3 
;__Lib_UART_c67.c,23 :: 		
0x00DE	0x8AAC      	BSF         TXSTA, 5 
;__Lib_UART_c67.c,24 :: 		
0x00E0	0x0E90      	MOVLW       144
0x00E2	0x6EAB      	MOVWF       RCSTA 
;__Lib_UART_c67.c,25 :: 		
0x00E4	0x8E94      	BSF         TRISC7_bit, BitPos(TRISC7_bit+0) 
;__Lib_UART_c67.c,26 :: 		
0x00E6	0x9C94      	BCF         TRISC6_bit, BitPos(TRISC6_bit+0) 
;__Lib_UART_c67.c,28 :: 		
L_UART1_Init0:
0x00E8	0xAA9E      	BTFSS       PIR1, 5 
0x00EA	0xD003      	BRA         L_UART1_Init1
;__Lib_UART_c67.c,29 :: 		
0x00EC	0xF000CFAE  	MOVFF       RCREG, R0
0x00F0	0xD7FB      	BRA         L_UART1_Init0
L_UART1_Init1:
;__Lib_UART_c67.c,30 :: 		
L_end_UART1_Init:
0x00F2	0x0012      	RETURN      0
; end of _UART1_Init
_printf:
;Detector_nivel.c,3 :: 		void printf(unsigned char msg[])
;Detector_nivel.c,5 :: 		UART1_Write_Text(msg);
0x00F4	0xF10FC10D  	MOVFF       FARG_printf_msg, FARG_UART1_Write_Text_uart_text
0x00F8	0xF110C10E  	MOVFF       FARG_printf_msg+1, FARG_UART1_Write_Text_uart_text+1
0x00FC	0xDF96      	RCALL       _UART1_Write_Text
;Detector_nivel.c,6 :: 		}
L_end_printf:
0x00FE	0x0012      	RETURN      0
; end of _printf
_main:
0x0100	0x6A15      	CLRF        _ctrl 
0x0102	0x6A16      	CLRF        _sirena 
;Detector_nivel.c,8 :: 		int main(void)
;Detector_nivel.c,12 :: 		TRISD0_bit=0;
0x0104	0x9095      	BCF         TRISD0_bit, BitPos(TRISD0_bit+0) 
;Detector_nivel.c,13 :: 		TRISD2_bit=0;
0x0106	0x9495      	BCF         TRISD2_bit, BitPos(TRISD2_bit+0) 
;Detector_nivel.c,14 :: 		RD0_bit=0;   // iniciamos en cero el pin donde se encuentra conectada la alarma
0x0108	0x9083      	BCF         RD0_bit, BitPos(RD0_bit+0) 
;Detector_nivel.c,15 :: 		RD2_bit=0;   // iniciamos en cero el pin que controla el encendido y apagado del led guia que nos ayuda a visualizar
0x010A	0x9483      	BCF         RD2_bit, BitPos(RD2_bit+0) 
;Detector_nivel.c,17 :: 		TRISC=0;
0x010C	0x6A94      	CLRF        TRISC 
;Detector_nivel.c,18 :: 		UART1_Init(9600);        // inicializamos el puerto serial a 9600
0x010E	0x86B8      	BSF         BAUDCON, 3, 0
0x0110	0x0E04      	MOVLW       4
0x0112	0x6EB0      	MOVWF       SPBRGH 
0x0114	0x0EE1      	MOVLW       225
0x0116	0x6EAF      	MOVWF       SPBRG 
0x0118	0x84AC      	BSF         TXSTA, 2, 0
0x011A	0xDFC1      	RCALL       _UART1_Init
;Detector_nivel.c,19 :: 		printf("AT+CMGF=1\n\r"); //Habilitamos el modo texto de los sms del modulo sim800 para que no envie los mensajes en hexadecimal
0x011C	0x0E41      	MOVLW       65
0x011E	0x6E27      	MOVWF       ?lstr1_Detector_nivel 
0x0120	0x0E54      	MOVLW       84
0x0122	0x6E28      	MOVWF       ?lstr1_Detector_nivel+1 
0x0124	0x0E2B      	MOVLW       43
0x0126	0x6E29      	MOVWF       ?lstr1_Detector_nivel+2 
0x0128	0x0E43      	MOVLW       67
0x012A	0x6E2A      	MOVWF       ?lstr1_Detector_nivel+3 
0x012C	0x0E4D      	MOVLW       77
0x012E	0x6E2B      	MOVWF       ?lstr1_Detector_nivel+4 
0x0130	0x0E47      	MOVLW       71
0x0132	0x6E2C      	MOVWF       ?lstr1_Detector_nivel+5 
0x0134	0x0E46      	MOVLW       70
0x0136	0x6E2D      	MOVWF       ?lstr1_Detector_nivel+6 
0x0138	0x0E3D      	MOVLW       61
0x013A	0x6E2E      	MOVWF       ?lstr1_Detector_nivel+7 
0x013C	0x0E31      	MOVLW       49
0x013E	0x6E2F      	MOVWF       ?lstr1_Detector_nivel+8 
0x0140	0x0E0A      	MOVLW       10
0x0142	0x6E30      	MOVWF       ?lstr1_Detector_nivel+9 
0x0144	0x0E0D      	MOVLW       13
0x0146	0x6E31      	MOVWF       ?lstr1_Detector_nivel+10 
0x0148	0x6A32      	CLRF        ?lstr1_Detector_nivel+11 
0x014A	0x0E27      	MOVLW       ?lstr1_Detector_nivel
0x014C	0x0101      	MOVLB       1
0x014E	0x6F0D      	MOVWF       FARG_printf_msg, 1
0x0150	0x0E00      	MOVLW       hi_addr(?lstr1_Detector_nivel)
0x0152	0x6F0E      	MOVWF       FARG_printf_msg+1, 1
0x0154	0xDFCF      	RCALL       _printf
;Detector_nivel.c,21 :: 		while(1)
L_main0:
;Detector_nivel.c,24 :: 		if(RB5_bit==1 && RB6_bit==0 && RB7_bit==0)
0x0156	0xAA81      	BTFSS       RB5_bit, BitPos(RB5_bit+0) 
0x0158	0xD076      	BRA         L_main4
0x015A	0xBC81      	BTFSC       RB6_bit, BitPos(RB6_bit+0) 
0x015C	0xD074      	BRA         L_main4
0x015E	0xBE81      	BTFSC       RB7_bit, BitPos(RB7_bit+0) 
0x0160	0xD072      	BRA         L_main4
L__main29:
0x0162	0x0101      	MOVLB       1
;Detector_nivel.c,26 :: 		RD2_bit=1;  //encendemos el led guia
0x0164	0x8483      	BSF         RD2_bit, BitPos(RD2_bit+0) 
;Detector_nivel.c,27 :: 		printf("AT+CMGF=1\n\r");
0x0166	0x0E41      	MOVLW       65
0x0168	0x6E33      	MOVWF       ?lstr2_Detector_nivel 
0x016A	0x0E54      	MOVLW       84
0x016C	0x6E34      	MOVWF       ?lstr2_Detector_nivel+1 
0x016E	0x0E2B      	MOVLW       43
0x0170	0x6E35      	MOVWF       ?lstr2_Detector_nivel+2 
0x0172	0x0E43      	MOVLW       67
0x0174	0x6E36      	MOVWF       ?lstr2_Detector_nivel+3 
0x0176	0x0E4D      	MOVLW       77
0x0178	0x6E37      	MOVWF       ?lstr2_Detector_nivel+4 
0x017A	0x0E47      	MOVLW       71
0x017C	0x6E38      	MOVWF       ?lstr2_Detector_nivel+5 
0x017E	0x0E46      	MOVLW       70
0x0180	0x6E39      	MOVWF       ?lstr2_Detector_nivel+6 
0x0182	0x0E3D      	MOVLW       61
0x0184	0x6E3A      	MOVWF       ?lstr2_Detector_nivel+7 
0x0186	0x0E31      	MOVLW       49
0x0188	0x6E3B      	MOVWF       ?lstr2_Detector_nivel+8 
0x018A	0x0E0A      	MOVLW       10
0x018C	0x6E3C      	MOVWF       ?lstr2_Detector_nivel+9 
0x018E	0x0E0D      	MOVLW       13
0x0190	0x6E3D      	MOVWF       ?lstr2_Detector_nivel+10 
0x0192	0x6A3E      	CLRF        ?lstr2_Detector_nivel+11 
0x0194	0x0E33      	MOVLW       ?lstr2_Detector_nivel
0x0196	0x6F0D      	MOVWF       FARG_printf_msg, 1
0x0198	0x0E00      	MOVLW       hi_addr(?lstr2_Detector_nivel)
0x019A	0x6F0E      	MOVWF       FARG_printf_msg+1, 1
0x019C	0xDFAB      	RCALL       _printf
;Detector_nivel.c,28 :: 		Delay_ms(500);
0x019E	0x0E1F      	MOVLW       31
0x01A0	0x6E0B      	MOVWF       R11, 0
0x01A2	0x0E71      	MOVLW       113
0x01A4	0x6E0C      	MOVWF       R12, 0
0x01A6	0x0E1E      	MOVLW       30
0x01A8	0x6E0D      	MOVWF       R13, 0
L_main5:
0x01AA	0x2E0D      	DECFSZ      R13, 1, 0
0x01AC	0xD7FE      	BRA         L_main5
0x01AE	0x2E0C      	DECFSZ      R12, 1, 0
0x01B0	0xD7FC      	BRA         L_main5
0x01B2	0x2E0B      	DECFSZ      R11, 1, 0
0x01B4	0xD7FA      	BRA         L_main5
0x01B6	0x0000      	NOP
;Detector_nivel.c,29 :: 		printf("AT+CMGS=\"+573017759550\"\n\r");//Num de celular a quien le envío el sms
0x01B8	0x0EB8      	MOVLW       ?ICS?lstr3_Detector_nivel
0x01BA	0x6EF6      	MOVWF       TBLPTRL 
0x01BC	0x0E04      	MOVLW       hi_addr(?ICS?lstr3_Detector_nivel)
0x01BE	0x6EF7      	MOVWF       TBLPTRL+1 
0x01C0	0x0E00      	MOVLW       higher_addr(?ICS?lstr3_Detector_nivel)
0x01C2	0x6EF8      	MOVWF       TBLPTRL+2 
0x01C4	0x0E3F      	MOVLW       ?lstr3_Detector_nivel
0x01C6	0x6EE1      	MOVWF       FSR1L 
0x01C8	0x0E00      	MOVLW       hi_addr(?lstr3_Detector_nivel)
0x01CA	0x6EE2      	MOVWF       FSR1L+1 
0x01CC	0x0E1A      	MOVLW       26
0x01CE	0x6E00      	MOVWF       R0 
0x01D0	0x0E01      	MOVLW       1
0x01D2	0x6E01      	MOVWF       R1 
0x01D4	0xDF5C      	RCALL       ___CC2DW
0x01D6	0x0E3F      	MOVLW       ?lstr3_Detector_nivel
0x01D8	0x6F0D      	MOVWF       FARG_printf_msg, 1
0x01DA	0x0E00      	MOVLW       hi_addr(?lstr3_Detector_nivel)
0x01DC	0x6F0E      	MOVWF       FARG_printf_msg+1, 1
0x01DE	0xDF8A      	RCALL       _printf
;Detector_nivel.c,30 :: 		Delay_ms(500);
0x01E0	0x0E1F      	MOVLW       31
0x01E2	0x6E0B      	MOVWF       R11, 0
0x01E4	0x0E71      	MOVLW       113
0x01E6	0x6E0C      	MOVWF       R12, 0
0x01E8	0x0E1E      	MOVLW       30
0x01EA	0x6E0D      	MOVWF       R13, 0
L_main6:
0x01EC	0x2E0D      	DECFSZ      R13, 1, 0
0x01EE	0xD7FE      	BRA         L_main6
0x01F0	0x2E0C      	DECFSZ      R12, 1, 0
0x01F2	0xD7FC      	BRA         L_main6
0x01F4	0x2E0B      	DECFSZ      R11, 1, 0
0x01F6	0xD7FA      	BRA         L_main6
0x01F8	0x0000      	NOP
;Detector_nivel.c,31 :: 		printf("Nivel del rio: 1 metro\n\r");//mensaje que se desea enviar enviado
0x01FA	0x0ED2      	MOVLW       ?ICS?lstr4_Detector_nivel
0x01FC	0x6EF6      	MOVWF       TBLPTRL 
0x01FE	0x0E04      	MOVLW       hi_addr(?ICS?lstr4_Detector_nivel)
0x0200	0x6EF7      	MOVWF       TBLPTRL+1 
0x0202	0x0E00      	MOVLW       higher_addr(?ICS?lstr4_Detector_nivel)
0x0204	0x6EF8      	MOVWF       TBLPTRL+2 
0x0206	0x0E59      	MOVLW       ?lstr4_Detector_nivel
0x0208	0x6EE1      	MOVWF       FSR1L 
0x020A	0x0E00      	MOVLW       hi_addr(?lstr4_Detector_nivel)
0x020C	0x6EE2      	MOVWF       FSR1L+1 
0x020E	0x0E19      	MOVLW       25
0x0210	0x6E00      	MOVWF       R0 
0x0212	0x0E01      	MOVLW       1
0x0214	0x6E01      	MOVWF       R1 
0x0216	0xDF3B      	RCALL       ___CC2DW
0x0218	0x0E59      	MOVLW       ?lstr4_Detector_nivel
0x021A	0x6F0D      	MOVWF       FARG_printf_msg, 1
0x021C	0x0E00      	MOVLW       hi_addr(?lstr4_Detector_nivel)
0x021E	0x6F0E      	MOVWF       FARG_printf_msg+1, 1
0x0220	0xDF69      	RCALL       _printf
;Detector_nivel.c,32 :: 		UART_Write(26);
0x0222	0x0E1A      	MOVLW       26
0x0224	0x6F0D      	MOVWF       FARG_UART_Write__data, 1
0x0226	0xDF27      	RCALL       _UART_Write
;Detector_nivel.c,33 :: 		Delay_ms(1000);
0x0228	0x0E3D      	MOVLW       61
0x022A	0x6E0B      	MOVWF       R11, 0
0x022C	0x0EE1      	MOVLW       225
0x022E	0x6E0C      	MOVWF       R12, 0
0x0230	0x0E3F      	MOVLW       63
0x0232	0x6E0D      	MOVWF       R13, 0
L_main7:
0x0234	0x2E0D      	DECFSZ      R13, 1, 0
0x0236	0xD7FE      	BRA         L_main7
0x0238	0x2E0C      	DECFSZ      R12, 1, 0
0x023A	0xD7FC      	BRA         L_main7
0x023C	0x2E0B      	DECFSZ      R11, 1, 0
0x023E	0xD7FA      	BRA         L_main7
0x0240	0x0000      	NOP
0x0242	0x0000      	NOP
;Detector_nivel.c,34 :: 		RD2_bit=0;;  //apagamos el led guia
0x0244	0x9483      	BCF         RD2_bit, BitPos(RD2_bit+0) 
;Detector_nivel.c,35 :: 		}
L_main4:
;Detector_nivel.c,37 :: 		if(RB5_bit==1 && RB6_bit==1 && RB7_bit==0)
0x0246	0xAA81      	BTFSS       RB5_bit, BitPos(RB5_bit+0) 
0x0248	0xD05A      	BRA         L_main10
0x024A	0xAC81      	BTFSS       RB6_bit, BitPos(RB6_bit+0) 
0x024C	0xD058      	BRA         L_main10
0x024E	0xBE81      	BTFSC       RB7_bit, BitPos(RB7_bit+0) 
0x0250	0xD056      	BRA         L_main10
L__main28:
;Detector_nivel.c,39 :: 		RD2_bit=1;  //encendemos el led guia
0x0252	0x8483      	BSF         RD2_bit, BitPos(RD2_bit+0) 
;Detector_nivel.c,40 :: 		Delay_ms(500);
0x0254	0x0E1F      	MOVLW       31
0x0256	0x6E0B      	MOVWF       R11, 0
0x0258	0x0E71      	MOVLW       113
0x025A	0x6E0C      	MOVWF       R12, 0
0x025C	0x0E1E      	MOVLW       30
0x025E	0x6E0D      	MOVWF       R13, 0
L_main11:
0x0260	0x2E0D      	DECFSZ      R13, 1, 0
0x0262	0xD7FE      	BRA         L_main11
0x0264	0x2E0C      	DECFSZ      R12, 1, 0
0x0266	0xD7FC      	BRA         L_main11
0x0268	0x2E0B      	DECFSZ      R11, 1, 0
0x026A	0xD7FA      	BRA         L_main11
0x026C	0x0000      	NOP
;Detector_nivel.c,41 :: 		printf("AT+CMGS=\"+573017759550\"\n\r");//Num de celular a quien le envío el sms
0x026E	0x0EEB      	MOVLW       ?ICS?lstr5_Detector_nivel
0x0270	0x6EF6      	MOVWF       TBLPTRL 
0x0272	0x0E04      	MOVLW       hi_addr(?ICS?lstr5_Detector_nivel)
0x0274	0x6EF7      	MOVWF       TBLPTRL+1 
0x0276	0x0E00      	MOVLW       higher_addr(?ICS?lstr5_Detector_nivel)
0x0278	0x6EF8      	MOVWF       TBLPTRL+2 
0x027A	0x0E72      	MOVLW       ?lstr5_Detector_nivel
0x027C	0x6EE1      	MOVWF       FSR1L 
0x027E	0x0E00      	MOVLW       hi_addr(?lstr5_Detector_nivel)
0x0280	0x6EE2      	MOVWF       FSR1L+1 
0x0282	0x0E1A      	MOVLW       26
0x0284	0x6E00      	MOVWF       R0 
0x0286	0x0E01      	MOVLW       1
0x0288	0x6E01      	MOVWF       R1 
0x028A	0xDF01      	RCALL       ___CC2DW
0x028C	0x0E72      	MOVLW       ?lstr5_Detector_nivel
0x028E	0x0101      	MOVLB       1
0x0290	0x6F0D      	MOVWF       FARG_printf_msg, 1
0x0292	0x0E00      	MOVLW       hi_addr(?lstr5_Detector_nivel)
0x0294	0x6F0E      	MOVWF       FARG_printf_msg+1, 1
0x0296	0xDF2E      	RCALL       _printf
;Detector_nivel.c,42 :: 		Delay_ms(500);
0x0298	0x0E1F      	MOVLW       31
0x029A	0x6E0B      	MOVWF       R11, 0
0x029C	0x0E71      	MOVLW       113
0x029E	0x6E0C      	MOVWF       R12, 0
0x02A0	0x0E1E      	MOVLW       30
0x02A2	0x6E0D      	MOVWF       R13, 0
L_main12:
0x02A4	0x2E0D      	DECFSZ      R13, 1, 0
0x02A6	0xD7FE      	BRA         L_main12
0x02A8	0x2E0C      	DECFSZ      R12, 1, 0
0x02AA	0xD7FC      	BRA         L_main12
0x02AC	0x2E0B      	DECFSZ      R11, 1, 0
0x02AE	0xD7FA      	BRA         L_main12
0x02B0	0x0000      	NOP
;Detector_nivel.c,43 :: 		printf("Nivel del rio: 2 metros\n\r");//mensaje que se desea enviar enviado
0x02B2	0x0E05      	MOVLW       ?ICS?lstr6_Detector_nivel
0x02B4	0x6EF6      	MOVWF       TBLPTRL 
0x02B6	0x0E05      	MOVLW       hi_addr(?ICS?lstr6_Detector_nivel)
0x02B8	0x6EF7      	MOVWF       TBLPTRL+1 
0x02BA	0x0E00      	MOVLW       higher_addr(?ICS?lstr6_Detector_nivel)
0x02BC	0x6EF8      	MOVWF       TBLPTRL+2 
0x02BE	0x0E8C      	MOVLW       ?lstr6_Detector_nivel
0x02C0	0x6EE1      	MOVWF       FSR1L 
0x02C2	0x0E00      	MOVLW       hi_addr(?lstr6_Detector_nivel)
0x02C4	0x6EE2      	MOVWF       FSR1L+1 
0x02C6	0x0E1A      	MOVLW       26
0x02C8	0x6E00      	MOVWF       R0 
0x02CA	0x0E01      	MOVLW       1
0x02CC	0x6E01      	MOVWF       R1 
0x02CE	0xDEDF      	RCALL       ___CC2DW
0x02D0	0x0E8C      	MOVLW       ?lstr6_Detector_nivel
0x02D2	0x6F0D      	MOVWF       FARG_printf_msg, 1
0x02D4	0x0E00      	MOVLW       hi_addr(?lstr6_Detector_nivel)
0x02D6	0x6F0E      	MOVWF       FARG_printf_msg+1, 1
0x02D8	0xDF0D      	RCALL       _printf
;Detector_nivel.c,44 :: 		UART_Write(26);
0x02DA	0x0E1A      	MOVLW       26
0x02DC	0x6F0D      	MOVWF       FARG_UART_Write__data, 1
0x02DE	0xDECB      	RCALL       _UART_Write
;Detector_nivel.c,45 :: 		Delay_ms(1000);
0x02E0	0x0E3D      	MOVLW       61
0x02E2	0x6E0B      	MOVWF       R11, 0
0x02E4	0x0EE1      	MOVLW       225
0x02E6	0x6E0C      	MOVWF       R12, 0
0x02E8	0x0E3F      	MOVLW       63
0x02EA	0x6E0D      	MOVWF       R13, 0
L_main13:
0x02EC	0x2E0D      	DECFSZ      R13, 1, 0
0x02EE	0xD7FE      	BRA         L_main13
0x02F0	0x2E0C      	DECFSZ      R12, 1, 0
0x02F2	0xD7FC      	BRA         L_main13
0x02F4	0x2E0B      	DECFSZ      R11, 1, 0
0x02F6	0xD7FA      	BRA         L_main13
0x02F8	0x0000      	NOP
0x02FA	0x0000      	NOP
;Detector_nivel.c,46 :: 		RD2_bit=0;  //apagamos el led guia
0x02FC	0x9483      	BCF         RD2_bit, BitPos(RD2_bit+0) 
;Detector_nivel.c,47 :: 		}
L_main10:
;Detector_nivel.c,49 :: 		if(RB5_bit==1 && RB6_bit==1 && RB7_bit==1)
0x02FE	0xAA81      	BTFSS       RB5_bit, BitPos(RB5_bit+0) 
0x0300	0xD05E      	BRA         L_main16
0x0302	0xAC81      	BTFSS       RB6_bit, BitPos(RB6_bit+0) 
0x0304	0xD05C      	BRA         L_main16
0x0306	0xAE81      	BTFSS       RB7_bit, BitPos(RB7_bit+0) 
0x0308	0xD05A      	BRA         L_main16
L__main27:
;Detector_nivel.c,51 :: 		RD2_bit=1;  //encendemos el led guia
0x030A	0x8483      	BSF         RD2_bit, BitPos(RD2_bit+0) 
;Detector_nivel.c,52 :: 		Delay_ms(500);
0x030C	0x0E1F      	MOVLW       31
0x030E	0x6E0B      	MOVWF       R11, 0
0x0310	0x0E71      	MOVLW       113
0x0312	0x6E0C      	MOVWF       R12, 0
0x0314	0x0E1E      	MOVLW       30
0x0316	0x6E0D      	MOVWF       R13, 0
L_main17:
0x0318	0x2E0D      	DECFSZ      R13, 1, 0
0x031A	0xD7FE      	BRA         L_main17
0x031C	0x2E0C      	DECFSZ      R12, 1, 0
0x031E	0xD7FC      	BRA         L_main17
0x0320	0x2E0B      	DECFSZ      R11, 1, 0
0x0322	0xD7FA      	BRA         L_main17
0x0324	0x0000      	NOP
;Detector_nivel.c,53 :: 		printf("AT+CMGS=\"+573017759550\"\n\r");//Num de celular a quien le envío el sms
0x0326	0x0E1F      	MOVLW       ?ICS?lstr7_Detector_nivel
0x0328	0x6EF6      	MOVWF       TBLPTRL 
0x032A	0x0E05      	MOVLW       hi_addr(?ICS?lstr7_Detector_nivel)
0x032C	0x6EF7      	MOVWF       TBLPTRL+1 
0x032E	0x0E00      	MOVLW       higher_addr(?ICS?lstr7_Detector_nivel)
0x0330	0x6EF8      	MOVWF       TBLPTRL+2 
0x0332	0x0EA6      	MOVLW       ?lstr7_Detector_nivel
0x0334	0x6EE1      	MOVWF       FSR1L 
0x0336	0x0E00      	MOVLW       hi_addr(?lstr7_Detector_nivel)
0x0338	0x6EE2      	MOVWF       FSR1L+1 
0x033A	0x0E1A      	MOVLW       26
0x033C	0x6E00      	MOVWF       R0 
0x033E	0x0E01      	MOVLW       1
0x0340	0x6E01      	MOVWF       R1 
0x0342	0xDEA5      	RCALL       ___CC2DW
0x0344	0x0EA6      	MOVLW       ?lstr7_Detector_nivel
0x0346	0x0101      	MOVLB       1
0x0348	0x6F0D      	MOVWF       FARG_printf_msg, 1
0x034A	0x0E00      	MOVLW       hi_addr(?lstr7_Detector_nivel)
0x034C	0x6F0E      	MOVWF       FARG_printf_msg+1, 1
0x034E	0xDED2      	RCALL       _printf
;Detector_nivel.c,54 :: 		Delay_ms(500);
0x0350	0x0E1F      	MOVLW       31
0x0352	0x6E0B      	MOVWF       R11, 0
0x0354	0x0E71      	MOVLW       113
0x0356	0x6E0C      	MOVWF       R12, 0
0x0358	0x0E1E      	MOVLW       30
0x035A	0x6E0D      	MOVWF       R13, 0
L_main18:
0x035C	0x2E0D      	DECFSZ      R13, 1, 0
0x035E	0xD7FE      	BRA         L_main18
0x0360	0x2E0C      	DECFSZ      R12, 1, 0
0x0362	0xD7FC      	BRA         L_main18
0x0364	0x2E0B      	DECFSZ      R11, 1, 0
0x0366	0xD7FA      	BRA         L_main18
0x0368	0x0000      	NOP
;Detector_nivel.c,55 :: 		printf("Nivel del rio: 3 metros\n\r");//mensaje que se desea enviar enviado
0x036A	0x0E39      	MOVLW       ?ICS?lstr8_Detector_nivel
0x036C	0x6EF6      	MOVWF       TBLPTRL 
0x036E	0x0E05      	MOVLW       hi_addr(?ICS?lstr8_Detector_nivel)
0x0370	0x6EF7      	MOVWF       TBLPTRL+1 
0x0372	0x0E00      	MOVLW       higher_addr(?ICS?lstr8_Detector_nivel)
0x0374	0x6EF8      	MOVWF       TBLPTRL+2 
0x0376	0x0EC0      	MOVLW       ?lstr8_Detector_nivel
0x0378	0x6EE1      	MOVWF       FSR1L 
0x037A	0x0E00      	MOVLW       hi_addr(?lstr8_Detector_nivel)
0x037C	0x6EE2      	MOVWF       FSR1L+1 
0x037E	0x0E1A      	MOVLW       26
0x0380	0x6E00      	MOVWF       R0 
0x0382	0x0E01      	MOVLW       1
0x0384	0x6E01      	MOVWF       R1 
0x0386	0xDE83      	RCALL       ___CC2DW
0x0388	0x0EC0      	MOVLW       ?lstr8_Detector_nivel
0x038A	0x6F0D      	MOVWF       FARG_printf_msg, 1
0x038C	0x0E00      	MOVLW       hi_addr(?lstr8_Detector_nivel)
0x038E	0x6F0E      	MOVWF       FARG_printf_msg+1, 1
0x0390	0xDEB1      	RCALL       _printf
;Detector_nivel.c,56 :: 		UART_Write(26);
0x0392	0x0E1A      	MOVLW       26
0x0394	0x6F0D      	MOVWF       FARG_UART_Write__data, 1
0x0396	0xDE6F      	RCALL       _UART_Write
;Detector_nivel.c,57 :: 		RD2_bit=0;  //apagamos el led guia
0x0398	0x9483      	BCF         RD2_bit, BitPos(RD2_bit+0) 
;Detector_nivel.c,58 :: 		sirena=1;           //asignamos 1 a la variable sirena
0x039A	0x0E01      	MOVLW       1
0x039C	0x6E16      	MOVWF       _sirena 
;Detector_nivel.c,59 :: 		Delay_ms(5000);
0x039E	0x0E02      	MOVLW       2
0x03A0	0x6E0A      	MOVWF       R10, 0
0x03A2	0x0E31      	MOVLW       49
0x03A4	0x6E0B      	MOVWF       R11, 0
0x03A6	0x0E62      	MOVLW       98
0x03A8	0x6E0C      	MOVWF       R12, 0
0x03AA	0x0E45      	MOVLW       69
0x03AC	0x6E0D      	MOVWF       R13, 0
L_main19:
0x03AE	0x2E0D      	DECFSZ      R13, 1, 0
0x03B0	0xD7FE      	BRA         L_main19
0x03B2	0x2E0C      	DECFSZ      R12, 1, 0
0x03B4	0xD7FC      	BRA         L_main19
0x03B6	0x2E0B      	DECFSZ      R11, 1, 0
0x03B8	0xD7FA      	BRA         L_main19
0x03BA	0x2E0A      	DECFSZ      R10, 1, 0
0x03BC	0xD7F8      	BRA         L_main19
;Detector_nivel.c,60 :: 		}
L_main16:
;Detector_nivel.c,62 :: 		if (sirena==1)
0x03BE	0x5016      	MOVF        _sirena, 0 
0x03C0	0x0A01      	XORLW       1
0x03C2	0xE15E      	BNZ         L_main20
;Detector_nivel.c,65 :: 		ctrl=0;
0x03C4	0x6A15      	CLRF        _ctrl 
;Detector_nivel.c,66 :: 		while (ctrl<=20)
L_main21:
0x03C6	0x5015      	MOVF        _ctrl, 0 
0x03C8	0x0814      	SUBLW       20
0x03CA	0xE311      	BNC         L_main22
;Detector_nivel.c,68 :: 		RD0_bit=~RD0_bit;
0x03CC	0x7083      	BTG         RD0_bit, BitPos(RD0_bit+0) 
;Detector_nivel.c,69 :: 		Delay_ms(250);
0x03CE	0x0E10      	MOVLW       16
0x03D0	0x6E0B      	MOVWF       R11, 0
0x03D2	0x0E39      	MOVLW       57
0x03D4	0x6E0C      	MOVWF       R12, 0
0x03D6	0x0E0D      	MOVLW       13
0x03D8	0x6E0D      	MOVWF       R13, 0
L_main23:
0x03DA	0x2E0D      	DECFSZ      R13, 1, 0
0x03DC	0xD7FE      	BRA         L_main23
0x03DE	0x2E0C      	DECFSZ      R12, 1, 0
0x03E0	0xD7FC      	BRA         L_main23
0x03E2	0x2E0B      	DECFSZ      R11, 1, 0
0x03E4	0xD7FA      	BRA         L_main23
0x03E6	0x0000      	NOP
0x03E8	0x0000      	NOP
;Detector_nivel.c,70 :: 		ctrl++;
0x03EA	0x2A15      	INCF        _ctrl, 1 
;Detector_nivel.c,71 :: 		}
0x03EC	0xD7EC      	BRA         L_main21
L_main22:
;Detector_nivel.c,72 :: 		RD0_bit=0;
0x03EE	0x9083      	BCF         RD0_bit, BitPos(RD0_bit+0) 
;Detector_nivel.c,73 :: 		sirena=0;
0x03F0	0x6A16      	CLRF        _sirena 
;Detector_nivel.c,74 :: 		printf("AT+CMGS=\"3017759550\"\n\r");//Num de celular a quien le envío el sms
0x03F2	0x0E53      	MOVLW       ?ICS?lstr9_Detector_nivel
0x03F4	0x6EF6      	MOVWF       TBLPTRL 
0x03F6	0x0E05      	MOVLW       hi_addr(?ICS?lstr9_Detector_nivel)
0x03F8	0x6EF7      	MOVWF       TBLPTRL+1 
0x03FA	0x0E00      	MOVLW       higher_addr(?ICS?lstr9_Detector_nivel)
0x03FC	0x6EF8      	MOVWF       TBLPTRL+2 
0x03FE	0x0EDA      	MOVLW       ?lstr9_Detector_nivel
0x0400	0x6EE1      	MOVWF       FSR1L 
0x0402	0x0E00      	MOVLW       hi_addr(?lstr9_Detector_nivel)
0x0404	0x6EE2      	MOVWF       FSR1L+1 
0x0406	0x0E17      	MOVLW       23
0x0408	0x6E00      	MOVWF       R0 
0x040A	0x0E01      	MOVLW       1
0x040C	0x6E01      	MOVWF       R1 
0x040E	0xDE3F      	RCALL       ___CC2DW
0x0410	0x0EDA      	MOVLW       ?lstr9_Detector_nivel
0x0412	0x0101      	MOVLB       1
0x0414	0x6F0D      	MOVWF       FARG_printf_msg, 1
0x0416	0x0E00      	MOVLW       hi_addr(?lstr9_Detector_nivel)
0x0418	0x6F0E      	MOVWF       FARG_printf_msg+1, 1
0x041A	0xDE6C      	RCALL       _printf
;Detector_nivel.c,75 :: 		Delay_ms(500);
0x041C	0x0E1F      	MOVLW       31
0x041E	0x6E0B      	MOVWF       R11, 0
0x0420	0x0E71      	MOVLW       113
0x0422	0x6E0C      	MOVWF       R12, 0
0x0424	0x0E1E      	MOVLW       30
0x0426	0x6E0D      	MOVWF       R13, 0
L_main24:
0x0428	0x2E0D      	DECFSZ      R13, 1, 0
0x042A	0xD7FE      	BRA         L_main24
0x042C	0x2E0C      	DECFSZ      R12, 1, 0
0x042E	0xD7FC      	BRA         L_main24
0x0430	0x2E0B      	DECFSZ      R11, 1, 0
0x0432	0xD7FA      	BRA         L_main24
0x0434	0x0000      	NOP
;Detector_nivel.c,76 :: 		printf("Ya la sirena esta apagada\n\r");//mensaje que se desea enviar enviado
0x0436	0x0E6A      	MOVLW       ?ICS?lstr10_Detector_nivel
0x0438	0x6EF6      	MOVWF       TBLPTRL 
0x043A	0x0E05      	MOVLW       hi_addr(?ICS?lstr10_Detector_nivel)
0x043C	0x6EF7      	MOVWF       TBLPTRL+1 
0x043E	0x0E00      	MOVLW       higher_addr(?ICS?lstr10_Detector_nivel)
0x0440	0x6EF8      	MOVWF       TBLPTRL+2 
0x0442	0x0EF1      	MOVLW       ?lstr10_Detector_nivel
0x0444	0x6EE1      	MOVWF       FSR1L 
0x0446	0x0E00      	MOVLW       hi_addr(?lstr10_Detector_nivel)
0x0448	0x6EE2      	MOVWF       FSR1L+1 
0x044A	0x0E1C      	MOVLW       28
0x044C	0x6E00      	MOVWF       R0 
0x044E	0x0E01      	MOVLW       1
0x0450	0x6E01      	MOVWF       R1 
0x0452	0xDE1D      	RCALL       ___CC2DW
0x0454	0x0EF1      	MOVLW       ?lstr10_Detector_nivel
0x0456	0x6F0D      	MOVWF       FARG_printf_msg, 1
0x0458	0x0E00      	MOVLW       hi_addr(?lstr10_Detector_nivel)
0x045A	0x6F0E      	MOVWF       FARG_printf_msg+1, 1
0x045C	0xDE4B      	RCALL       _printf
;Detector_nivel.c,77 :: 		UART_Write(26);
0x045E	0x0E1A      	MOVLW       26
0x0460	0x6F0D      	MOVWF       FARG_UART_Write__data, 1
0x0462	0xDE09      	RCALL       _UART_Write
;Detector_nivel.c,78 :: 		Delay_ms(1000);
0x0464	0x0E3D      	MOVLW       61
0x0466	0x6E0B      	MOVWF       R11, 0
0x0468	0x0EE1      	MOVLW       225
0x046A	0x6E0C      	MOVWF       R12, 0
0x046C	0x0E3F      	MOVLW       63
0x046E	0x6E0D      	MOVWF       R13, 0
L_main25:
0x0470	0x2E0D      	DECFSZ      R13, 1, 0
0x0472	0xD7FE      	BRA         L_main25
0x0474	0x2E0C      	DECFSZ      R12, 1, 0
0x0476	0xD7FC      	BRA         L_main25
0x0478	0x2E0B      	DECFSZ      R11, 1, 0
0x047A	0xD7FA      	BRA         L_main25
0x047C	0x0000      	NOP
0x047E	0x0000      	NOP
;Detector_nivel.c,79 :: 		}
L_main20:
;Detector_nivel.c,80 :: 		Delay_ms(1000);
0x0480	0x0E3D      	MOVLW       61
0x0482	0x6E0B      	MOVWF       R11, 0
0x0484	0x0EE1      	MOVLW       225
0x0486	0x6E0C      	MOVWF       R12, 0
0x0488	0x0E3F      	MOVLW       63
0x048A	0x6E0D      	MOVWF       R13, 0
L_main26:
0x048C	0x2E0D      	DECFSZ      R13, 1, 0
0x048E	0xD7FE      	BRA         L_main26
0x0490	0x2E0C      	DECFSZ      R12, 1, 0
0x0492	0xD7FC      	BRA         L_main26
0x0494	0x2E0B      	DECFSZ      R11, 1, 0
0x0496	0xD7FA      	BRA         L_main26
0x0498	0x0000      	NOP
0x049A	0x0000      	NOP
;Detector_nivel.c,81 :: 		}
0x049C	0xD65C      	BRA         L_main0
;Detector_nivel.c,85 :: 		}
L_end_main:
0x049E	0xD7FF      	BRA         $+0
; end of _main
;Detector_nivel.c,0 :: ?ICS?lstr1_Detector_nivel
0x04A0	0x5441 ;?ICS?lstr1_Detector_nivel+0
0x04A2	0x432B ;?ICS?lstr1_Detector_nivel+2
0x04A4	0x474D ;?ICS?lstr1_Detector_nivel+4
0x04A6	0x3D46 ;?ICS?lstr1_Detector_nivel+6
0x04A8	0x0A31 ;?ICS?lstr1_Detector_nivel+8
0x04AA	0x000D ;?ICS?lstr1_Detector_nivel+10
; end of ?ICS?lstr1_Detector_nivel
;Detector_nivel.c,0 :: ?ICS?lstr2_Detector_nivel
0x04AC	0x5441 ;?ICS?lstr2_Detector_nivel+0
0x04AE	0x432B ;?ICS?lstr2_Detector_nivel+2
0x04B0	0x474D ;?ICS?lstr2_Detector_nivel+4
0x04B2	0x3D46 ;?ICS?lstr2_Detector_nivel+6
0x04B4	0x0A31 ;?ICS?lstr2_Detector_nivel+8
0x04B6	0x000D ;?ICS?lstr2_Detector_nivel+10
; end of ?ICS?lstr2_Detector_nivel
;Detector_nivel.c,0 :: ?ICS?lstr3_Detector_nivel
0x04B8	0x5441 ;?ICS?lstr3_Detector_nivel+0
0x04BA	0x432B ;?ICS?lstr3_Detector_nivel+2
0x04BC	0x474D ;?ICS?lstr3_Detector_nivel+4
0x04BE	0x3D53 ;?ICS?lstr3_Detector_nivel+6
0x04C0	0x2B22 ;?ICS?lstr3_Detector_nivel+8
0x04C2	0x3735 ;?ICS?lstr3_Detector_nivel+10
0x04C4	0x3033 ;?ICS?lstr3_Detector_nivel+12
0x04C6	0x3731 ;?ICS?lstr3_Detector_nivel+14
0x04C8	0x3537 ;?ICS?lstr3_Detector_nivel+16
0x04CA	0x3539 ;?ICS?lstr3_Detector_nivel+18
0x04CC	0x3035 ;?ICS?lstr3_Detector_nivel+20
0x04CE	0x0A22 ;?ICS?lstr3_Detector_nivel+22
0x04D0	0x000D ;?ICS?lstr3_Detector_nivel+24
; end of ?ICS?lstr3_Detector_nivel
;Detector_nivel.c,0 :: ?ICS?lstr4_Detector_nivel
0x04D2	0x694E ;?ICS?lstr4_Detector_nivel+0
0x04D4	0x6576 ;?ICS?lstr4_Detector_nivel+2
0x04D6	0x206C ;?ICS?lstr4_Detector_nivel+4
0x04D8	0x6564 ;?ICS?lstr4_Detector_nivel+6
0x04DA	0x206C ;?ICS?lstr4_Detector_nivel+8
0x04DC	0x6972 ;?ICS?lstr4_Detector_nivel+10
0x04DE	0x3A6F ;?ICS?lstr4_Detector_nivel+12
0x04E0	0x3120 ;?ICS?lstr4_Detector_nivel+14
0x04E2	0x6D20 ;?ICS?lstr4_Detector_nivel+16
0x04E4	0x7465 ;?ICS?lstr4_Detector_nivel+18
0x04E6	0x6F72 ;?ICS?lstr4_Detector_nivel+20
0x04E8	0x0D0A ;?ICS?lstr4_Detector_nivel+22
0x04EA	0x00 ;?ICS?lstr4_Detector_nivel+24
; end of ?ICS?lstr4_Detector_nivel
;Detector_nivel.c,0 :: ?ICS?lstr5_Detector_nivel
0x04EB	0x5441 ;?ICS?lstr5_Detector_nivel+0
0x04ED	0x432B ;?ICS?lstr5_Detector_nivel+2
0x04EF	0x474D ;?ICS?lstr5_Detector_nivel+4
0x04F1	0x3D53 ;?ICS?lstr5_Detector_nivel+6
0x04F3	0x2B22 ;?ICS?lstr5_Detector_nivel+8
0x04F5	0x3735 ;?ICS?lstr5_Detector_nivel+10
0x04F7	0x3033 ;?ICS?lstr5_Detector_nivel+12
0x04F9	0x3731 ;?ICS?lstr5_Detector_nivel+14
0x04FB	0x3537 ;?ICS?lstr5_Detector_nivel+16
0x04FD	0x3539 ;?ICS?lstr5_Detector_nivel+18
0x04FF	0x3035 ;?ICS?lstr5_Detector_nivel+20
0x0501	0x0A22 ;?ICS?lstr5_Detector_nivel+22
0x0503	0x000D ;?ICS?lstr5_Detector_nivel+24
; end of ?ICS?lstr5_Detector_nivel
;Detector_nivel.c,0 :: ?ICS?lstr6_Detector_nivel
0x0505	0x694E ;?ICS?lstr6_Detector_nivel+0
0x0507	0x6576 ;?ICS?lstr6_Detector_nivel+2
0x0509	0x206C ;?ICS?lstr6_Detector_nivel+4
0x050B	0x6564 ;?ICS?lstr6_Detector_nivel+6
0x050D	0x206C ;?ICS?lstr6_Detector_nivel+8
0x050F	0x6972 ;?ICS?lstr6_Detector_nivel+10
0x0511	0x3A6F ;?ICS?lstr6_Detector_nivel+12
0x0513	0x3220 ;?ICS?lstr6_Detector_nivel+14
0x0515	0x6D20 ;?ICS?lstr6_Detector_nivel+16
0x0517	0x7465 ;?ICS?lstr6_Detector_nivel+18
0x0519	0x6F72 ;?ICS?lstr6_Detector_nivel+20
0x051B	0x0A73 ;?ICS?lstr6_Detector_nivel+22
0x051D	0x000D ;?ICS?lstr6_Detector_nivel+24
; end of ?ICS?lstr6_Detector_nivel
;Detector_nivel.c,0 :: ?ICS?lstr7_Detector_nivel
0x051F	0x5441 ;?ICS?lstr7_Detector_nivel+0
0x0521	0x432B ;?ICS?lstr7_Detector_nivel+2
0x0523	0x474D ;?ICS?lstr7_Detector_nivel+4
0x0525	0x3D53 ;?ICS?lstr7_Detector_nivel+6
0x0527	0x2B22 ;?ICS?lstr7_Detector_nivel+8
0x0529	0x3735 ;?ICS?lstr7_Detector_nivel+10
0x052B	0x3033 ;?ICS?lstr7_Detector_nivel+12
0x052D	0x3731 ;?ICS?lstr7_Detector_nivel+14
0x052F	0x3537 ;?ICS?lstr7_Detector_nivel+16
0x0531	0x3539 ;?ICS?lstr7_Detector_nivel+18
0x0533	0x3035 ;?ICS?lstr7_Detector_nivel+20
0x0535	0x0A22 ;?ICS?lstr7_Detector_nivel+22
0x0537	0x000D ;?ICS?lstr7_Detector_nivel+24
; end of ?ICS?lstr7_Detector_nivel
;Detector_nivel.c,0 :: ?ICS?lstr8_Detector_nivel
0x0539	0x694E ;?ICS?lstr8_Detector_nivel+0
0x053B	0x6576 ;?ICS?lstr8_Detector_nivel+2
0x053D	0x206C ;?ICS?lstr8_Detector_nivel+4
0x053F	0x6564 ;?ICS?lstr8_Detector_nivel+6
0x0541	0x206C ;?ICS?lstr8_Detector_nivel+8
0x0543	0x6972 ;?ICS?lstr8_Detector_nivel+10
0x0545	0x3A6F ;?ICS?lstr8_Detector_nivel+12
0x0547	0x3320 ;?ICS?lstr8_Detector_nivel+14
0x0549	0x6D20 ;?ICS?lstr8_Detector_nivel+16
0x054B	0x7465 ;?ICS?lstr8_Detector_nivel+18
0x054D	0x6F72 ;?ICS?lstr8_Detector_nivel+20
0x054F	0x0A73 ;?ICS?lstr8_Detector_nivel+22
0x0551	0x000D ;?ICS?lstr8_Detector_nivel+24
; end of ?ICS?lstr8_Detector_nivel
;Detector_nivel.c,0 :: ?ICS?lstr9_Detector_nivel
0x0553	0x5441 ;?ICS?lstr9_Detector_nivel+0
0x0555	0x432B ;?ICS?lstr9_Detector_nivel+2
0x0557	0x474D ;?ICS?lstr9_Detector_nivel+4
0x0559	0x3D53 ;?ICS?lstr9_Detector_nivel+6
0x055B	0x3322 ;?ICS?lstr9_Detector_nivel+8
0x055D	0x3130 ;?ICS?lstr9_Detector_nivel+10
0x055F	0x3737 ;?ICS?lstr9_Detector_nivel+12
0x0561	0x3935 ;?ICS?lstr9_Detector_nivel+14
0x0563	0x3535 ;?ICS?lstr9_Detector_nivel+16
0x0565	0x2230 ;?ICS?lstr9_Detector_nivel+18
0x0567	0x0D0A ;?ICS?lstr9_Detector_nivel+20
0x0569	0x00 ;?ICS?lstr9_Detector_nivel+22
; end of ?ICS?lstr9_Detector_nivel
;Detector_nivel.c,0 :: ?ICS?lstr10_Detector_nivel
0x056A	0x6159 ;?ICS?lstr10_Detector_nivel+0
0x056C	0x6C20 ;?ICS?lstr10_Detector_nivel+2
0x056E	0x2061 ;?ICS?lstr10_Detector_nivel+4
0x0570	0x6973 ;?ICS?lstr10_Detector_nivel+6
0x0572	0x6572 ;?ICS?lstr10_Detector_nivel+8
0x0574	0x616E ;?ICS?lstr10_Detector_nivel+10
0x0576	0x6520 ;?ICS?lstr10_Detector_nivel+12
0x0578	0x7473 ;?ICS?lstr10_Detector_nivel+14
0x057A	0x2061 ;?ICS?lstr10_Detector_nivel+16
0x057C	0x7061 ;?ICS?lstr10_Detector_nivel+18
0x057E	0x6761 ;?ICS?lstr10_Detector_nivel+20
0x0580	0x6461 ;?ICS?lstr10_Detector_nivel+22
0x0582	0x0A61 ;?ICS?lstr10_Detector_nivel+24
0x0584	0x000D ;?ICS?lstr10_Detector_nivel+26
; end of ?ICS?lstr10_Detector_nivel
Symbol List:
//** Routines locations **
//ADDRESS    SIZE    PROCEDURE
//----------------------------------------------
0x001C      [14]    _UART1_Write
0x002A      [52]    _UART1_Write_Text
0x005E      [24]    _____DoIFC
0x0076      [24]    _UART_Write
0x008E      [16]    ___CC2DW
0x009E      [86]    _UART1_Init
0x00F4      [12]    _printf
0x0100     [928]    _main
//** Variables locations ** 
//ADDRESS    SIZE    VARIABLE
//----------------------------------------------
0x0000       [1]    R0
0x0000       [1]    UART1_Init_tmp_L0
0x0001       [1]    R1
0x0001       [1]    ispunct_rslt_L0
0x0001       [1]    UART1_Read___tmp_UART1_Read_L0
0x0002       [1]    R2
0x0002       [2]    memchr_s_L0
0x0002       [2]    strlen_cp_L0
0x0002       [2]    memset_pp_L0
0x0002       [2]    memcpy_dd_L0
0x0003       [2]    memmove_tt_L0
0x0003       [1]    R3
0x0004       [2]    strcpy_cp_L0
0x0004       [2]    strncat_cp_L0
0x0004       [2]    strncpy_cp_L0
0x0004       [2]    memcpy_ss_L0
0x0004       [2]    strcat_cp_L0
0x0004       [1]    R4
0x0005       [2]    memmove_ff_L0
0x0005       [1]    R5
0x0006       [1]    R6
0x0007       [1]    R7
0x0008       [1]    R8
0x0009       [1]    R9
0x000A       [1]    R10
0x000B       [1]    R11
0x000C       [1]    R12
0x000D       [1]    R13
0x000E       [1]    R14
0x000F       [1]    R15
0x0010       [1]    R16
0x0011       [1]    R17
0x0012       [1]    R18
0x0013       [1]    R19
0x0014       [1]    R20
0x0015       [1]    _ctrl
0x0016       [1]    _sirena
0x0017       [4]    _UART_Rd_Ptr
0x001B       [4]    _UART_Wr_Ptr
0x001F       [4]    _UART_Rdy_Ptr
0x0023       [4]    _UART_Tx_Idle_Ptr
0x0027      [12]    ?lstr1_Detector_nivel
0x0033      [12]    ?lstr2_Detector_nivel
0x003F      [26]    ?lstr3_Detector_nivel
0x0059      [25]    ?lstr4_Detector_nivel
0x0072      [26]    ?lstr5_Detector_nivel
0x008C      [26]    ?lstr6_Detector_nivel
0x00A6      [26]    ?lstr7_Detector_nivel
0x00C0      [26]    ?lstr8_Detector_nivel
0x00DA      [23]    ?lstr9_Detector_nivel
0x00F1      [28]    ?lstr10_Detector_nivel
0x010D       [1]    FARG_UART_Write__data
0x010D       [2]    FARG_printf_msg
0x010F       [2]    FARG_UART1_Write_Text_uart_text
0x0111       [1]    UART1_Write_Text_data__L0
0x0112       [1]    UART1_Write_Text_counter_L0
0x0113       [1]    FARG_UART1_Write_data_
0x0F81       [0]    RB5_bit
0x0F81       [0]    RB7_bit
0x0F81       [0]    RB6_bit
0x0F83       [0]    RD0_bit
0x0F83       [0]    RD2_bit
0x0F94       [1]    TRISC
0x0F94       [0]    TRISC7_bit
0x0F94       [0]    TRISC6_bit
0x0F95       [0]    TRISD2_bit
0x0F95       [0]    TRISD0_bit
0x0F9E       [1]    PIR1
0x0FAB       [1]    RCSTA
0x0FAC       [1]    TXSTA
0x0FAD       [1]    TXREG
0x0FAE       [1]    RCREG
0x0FAF       [1]    SPBRG
0x0FB0       [1]    SPBRGH
0x0FB8       [1]    BAUDCON
0x0FD8       [1]    STATUS
0x0FD9       [1]    FSR2L
0x0FDA       [1]    FSR2H
0x0FDE       [1]    POSTINC2
0x0FE0       [1]    BSR
0x0FE1       [1]    FSR1L
0x0FE1       [2]    FSR1
0x0FE2       [1]    FSR1H
0x0FE4       [1]    PREINC1
0x0FE6       [1]    POSTINC1
0x0FE7       [1]    INDF1
0x0FE8       [1]    WREG
0x0FE9       [1]    FSR0L
0x0FEA       [1]    FSR0H
0x0FEE       [1]    POSTINC0
0x0FF2       [1]    INTCON
0x0FF3       [1]    PRODL
0x0FF4       [1]    PRODH
0x0FF5       [1]    TABLAT
0x0FF6       [1]    TBLPTRL
0x0FF7       [1]    TBLPTRH
0x0FF8       [1]    TBLPTRU
0x0FFD       [1]    TOSL
0x0FFE       [1]    TOSH
0x0FFF       [1]    TOSU
//** Constants locations ** 
//ADDRESS    SIZE    CONSTANT
//----------------------------------------------
0x04A0      [12]    ?ICS?lstr1_Detector_nivel
0x04AC      [12]    ?ICS?lstr2_Detector_nivel
0x04B8      [26]    ?ICS?lstr3_Detector_nivel
0x04D2      [25]    ?ICS?lstr4_Detector_nivel
0x04EB      [26]    ?ICS?lstr5_Detector_nivel
0x0505      [26]    ?ICS?lstr6_Detector_nivel
0x051F      [26]    ?ICS?lstr7_Detector_nivel
0x0539      [26]    ?ICS?lstr8_Detector_nivel
0x0553      [23]    ?ICS?lstr9_Detector_nivel
0x056A      [28]    ?ICS?lstr10_Detector_nivel
