;  LST file generated by mikroListExporter - v.2.0 
; Date/Time: 26/11/2020 20:28:20
;----------------------------------------------

;Address Opcode 	ASM
0x0000	0x2ABD      	GOTO       701
_interrupt:
0x0004	0x00FF      	MOVWF      R15
0x0005	0x0E03      	SWAPF      STATUS, 0
0x0006	0x0183      	CLRF       STATUS
0x0007	0x00CE      	MOVWF      ___saveSTATUS
0x0008	0x080A      	MOVF       PCLATH, 0
0x0009	0x00CD      	MOVWF      ___savePCLATH
0x000A	0x018A      	CLRF       PCLATH
;_.c,45 :: 		void interrupt(void)
;_.c,47 :: 		INTCON.GIE = 0;        // Se deshabilitan todas las interrupciones
0x000B	0x138B      	BCF        INTCON, 7
;_.c,48 :: 		if (INTCON.T0IF == 1 ) // se chequea si el timer 0 fue el causante
0x000C	0x1D0B      	BTFSS      INTCON, 2
0x000D	0x2810      	GOTO       L_interrupt0
;_.c,50 :: 		INTCON.T0IF = 0;   //se baja la bandera del timer0
0x000E	0x110B      	BCF        INTCON, 2
;_.c,51 :: 		ctrl++;            // se lleva control del numero de interrupciones
0x000F	0x0AA5      	INCF       _ctrl, 1
;_.c,52 :: 		}
L_interrupt0:
;_.c,53 :: 		INTCON.GIE = 1;        //se Habilitan todas las interrupciones
0x0010	0x178B      	BSF        INTCON, 7
;_.c,54 :: 		}
L_end_interrupt:
L__interrupt26:
0x0011	0x084D      	MOVF       ___savePCLATH, 0
0x0012	0x008A      	MOVWF      PCLATH
0x0013	0x0E4E      	SWAPF      ___saveSTATUS, 0
0x0014	0x0083      	MOVWF      STATUS
0x0015	0x0EFF      	SWAPF      R15, 1
0x0016	0x0E7F      	SWAPF      R15, 0
0x0017	0x0009      	RETFIE
; end of _interrupt
_RES032:
;__Lib_MathDouble.c,123 :: 		
;__Lib_MathDouble.c,128 :: 		
0x0018	0x01F2      	CLRF       R2
;__Lib_MathDouble.c,129 :: 		
0x0019	0x01F1      	CLRF       R1
;__Lib_MathDouble.c,130 :: 		
0x001A	0x01F0      	CLRF       R0
;__Lib_MathDouble.c,131 :: 		
0x001B	0x01F8      	CLRF       R8
;__Lib_MathDouble.c,132 :: 		
0x001C	0x01F3      	CLRF       R3
;__Lib_MathDouble.c,133 :: 		
0x001D	0x3000      	MOVLW      0
;__Lib_MathDouble.c,135 :: 		
L_end_RES032:
0x001E	0x0008      	RETURN
; end of _RES032
_SETFUN32:
;__Lib_MathDouble.c,138 :: 		
;__Lib_MathDouble.c,145 :: 		
0x001F	0x157B      	BSF        R11, 2
;__Lib_MathDouble.c,146 :: 		
0x0020	0x1FFB      	BTFSS      R11, 7
;__Lib_MathDouble.c,147 :: 		
0x0021	0x2829      	GOTO       SETFUN32EEE
;__Lib_MathDouble.c,148 :: 		
0x0022	0x3001      	MOVLW      1
;__Lib_MathDouble.c,149 :: 		
0x0023	0x00F3      	MOVWF      R3
;__Lib_MathDouble.c,150 :: 		
0x0024	0x01F2      	CLRF       R2
;__Lib_MathDouble.c,151 :: 		
0x0025	0x01F1      	CLRF       R1
;__Lib_MathDouble.c,152 :: 		
0x0026	0x01F0      	CLRF       R0
;__Lib_MathDouble.c,153 :: 		
0x0027	0x0DFA      	RLF        R10, 1
;__Lib_MathDouble.c,154 :: 		
0x0028	0x0CF2      	RRF        R2, 1
;__Lib_MathDouble.c,155 :: 		
SETFUN32EEE:
;__Lib_MathDouble.c,156 :: 		
0x0029	0x30FF      	MOVLW      255
;__Lib_MathDouble.c,158 :: 		
L_end_SETFUN32:
0x002A	0x0008      	RETURN
; end of _SETFUN32
_FIXSIGN32:
;__Lib_MathDouble.c,112 :: 		
;__Lib_MathDouble.c,116 :: 		
0x002B	0x1FFA      	BTFSS      R10, 7
;__Lib_MathDouble.c,117 :: 		
0x002C	0x13F2      	BCF        R2, 7
;__Lib_MathDouble.c,118 :: 		
0x002D	0x3000      	MOVLW      0
;__Lib_MathDouble.c,120 :: 		
L_end_FIXSIGN32:
0x002E	0x0008      	RETURN
; end of _FIXSIGN32
_SETFOV32:
;__Lib_MathDouble.c,79 :: 		
;__Lib_MathDouble.c,86 :: 		
0x002F	0x14FB      	BSF        R11, 1
;__Lib_MathDouble.c,87 :: 		
0x0030	0x1FFB      	BTFSS      R11, 7
;__Lib_MathDouble.c,88 :: 		
0x0031	0x2839      	GOTO       SETFOV32EEE
;__Lib_MathDouble.c,89 :: 		
0x0032	0x30FF      	MOVLW      255
;__Lib_MathDouble.c,90 :: 		
0x0033	0x00F3      	MOVWF      R3
;__Lib_MathDouble.c,91 :: 		
0x0034	0x00F2      	MOVWF      R2
;__Lib_MathDouble.c,92 :: 		
0x0035	0x00F1      	MOVWF      R1
;__Lib_MathDouble.c,93 :: 		
0x0036	0x00F0      	MOVWF      R0
;__Lib_MathDouble.c,94 :: 		
0x0037	0x0DFA      	RLF        R10, 1
;__Lib_MathDouble.c,95 :: 		
0x0038	0x0CF2      	RRF        R2, 1
;__Lib_MathDouble.c,96 :: 		
SETFOV32EEE:
;__Lib_MathDouble.c,97 :: 		
0x0039	0x30FF      	MOVLW      255
;__Lib_MathDouble.c,99 :: 		
L_end_SETFOV32:
0x003A	0x0008      	RETURN
; end of _SETFOV32
_NRM3232:
;__Lib_MathDouble.c,167 :: 		
;__Lib_MathDouble.c,173 :: 		
;__Lib_MathDouble.c,175 :: 		
0x003B	0x01A0      	CLRF       __math_tempbD
;__Lib_MathDouble.c,176 :: 		
0x003C	0x0872      	MOVF       R2, 0
;__Lib_MathDouble.c,177 :: 		
0x003D	0x1D03      	BTFSS      STATUS, 2
;__Lib_MathDouble.c,178 :: 		
0x003E	0x2850      	GOTO       NORM3232
;__Lib_MathDouble.c,179 :: 		
0x003F	0x0871      	MOVF       R1, 0
;__Lib_MathDouble.c,180 :: 		
0x0040	0x00F2      	MOVWF      R2
;__Lib_MathDouble.c,181 :: 		
0x0041	0x0870      	MOVF       R0, 0
;__Lib_MathDouble.c,182 :: 		
0x0042	0x00F1      	MOVWF      R1
;__Lib_MathDouble.c,183 :: 		
0x0043	0x01F0      	CLRF       R0
;__Lib_MathDouble.c,184 :: 		
0x0044	0x15A0      	BSF        __math_tempbD, 3
;__Lib_MathDouble.c,186 :: 		
0x0045	0x0872      	MOVF       R2, 0
;__Lib_MathDouble.c,187 :: 		
0x0046	0x1D03      	BTFSS      STATUS, 2
;__Lib_MathDouble.c,188 :: 		
0x0047	0x2850      	GOTO       NORM3232
;__Lib_MathDouble.c,189 :: 		
0x0048	0x0871      	MOVF       R1, 0
;__Lib_MathDouble.c,190 :: 		
0x0049	0x00F2      	MOVWF      R2
;__Lib_MathDouble.c,191 :: 		
0x004A	0x01F1      	CLRF       R1
;__Lib_MathDouble.c,192 :: 		
0x004B	0x11A0      	BCF        __math_tempbD, 3
;__Lib_MathDouble.c,193 :: 		
0x004C	0x1620      	BSF        __math_tempbD, 4
;__Lib_MathDouble.c,195 :: 		
0x004D	0x0872      	MOVF       R2, 0
;__Lib_MathDouble.c,196 :: 		
0x004E	0x1903      	BTFSC      STATUS, 2
;__Lib_MathDouble.c,197 :: 		
0x004F	0x285E      	GOTO       JPNRES032
;__Lib_MathDouble.c,198 :: 		
NORM3232:
;__Lib_MathDouble.c,199 :: 		
0x0050	0x0820      	MOVF       __math_tempbD, 0
;__Lib_MathDouble.c,200 :: 		
0x0051	0x02F3      	SUBWF      R3, 1
;__Lib_MathDouble.c,201 :: 		
0x0052	0x1D03      	BTFSS      STATUS, 2
;__Lib_MathDouble.c,202 :: 		
0x0053	0x1C03      	BTFSS      STATUS, 0
;__Lib_MathDouble.c,203 :: 		
0x0054	0x2862      	GOTO       JPNSETFUN32
;__Lib_MathDouble.c,204 :: 		
0x0055	0x1003      	BCF        STATUS, 0
;__Lib_MathDouble.c,205 :: 		
NORM3232A:
;__Lib_MathDouble.c,206 :: 		
0x0056	0x1BF2      	BTFSC      R2, 7
;__Lib_MathDouble.c,207 :: 		
0x0057	0x2866      	GOTO       JMPNFIXSIGN32
;__Lib_MathDouble.c,208 :: 		
0x0058	0x0DF0      	RLF        R0, 1
;__Lib_MathDouble.c,209 :: 		
0x0059	0x0DF1      	RLF        R1, 1
;__Lib_MathDouble.c,210 :: 		
0x005A	0x0DF2      	RLF        R2, 1
;__Lib_MathDouble.c,211 :: 		
0x005B	0x0BF3      	DECFSZ     R3, 1
;__Lib_MathDouble.c,212 :: 		
0x005C	0x2856      	GOTO       NORM3232A
;__Lib_MathDouble.c,213 :: 		
0x005D	0x2862      	GOTO       JPNSETFUN32
;__Lib_MathDouble.c,214 :: 		
JPNRES032:
;__Lib_MathDouble.c,215 :: 		
0x005E	0x3001      	MOVLW      1
;__Lib_MathDouble.c,216 :: 		
0x005F	0x00FC      	MOVWF      R12
;__Lib_MathDouble.c,218 :: 		
0x0060	0x2018      	CALL       _RES032
;__Lib_MathDouble.c,220 :: 		
0x0061	0x2869      	GOTO       NORM32EEE
;__Lib_MathDouble.c,221 :: 		
JPNSETFUN32:
;__Lib_MathDouble.c,222 :: 		
0x0062	0x3002      	MOVLW      2
;__Lib_MathDouble.c,223 :: 		
0x0063	0x00FC      	MOVWF      R12
;__Lib_MathDouble.c,225 :: 		
0x0064	0x201F      	CALL       _SETFUN32
;__Lib_MathDouble.c,227 :: 		
0x0065	0x2869      	GOTO       NORM32EEE
;__Lib_MathDouble.c,228 :: 		
JMPNFIXSIGN32:
;__Lib_MathDouble.c,229 :: 		
0x0066	0x3004      	MOVLW      4
;__Lib_MathDouble.c,230 :: 		
0x0067	0x00FC      	MOVWF      R12
;__Lib_MathDouble.c,232 :: 		
0x0068	0x202B      	CALL       _FIXSIGN32
;__Lib_MathDouble.c,234 :: 		
NORM32EEE:
;__Lib_MathDouble.c,236 :: 		
L_end_NRM3232:
0x0069	0x0008      	RETURN
; end of _NRM3232
_UART1_Write:
;__Lib_UART_c67.c,39 :: 		
;__Lib_UART_c67.c,40 :: 		
L_UART1_Write3:
0x006A	0x1683      	BSF        STATUS, 5
0x006B	0x1303      	BCF        STATUS, 6
0x006C	0x1898      	BTFSC      TXSTA, 1
0x006D	0x2870      	GOTO       L_UART1_Write4
;__Lib_UART_c67.c,41 :: 		
0x006E	0x0000      	NOP
0x006F	0x286A      	GOTO       L_UART1_Write3
L_UART1_Write4:
;__Lib_UART_c67.c,42 :: 		
0x0070	0x1283      	BCF        STATUS, 5
0x0071	0x0856      	MOVF       FARG_UART1_Write_data_, 0
0x0072	0x0099      	MOVWF      TXREG
;__Lib_UART_c67.c,43 :: 		
L_end_UART1_Write:
0x0073	0x0008      	RETURN
; end of _UART1_Write
_NRM4032:
;__Lib_MathDouble.c,245 :: 		
;__Lib_MathDouble.c,252 :: 		
;__Lib_MathDouble.c,254 :: 		
0x0074	0x187C      	BTFSC      R12, 0
;__Lib_MathDouble.c,255 :: 		
0x0075	0x28AA      	GOTO       NRMRND4032
;__Lib_MathDouble.c,256 :: 		
0x0076	0x18FC      	BTFSC      R12, 1
;__Lib_MathDouble.c,257 :: 		
0x0077	0x287B      	GOTO       NRM4032
;__Lib_MathDouble.c,258 :: 		
0x0078	0x197C      	BTFSC      R12, 2
;__Lib_MathDouble.c,259 :: 		
0x0079	0x28C9      	GOTO       JMPSETFOV32
;__Lib_MathDouble.c,260 :: 		
0x007A	0x2874      	GOTO       $-6
;__Lib_MathDouble.c,261 :: 		
NRM4032:
;__Lib_MathDouble.c,262 :: 		
0x007B	0x01A0      	CLRF       __math_tempbD
;__Lib_MathDouble.c,263 :: 		
0x007C	0x0872      	MOVF       R2, 0
;__Lib_MathDouble.c,264 :: 		
0x007D	0x1D03      	BTFSS      STATUS, 2
;__Lib_MathDouble.c,265 :: 		
0x007E	0x289B      	GOTO       NORM4032
;__Lib_MathDouble.c,266 :: 		
0x007F	0x0871      	MOVF       R1, 0
;__Lib_MathDouble.c,267 :: 		
0x0080	0x00F2      	MOVWF      R2
;__Lib_MathDouble.c,268 :: 		
0x0081	0x0870      	MOVF       R0, 0
;__Lib_MathDouble.c,269 :: 		
0x0082	0x00F1      	MOVWF      R1
;__Lib_MathDouble.c,270 :: 		
0x0083	0x0878      	MOVF       R8, 0
;__Lib_MathDouble.c,271 :: 		
0x0084	0x00F0      	MOVWF      R0
;__Lib_MathDouble.c,272 :: 		
0x0085	0x01F8      	CLRF       R8
;__Lib_MathDouble.c,273 :: 		
0x0086	0x15A0      	BSF        __math_tempbD, 3
;__Lib_MathDouble.c,275 :: 		
0x0087	0x0872      	MOVF       R2, 0
;__Lib_MathDouble.c,276 :: 		
0x0088	0x1D03      	BTFSS      STATUS, 2
;__Lib_MathDouble.c,277 :: 		
0x0089	0x289B      	GOTO       NORM4032
;__Lib_MathDouble.c,278 :: 		
0x008A	0x0871      	MOVF       R1, 0
;__Lib_MathDouble.c,279 :: 		
0x008B	0x00F2      	MOVWF      R2
;__Lib_MathDouble.c,280 :: 		
0x008C	0x0870      	MOVF       R0, 0
;__Lib_MathDouble.c,281 :: 		
0x008D	0x00F1      	MOVWF      R1
;__Lib_MathDouble.c,282 :: 		
0x008E	0x01F0      	CLRF       R0
;__Lib_MathDouble.c,283 :: 		
0x008F	0x11A0      	BCF        __math_tempbD, 3
;__Lib_MathDouble.c,284 :: 		
0x0090	0x1620      	BSF        __math_tempbD, 4
;__Lib_MathDouble.c,286 :: 		
0x0091	0x0872      	MOVF       R2, 0
;__Lib_MathDouble.c,287 :: 		
0x0092	0x1D03      	BTFSS      STATUS, 2
;__Lib_MathDouble.c,288 :: 		
0x0093	0x289B      	GOTO       NORM4032
;__Lib_MathDouble.c,289 :: 		
0x0094	0x0871      	MOVF       R1, 0
;__Lib_MathDouble.c,290 :: 		
0x0095	0x00F2      	MOVWF      R2
;__Lib_MathDouble.c,291 :: 		
0x0096	0x01F1      	CLRF       R1
;__Lib_MathDouble.c,292 :: 		
0x0097	0x15A0      	BSF        __math_tempbD, 3
;__Lib_MathDouble.c,294 :: 		
0x0098	0x0872      	MOVF       R2, 0
;__Lib_MathDouble.c,295 :: 		
0x0099	0x1903      	BTFSC      STATUS, 2
;__Lib_MathDouble.c,296 :: 		
0x009A	0x28BD      	GOTO       JMPRES032
;__Lib_MathDouble.c,297 :: 		
NORM4032:
;__Lib_MathDouble.c,298 :: 		
0x009B	0x0820      	MOVF       __math_tempbD, 0
;__Lib_MathDouble.c,299 :: 		
0x009C	0x02F3      	SUBWF      R3, 1
;__Lib_MathDouble.c,300 :: 		
0x009D	0x1D03      	BTFSS      STATUS, 2
;__Lib_MathDouble.c,301 :: 		
0x009E	0x1C03      	BTFSS      STATUS, 0
;__Lib_MathDouble.c,302 :: 		
0x009F	0x28C1      	GOTO       JMPSETFUN32
;__Lib_MathDouble.c,303 :: 		
0x00A0	0x1003      	BCF        STATUS, 0
;__Lib_MathDouble.c,304 :: 		
NORM4032A:
;__Lib_MathDouble.c,305 :: 		
0x00A1	0x1BF2      	BTFSC      R2, 7
;__Lib_MathDouble.c,306 :: 		
0x00A2	0x28AA      	GOTO       NRMRND4032
;__Lib_MathDouble.c,307 :: 		
0x00A3	0x0DF8      	RLF        R8, 1
;__Lib_MathDouble.c,308 :: 		
0x00A4	0x0DF0      	RLF        R0, 1
;__Lib_MathDouble.c,309 :: 		
0x00A5	0x0DF1      	RLF        R1, 1
;__Lib_MathDouble.c,310 :: 		
0x00A6	0x0DF2      	RLF        R2, 1
;__Lib_MathDouble.c,311 :: 		
0x00A7	0x0BF3      	DECFSZ     R3, 1
;__Lib_MathDouble.c,312 :: 		
0x00A8	0x28A1      	GOTO       NORM4032A
;__Lib_MathDouble.c,313 :: 		
0x00A9	0x28C1      	GOTO       JMPSETFUN32
;__Lib_MathDouble.c,314 :: 		
NRMRND4032:
;__Lib_MathDouble.c,315 :: 		
0x00AA	0x1B7B      	BTFSC      R11, 6
;__Lib_MathDouble.c,316 :: 		
0x00AB	0x1C70      	BTFSS      R0, 0
;__Lib_MathDouble.c,317 :: 		
0x00AC	0x28C5      	GOTO       JMPFIXSIGN32
;__Lib_MathDouble.c,318 :: 		
0x00AD	0x1FF8      	BTFSS      R8, 7
;__Lib_MathDouble.c,319 :: 		
0x00AE	0x28C5      	GOTO       JMPFIXSIGN32
;__Lib_MathDouble.c,320 :: 		
0x00AF	0x0AF0      	INCF       R0, 1
;__Lib_MathDouble.c,321 :: 		
0x00B0	0x1903      	BTFSC      STATUS, 2
;__Lib_MathDouble.c,322 :: 		
0x00B1	0x0AF1      	INCF       R1, 1
;__Lib_MathDouble.c,323 :: 		
0x00B2	0x1903      	BTFSC      STATUS, 2
;__Lib_MathDouble.c,324 :: 		
0x00B3	0x0AF2      	INCF       R2, 1
;__Lib_MathDouble.c,325 :: 		
0x00B4	0x1D03      	BTFSS      STATUS, 2
;__Lib_MathDouble.c,326 :: 		
0x00B5	0x28C5      	GOTO       JMPFIXSIGN32
;__Lib_MathDouble.c,327 :: 		
0x00B6	0x0CF2      	RRF        R2, 1
;__Lib_MathDouble.c,328 :: 		
0x00B7	0x0CF1      	RRF        R1, 1
;__Lib_MathDouble.c,329 :: 		
0x00B8	0x0CF0      	RRF        R0, 1
;__Lib_MathDouble.c,330 :: 		
0x00B9	0x0AF3      	INCF       R3, 1
;__Lib_MathDouble.c,331 :: 		
0x00BA	0x1903      	BTFSC      STATUS, 2
;__Lib_MathDouble.c,332 :: 		
0x00BB	0x28C9      	GOTO       JMPSETFOV32
;__Lib_MathDouble.c,333 :: 		
0x00BC	0x28C5      	GOTO       JMPFIXSIGN32
;__Lib_MathDouble.c,334 :: 		
JMPRES032:
;__Lib_MathDouble.c,335 :: 		
0x00BD	0x3001      	MOVLW      1
;__Lib_MathDouble.c,336 :: 		
0x00BE	0x00FC      	MOVWF      R12
;__Lib_MathDouble.c,338 :: 		
0x00BF	0x2018      	CALL       _RES032
;__Lib_MathDouble.c,340 :: 		
0x00C0	0x28CC      	GOTO       NRM4032EEE
;__Lib_MathDouble.c,341 :: 		
JMPSETFUN32:
;__Lib_MathDouble.c,342 :: 		
0x00C1	0x3002      	MOVLW      2
;__Lib_MathDouble.c,343 :: 		
0x00C2	0x00FC      	MOVWF      R12
;__Lib_MathDouble.c,345 :: 		
0x00C3	0x201F      	CALL       _SETFUN32
;__Lib_MathDouble.c,347 :: 		
0x00C4	0x28CC      	GOTO       NRM4032EEE
;__Lib_MathDouble.c,348 :: 		
JMPFIXSIGN32:
;__Lib_MathDouble.c,349 :: 		
0x00C5	0x3004      	MOVLW      4
;__Lib_MathDouble.c,350 :: 		
0x00C6	0x00FC      	MOVWF      R12
;__Lib_MathDouble.c,352 :: 		
0x00C7	0x202B      	CALL       _FIXSIGN32
;__Lib_MathDouble.c,354 :: 		
0x00C8	0x28CC      	GOTO       NRM4032EEE
;__Lib_MathDouble.c,355 :: 		
JMPSETFOV32:
;__Lib_MathDouble.c,356 :: 		
0x00C9	0x3008      	MOVLW      8
;__Lib_MathDouble.c,357 :: 		
0x00CA	0x00FC      	MOVWF      R12
;__Lib_MathDouble.c,359 :: 		
0x00CB	0x202F      	CALL       _SETFOV32
;__Lib_MathDouble.c,361 :: 		
NRM4032EEE:
;__Lib_MathDouble.c,362 :: 		
0x00CC	0x0000      	NOP
;__Lib_MathDouble.c,370 :: 		
L_end_NRM4032:
0x00CD	0x0008      	RETURN
; end of _NRM4032
_UART1_Write_Text:
;__Lib_UART_c67.c,47 :: 		
;__Lib_UART_c67.c,48 :: 		
0x00CE	0x1283      	BCF        STATUS, 5
0x00CF	0x1303      	BCF        STATUS, 6
0x00D0	0x01D5      	CLRF       UART1_Write_Text_counter_L0
;__Lib_UART_c67.c,50 :: 		
0x00D1	0x0853      	MOVF       FARG_UART1_Write_Text_uart_text, 0
0x00D2	0x0084      	MOVWF      FSR
0x00D3	0x0800      	MOVF       INDF, 0
0x00D4	0x00D4      	MOVWF      UART1_Write_Text_data__L0
;__Lib_UART_c67.c,51 :: 		
L_UART1_Write_Text5:
0x00D5	0x0854      	MOVF       UART1_Write_Text_data__L0, 0
0x00D6	0x3A00      	XORLW      0
0x00D7	0x1903      	BTFSC      STATUS, 2
0x00D8	0x28E3      	GOTO       L_UART1_Write_Text6
;__Lib_UART_c67.c,52 :: 		
0x00D9	0x0854      	MOVF       UART1_Write_Text_data__L0, 0
0x00DA	0x00D6      	MOVWF      FARG_UART1_Write_data_
0x00DB	0x206A      	CALL       _UART1_Write
;__Lib_UART_c67.c,53 :: 		
0x00DC	0x0AD5      	INCF       UART1_Write_Text_counter_L0, 1
;__Lib_UART_c67.c,54 :: 		
0x00DD	0x0855      	MOVF       UART1_Write_Text_counter_L0, 0
0x00DE	0x0753      	ADDWF      FARG_UART1_Write_Text_uart_text, 0
0x00DF	0x0084      	MOVWF      FSR
0x00E0	0x0800      	MOVF       INDF, 0
0x00E1	0x00D4      	MOVWF      UART1_Write_Text_data__L0
;__Lib_UART_c67.c,55 :: 		
0x00E2	0x28D5      	GOTO       L_UART1_Write_Text5
L_UART1_Write_Text6:
;__Lib_UART_c67.c,56 :: 		
L_end_UART1_Write_Text:
0x00E3	0x0008      	RETURN
; end of _UART1_Write_Text
_Add_32x32_FP:
;__Lib_MathDouble.c,379 :: 		
;__Lib_MathDouble.c,390 :: 		
;__Lib_MathDouble.c,392 :: 		
0x00E4	0x1283      	BCF        STATUS, 5
;__Lib_MathDouble.c,393 :: 		
0x00E5	0x1303      	BCF        STATUS, 6
;__Lib_MathDouble.c,394 :: 		
0x00E6	0x0872      	MOVF       R2, 0
;__Lib_MathDouble.c,395 :: 		
0x00E7	0x0676      	XORWF      R6, 0
;__Lib_MathDouble.c,396 :: 		
0x00E8	0x00A0      	MOVWF      __math_tempbD
;__Lib_MathDouble.c,398 :: 		
0x00E9	0x01F8      	CLRF       R8
;__Lib_MathDouble.c,399 :: 		
0x00EA	0x01F9      	CLRF       R9
;__Lib_MathDouble.c,401 :: 		
0x00EB	0x0873      	MOVF       R3, 0
;__Lib_MathDouble.c,402 :: 		
0x00EC	0x0277      	SUBWF      R7, 0
;__Lib_MathDouble.c,403 :: 		
0x00ED	0x1C03      	BTFSS      STATUS, 0
;__Lib_MathDouble.c,404 :: 		
0x00EE	0x2907      	GOTO       USEA32
;__Lib_MathDouble.c,406 :: 		
0x00EF	0x0877      	MOVF       R7, 0
;__Lib_MathDouble.c,407 :: 		
0x00F0	0x00FD      	MOVWF      R13
;__Lib_MathDouble.c,408 :: 		
0x00F1	0x0873      	MOVF       R3, 0
;__Lib_MathDouble.c,409 :: 		
0x00F2	0x00F7      	MOVWF      R7
;__Lib_MathDouble.c,410 :: 		
0x00F3	0x087D      	MOVF       R13, 0
;__Lib_MathDouble.c,411 :: 		
0x00F4	0x00F3      	MOVWF      R3
;__Lib_MathDouble.c,413 :: 		
0x00F5	0x0876      	MOVF       R6, 0
;__Lib_MathDouble.c,414 :: 		
0x00F6	0x00FD      	MOVWF      R13
;__Lib_MathDouble.c,415 :: 		
0x00F7	0x0872      	MOVF       R2, 0
;__Lib_MathDouble.c,416 :: 		
0x00F8	0x00F6      	MOVWF      R6
;__Lib_MathDouble.c,417 :: 		
0x00F9	0x087D      	MOVF       R13, 0
;__Lib_MathDouble.c,418 :: 		
0x00FA	0x00F2      	MOVWF      R2
;__Lib_MathDouble.c,420 :: 		
0x00FB	0x0875      	MOVF       R5, 0
;__Lib_MathDouble.c,421 :: 		
0x00FC	0x00FD      	MOVWF      R13
;__Lib_MathDouble.c,422 :: 		
0x00FD	0x0871      	MOVF       R1, 0
;__Lib_MathDouble.c,423 :: 		
0x00FE	0x00F5      	MOVWF      R5
;__Lib_MathDouble.c,424 :: 		
0x00FF	0x087D      	MOVF       R13, 0
;__Lib_MathDouble.c,425 :: 		
0x0100	0x00F1      	MOVWF      R1
;__Lib_MathDouble.c,427 :: 		
0x0101	0x0874      	MOVF       R4, 0
;__Lib_MathDouble.c,428 :: 		
0x0102	0x00FD      	MOVWF      R13
;__Lib_MathDouble.c,429 :: 		
0x0103	0x0870      	MOVF       R0, 0
;__Lib_MathDouble.c,430 :: 		
0x0104	0x00F4      	MOVWF      R4
;__Lib_MathDouble.c,431 :: 		
0x0105	0x087D      	MOVF       R13, 0
;__Lib_MathDouble.c,432 :: 		
0x0106	0x00F0      	MOVWF      R0
;__Lib_MathDouble.c,433 :: 		
USEA32:
;__Lib_MathDouble.c,434 :: 		
0x0107	0x0877      	MOVF       R7, 0
;__Lib_MathDouble.c,435 :: 		
0x0108	0x1903      	BTFSC      STATUS, 2
;__Lib_MathDouble.c,436 :: 		
0x0109	0x2980      	GOTO       JMPEEE
;__Lib_MathDouble.c,437 :: 		
0x010A	0x0872      	MOVF       R2, 0
;__Lib_MathDouble.c,438 :: 		
0x010B	0x00FA      	MOVWF      R10
;__Lib_MathDouble.c,439 :: 		
0x010C	0x17F2      	BSF        R2, 7
;__Lib_MathDouble.c,440 :: 		
0x010D	0x17F6      	BSF        R6, 7
;__Lib_MathDouble.c,441 :: 		
0x010E	0x0877      	MOVF       R7, 0
;__Lib_MathDouble.c,442 :: 		
0x010F	0x0273      	SUBWF      R3, 0
;__Lib_MathDouble.c,443 :: 		
0x0110	0x00F7      	MOVWF      R7
;__Lib_MathDouble.c,444 :: 		
0x0111	0x1903      	BTFSC      STATUS, 2
;__Lib_MathDouble.c,445 :: 		
0x0112	0x293A      	GOTO       ALIGNED32
;__Lib_MathDouble.c,446 :: 		
0x0113	0x3008      	MOVLW      8
;__Lib_MathDouble.c,447 :: 		
0x0114	0x0277      	SUBWF      R7, 0
;__Lib_MathDouble.c,448 :: 		
0x0115	0x1C03      	BTFSS      STATUS, 0
;__Lib_MathDouble.c,449 :: 		
0x0116	0x2930      	GOTO       ALIGNB32
;__Lib_MathDouble.c,450 :: 		
0x0117	0x00F7      	MOVWF      R7
;__Lib_MathDouble.c,451 :: 		
0x0118	0x0874      	MOVF       R4, 0
;__Lib_MathDouble.c,452 :: 		
0x0119	0x00F9      	MOVWF      R9
;__Lib_MathDouble.c,453 :: 		
0x011A	0x0875      	MOVF       R5, 0
;__Lib_MathDouble.c,454 :: 		
0x011B	0x00F4      	MOVWF      R4
;__Lib_MathDouble.c,455 :: 		
0x011C	0x0876      	MOVF       R6, 0
;__Lib_MathDouble.c,456 :: 		
0x011D	0x00F5      	MOVWF      R5
;__Lib_MathDouble.c,457 :: 		
0x011E	0x01F6      	CLRF       R6
;__Lib_MathDouble.c,458 :: 		
0x011F	0x3008      	MOVLW      8
;__Lib_MathDouble.c,459 :: 		
0x0120	0x0277      	SUBWF      R7, 0
;__Lib_MathDouble.c,460 :: 		
0x0121	0x1C03      	BTFSS      STATUS, 0
;__Lib_MathDouble.c,461 :: 		
0x0122	0x2930      	GOTO       ALIGNB32
;__Lib_MathDouble.c,462 :: 		
0x0123	0x00F7      	MOVWF      R7
;__Lib_MathDouble.c,463 :: 		
0x0124	0x0874      	MOVF       R4, 0
;__Lib_MathDouble.c,464 :: 		
0x0125	0x00F9      	MOVWF      R9
;__Lib_MathDouble.c,465 :: 		
0x0126	0x0875      	MOVF       R5, 0
;__Lib_MathDouble.c,466 :: 		
0x0127	0x00F4      	MOVWF      R4
;__Lib_MathDouble.c,467 :: 		
0x0128	0x01F5      	CLRF       R5
;__Lib_MathDouble.c,468 :: 		
0x0129	0x3008      	MOVLW      8
;__Lib_MathDouble.c,469 :: 		
0x012A	0x0277      	SUBWF      R7, 0
;__Lib_MathDouble.c,470 :: 		
0x012B	0x1C03      	BTFSS      STATUS, 0
;__Lib_MathDouble.c,471 :: 		
0x012C	0x2930      	GOTO       ALIGNB32
;__Lib_MathDouble.c,472 :: 		
0x012D	0x087A      	MOVF       R10, 0
;__Lib_MathDouble.c,473 :: 		
0x012E	0x00F2      	MOVWF      R2
;__Lib_MathDouble.c,474 :: 		
0x012F	0x2980      	GOTO       JMPEEE
;__Lib_MathDouble.c,475 :: 		
ALIGNB32:
;__Lib_MathDouble.c,476 :: 		
0x0130	0x0877      	MOVF       R7, 0
;__Lib_MathDouble.c,477 :: 		
0x0131	0x1903      	BTFSC      STATUS, 2
;__Lib_MathDouble.c,478 :: 		
0x0132	0x293A      	GOTO       ALIGNED32
;__Lib_MathDouble.c,479 :: 		
ALOOPB32:
;__Lib_MathDouble.c,480 :: 		
0x0133	0x1003      	BCF        STATUS, 0
;__Lib_MathDouble.c,481 :: 		
0x0134	0x0CF6      	RRF        R6, 1
;__Lib_MathDouble.c,482 :: 		
0x0135	0x0CF5      	RRF        R5, 1
;__Lib_MathDouble.c,483 :: 		
0x0136	0x0CF4      	RRF        R4, 1
;__Lib_MathDouble.c,484 :: 		
0x0137	0x0CF9      	RRF        R9, 1
;__Lib_MathDouble.c,485 :: 		
0x0138	0x0BF7      	DECFSZ     R7, 1
;__Lib_MathDouble.c,486 :: 		
0x0139	0x2933      	GOTO       ALOOPB32
;__Lib_MathDouble.c,487 :: 		
ALIGNED32:
;__Lib_MathDouble.c,488 :: 		
0x013A	0x1FA0      	BTFSS      __math_tempbD, 7
;__Lib_MathDouble.c,489 :: 		
0x013B	0x2947      	GOTO       AOK32
;__Lib_MathDouble.c,490 :: 		
0x013C	0x09F9      	COMF       R9, 1
;__Lib_MathDouble.c,491 :: 		
0x013D	0x09F4      	COMF       R4, 1
;__Lib_MathDouble.c,492 :: 		
0x013E	0x09F5      	COMF       R5, 1
;__Lib_MathDouble.c,493 :: 		
0x013F	0x09F6      	COMF       R6, 1
;__Lib_MathDouble.c,494 :: 		
0x0140	0x0AF9      	INCF       R9, 1
;__Lib_MathDouble.c,495 :: 		
0x0141	0x1903      	BTFSC      STATUS, 2
;__Lib_MathDouble.c,496 :: 		
0x0142	0x0AF4      	INCF       R4, 1
;__Lib_MathDouble.c,497 :: 		
0x0143	0x1903      	BTFSC      STATUS, 2
;__Lib_MathDouble.c,498 :: 		
0x0144	0x0AF5      	INCF       R5, 1
;__Lib_MathDouble.c,499 :: 		
0x0145	0x1903      	BTFSC      STATUS, 2
;__Lib_MathDouble.c,500 :: 		
0x0146	0x0AF6      	INCF       R6, 1
;__Lib_MathDouble.c,501 :: 		
AOK32:
;__Lib_MathDouble.c,502 :: 		
0x0147	0x0879      	MOVF       R9, 0
;__Lib_MathDouble.c,503 :: 		
0x0148	0x07F8      	ADDWF      R8, 1
;__Lib_MathDouble.c,504 :: 		
0x0149	0x0874      	MOVF       R4, 0
;__Lib_MathDouble.c,505 :: 		
0x014A	0x1803      	BTFSC      STATUS, 0
;__Lib_MathDouble.c,506 :: 		
0x014B	0x0F74      	INCFSZ     R4, 0
;__Lib_MathDouble.c,507 :: 		
0x014C	0x07F0      	ADDWF      R0, 1
;__Lib_MathDouble.c,508 :: 		
0x014D	0x0875      	MOVF       R5, 0
;__Lib_MathDouble.c,509 :: 		
0x014E	0x1803      	BTFSC      STATUS, 0
;__Lib_MathDouble.c,510 :: 		
0x014F	0x0F75      	INCFSZ     R5, 0
;__Lib_MathDouble.c,511 :: 		
0x0150	0x07F1      	ADDWF      R1, 1
;__Lib_MathDouble.c,512 :: 		
0x0151	0x0876      	MOVF       R6, 0
;__Lib_MathDouble.c,513 :: 		
0x0152	0x1803      	BTFSC      STATUS, 0
;__Lib_MathDouble.c,514 :: 		
0x0153	0x0F76      	INCFSZ     R6, 0
;__Lib_MathDouble.c,515 :: 		
0x0154	0x07F2      	ADDWF      R2, 1
;__Lib_MathDouble.c,516 :: 		
0x0155	0x1BA0      	BTFSC      __math_tempbD, 7
;__Lib_MathDouble.c,517 :: 		
0x0156	0x2960      	GOTO       ACOMP32
;__Lib_MathDouble.c,518 :: 		
0x0157	0x1C03      	BTFSS      STATUS, 0
;__Lib_MathDouble.c,519 :: 		
0x0158	0x2970      	GOTO       JMPNRMRND4032
;__Lib_MathDouble.c,520 :: 		
0x0159	0x0CF2      	RRF        R2, 1
;__Lib_MathDouble.c,521 :: 		
0x015A	0x0CF1      	RRF        R1, 1
;__Lib_MathDouble.c,522 :: 		
0x015B	0x0CF0      	RRF        R0, 1
;__Lib_MathDouble.c,523 :: 		
0x015C	0x0CF8      	RRF        R8, 1
;__Lib_MathDouble.c,524 :: 		
0x015D	0x0FF3      	INCFSZ     R3, 1
;__Lib_MathDouble.c,525 :: 		
0x015E	0x2970      	GOTO       JMPNRMRND4032
;__Lib_MathDouble.c,526 :: 		
0x015F	0x297C      	GOTO       ADD_JMPSETFOV32
;__Lib_MathDouble.c,527 :: 		
ACOMP32:
;__Lib_MathDouble.c,528 :: 		
0x0160	0x1803      	BTFSC      STATUS, 0
;__Lib_MathDouble.c,529 :: 		
0x0161	0x2974      	GOTO       JMPNRM4032
;__Lib_MathDouble.c,530 :: 		
0x0162	0x09F8      	COMF       R8, 1
;__Lib_MathDouble.c,531 :: 		
0x0163	0x09F0      	COMF       R0, 1
;__Lib_MathDouble.c,532 :: 		
0x0164	0x09F1      	COMF       R1, 1
;__Lib_MathDouble.c,533 :: 		
0x0165	0x09F2      	COMF       R2, 1
;__Lib_MathDouble.c,534 :: 		
0x0166	0x0AF8      	INCF       R8, 1
;__Lib_MathDouble.c,535 :: 		
0x0167	0x1903      	BTFSC      STATUS, 2
;__Lib_MathDouble.c,536 :: 		
0x0168	0x0AF0      	INCF       R0, 1
;__Lib_MathDouble.c,537 :: 		
0x0169	0x1903      	BTFSC      STATUS, 2
;__Lib_MathDouble.c,538 :: 		
0x016A	0x0AF1      	INCF       R1, 1
;__Lib_MathDouble.c,539 :: 		
0x016B	0x1903      	BTFSC      STATUS, 2
;__Lib_MathDouble.c,540 :: 		
0x016C	0x0AF2      	INCF       R2, 1
;__Lib_MathDouble.c,541 :: 		
0x016D	0x3080      	MOVLW      128
;__Lib_MathDouble.c,542 :: 		
0x016E	0x06FA      	XORWF      R10, 1
;__Lib_MathDouble.c,543 :: 		
0x016F	0x2978      	GOTO       JMPNRM32
;__Lib_MathDouble.c,544 :: 		
JMPNRMRND4032:
;__Lib_MathDouble.c,545 :: 		
0x0170	0x3001      	MOVLW      1
;__Lib_MathDouble.c,546 :: 		
0x0171	0x00FC      	MOVWF      R12
;__Lib_MathDouble.c,548 :: 		
0x0172	0x2074      	CALL       _NRM4032
;__Lib_MathDouble.c,550 :: 		
0x0173	0x2982      	GOTO       ADD32EEE
;__Lib_MathDouble.c,551 :: 		
JMPNRM4032:
;__Lib_MathDouble.c,552 :: 		
0x0174	0x3002      	MOVLW      2
;__Lib_MathDouble.c,553 :: 		
0x0175	0x00FC      	MOVWF      R12
;__Lib_MathDouble.c,555 :: 		
0x0176	0x2074      	CALL       _NRM4032
;__Lib_MathDouble.c,557 :: 		
0x0177	0x2982      	GOTO       ADD32EEE
;__Lib_MathDouble.c,558 :: 		
JMPNRM32:
;__Lib_MathDouble.c,559 :: 		
0x0178	0x3004      	MOVLW      4
;__Lib_MathDouble.c,560 :: 		
0x0179	0x00FC      	MOVWF      R12
;__Lib_MathDouble.c,562 :: 		
0x017A	0x203B      	CALL       _NRM3232
;__Lib_MathDouble.c,564 :: 		
0x017B	0x2982      	GOTO       ADD32EEE
;__Lib_MathDouble.c,565 :: 		
ADD_JMPSETFOV32:
;__Lib_MathDouble.c,566 :: 		
0x017C	0x3008      	MOVLW      8
;__Lib_MathDouble.c,567 :: 		
0x017D	0x00FC      	MOVWF      R12
;__Lib_MathDouble.c,569 :: 		
0x017E	0x202F      	CALL       _SETFOV32
;__Lib_MathDouble.c,571 :: 		
0x017F	0x2982      	GOTO       ADD32EEE
;__Lib_MathDouble.c,572 :: 		
JMPEEE:
;__Lib_MathDouble.c,573 :: 		
0x0180	0x3000      	MOVLW      0
;__Lib_MathDouble.c,574 :: 		
0x0181	0x00FC      	MOVWF      R12
;__Lib_MathDouble.c,575 :: 		
ADD32EEE:
;__Lib_MathDouble.c,576 :: 		
0x0182	0x0000      	NOP
;__Lib_MathDouble.c,584 :: 		
L_end_Add_32x32_FP:
0x0183	0x0008      	RETURN
; end of _Add_32x32_FP
_____DoICP:
;__Lib_System.c,6 :: 		
;__Lib_System.c,9 :: 		
0x0184	0x1283      	BCF        STATUS, 5
0x0185	0x1303      	BCF        STATUS, 6
0x0186	0x0840      	MOVF       ___DoICPAddr+1, 0
0x0187	0x008A      	MOVWF      PCLATH
;__Lib_System.c,10 :: 		
0x0188	0x083F      	MOVF       ___DoICPAddr, 0
0x0189	0x0082      	MOVWF      PCL
;__Lib_System.c,12 :: 		
L_end_____DoICP:
0x018A	0x0008      	RETURN
; end of _____DoICP
_Div_8X8_U:
;__Lib_Math.c,189 :: 		
;__Lib_Math.c,196 :: 		
0x018B	0x1283      	BCF        STATUS, 5
;__Lib_Math.c,197 :: 		
0x018C	0x1303      	BCF        STATUS, 6
;__Lib_Math.c,198 :: 		
0x018D	0x01F8      	CLRF       R8
;__Lib_Math.c,199 :: 		
0x018E	0x3008      	MOVLW      8
;__Lib_Math.c,200 :: 		
0x018F	0x00FC      	MOVWF      R12
;__Lib_Math.c,201 :: 		
0x0190	0x0D70      	RLF        R0, 0
;__Lib_Math.c,202 :: 		
0x0191	0x0DF8      	RLF        R8, 1
;__Lib_Math.c,203 :: 		
0x0192	0x0874      	MOVF       R4, 0
;__Lib_Math.c,204 :: 		
0x0193	0x02F8      	SUBWF      R8, 1
;__Lib_Math.c,205 :: 		
0x0194	0x1803      	BTFSC      STATUS, 0
;__Lib_Math.c,206 :: 		
0x0195	0x2998      	GOTO       $+3
;__Lib_Math.c,207 :: 		
0x0196	0x07F8      	ADDWF      R8, 1
;__Lib_Math.c,208 :: 		
0x0197	0x1003      	BCF        STATUS, 0
;__Lib_Math.c,209 :: 		
0x0198	0x0DF0      	RLF        R0, 1
;__Lib_Math.c,210 :: 		
0x0199	0x0BFC      	DECFSZ     R12, 1
;__Lib_Math.c,211 :: 		
0x019A	0x2990      	GOTO       $-10
;__Lib_Math.c,213 :: 		
L_end_Div_8X8_U:
0x019B	0x0008      	RETURN
; end of _Div_8X8_U
_printf:
;_.c,37 :: 		void printf(unsigned char msg[])
;_.c,39 :: 		UART1_Write_Text(msg);
0x019C	0x1283      	BCF        STATUS, 5
0x019D	0x1303      	BCF        STATUS, 6
0x019E	0x084F      	MOVF       FARG_printf_msg, 0
0x019F	0x00D3      	MOVWF      FARG_UART1_Write_Text_uart_text
0x01A0	0x20CE      	CALL       _UART1_Write_Text
;_.c,40 :: 		}
L_end_printf:
0x01A1	0x0008      	RETURN
; end of _printf
_Compare_Double:
;__Lib_MathDouble.c,2053 :: 		
;__Lib_MathDouble.c,2062 :: 		
;__Lib_MathDouble.c,2064 :: 		
0x01A2	0x1283      	BCF        STATUS, 5
;__Lib_MathDouble.c,2065 :: 		
0x01A3	0x1303      	BCF        STATUS, 6
;__Lib_MathDouble.c,2067 :: 		
0x01A4	0x01FA      	CLRF       R10
;__Lib_MathDouble.c,2068 :: 		
0x01A5	0x0873      	MOVF       R3, 0
;__Lib_MathDouble.c,2069 :: 		
0x01A6	0x1D03      	BTFSS      STATUS, 2
;__Lib_MathDouble.c,2070 :: 		
0x01A7	0x147A      	BSF        R10, 0
;__Lib_MathDouble.c,2071 :: 		
0x01A8	0x0877      	MOVF       R7, 0
;__Lib_MathDouble.c,2072 :: 		
0x01A9	0x1D03      	BTFSS      STATUS, 2
;__Lib_MathDouble.c,2073 :: 		
0x01AA	0x14FA      	BSF        R10, 1
;__Lib_MathDouble.c,2075 :: 		
0x01AB	0x087A      	MOVF       R10, 0
;__Lib_MathDouble.c,2076 :: 		
0x01AC	0x1903      	BTFSC      STATUS, 2
;__Lib_MathDouble.c,2077 :: 		
0x01AD	0x29EE      	GOTO       COMPARE_EQU
;__Lib_MathDouble.c,2078 :: 		
0x01AE	0x3A03      	XORLW      3
;__Lib_MathDouble.c,2079 :: 		
0x01AF	0x1903      	BTFSC      STATUS, 2
;__Lib_MathDouble.c,2080 :: 		
0x01B0	0x29B9      	GOTO       COMPARE_NOTZERO
;__Lib_MathDouble.c,2082 :: 		
0x01B1	0x187A      	BTFSC      R10, 0
;__Lib_MathDouble.c,2083 :: 		
0x01B2	0x29B6      	GOTO       COMPARE_XNOTZERO
;__Lib_MathDouble.c,2085 :: 		
0x01B3	0x1FF6      	BTFSS      R6, 7
;__Lib_MathDouble.c,2086 :: 		
0x01B4	0x29EC      	GOTO       COMPARE_LT
;__Lib_MathDouble.c,2087 :: 		
0x01B5	0x29EA      	GOTO       COMPARE_GT
;__Lib_MathDouble.c,2088 :: 		
COMPARE_XNOTZERO:
;__Lib_MathDouble.c,2089 :: 		
0x01B6	0x1FF2      	BTFSS      R2, 7
;__Lib_MathDouble.c,2090 :: 		
0x01B7	0x29EA      	GOTO       COMPARE_GT
;__Lib_MathDouble.c,2091 :: 		
0x01B8	0x29EC      	GOTO       COMPARE_LT
;__Lib_MathDouble.c,2093 :: 		
COMPARE_NOTZERO:
;__Lib_MathDouble.c,2094 :: 		
0x01B9	0x0872      	MOVF       R2, 0
;__Lib_MathDouble.c,2095 :: 		
0x01BA	0x3980      	ANDLW      128
;__Lib_MathDouble.c,2096 :: 		
0x01BB	0x00FA      	MOVWF      R10
;__Lib_MathDouble.c,2097 :: 		
0x01BC	0x13F2      	BCF        R2, 7
;__Lib_MathDouble.c,2099 :: 		
0x01BD	0x0876      	MOVF       R6, 0
;__Lib_MathDouble.c,2100 :: 		
0x01BE	0x3980      	ANDLW      128
;__Lib_MathDouble.c,2101 :: 		
0x01BF	0x13F6      	BCF        R6, 7
;__Lib_MathDouble.c,2103 :: 		
0x01C0	0x067A      	XORWF      R10, 0
;__Lib_MathDouble.c,2104 :: 		
0x01C1	0x1903      	BTFSC      STATUS, 2
;__Lib_MathDouble.c,2105 :: 		
0x01C2	0x29C7      	GOTO       COMPARE_TESTALL
;__Lib_MathDouble.c,2107 :: 		
0x01C3	0x087A      	MOVF       R10, 0
;__Lib_MathDouble.c,2108 :: 		
0x01C4	0x1903      	BTFSC      STATUS, 2
;__Lib_MathDouble.c,2109 :: 		
0x01C5	0x29EA      	GOTO       COMPARE_GT
;__Lib_MathDouble.c,2110 :: 		
0x01C6	0x29EC      	GOTO       COMPARE_LT
;__Lib_MathDouble.c,2112 :: 		
COMPARE_TESTALL:
;__Lib_MathDouble.c,2113 :: 		
0x01C7	0x0877      	MOVF       R7, 0
;__Lib_MathDouble.c,2114 :: 		
0x01C8	0x0273      	SUBWF      R3, 0
;__Lib_MathDouble.c,2115 :: 		
0x01C9	0x1903      	BTFSC      STATUS, 2
;__Lib_MathDouble.c,2116 :: 		
0x01CA	0x29CE      	GOTO       COMPARE_C1
;__Lib_MathDouble.c,2117 :: 		
0x01CB	0x1C03      	BTFSS      STATUS, 0
;__Lib_MathDouble.c,2118 :: 		
0x01CC	0x29E2      	GOTO       GT_FALSE
;__Lib_MathDouble.c,2119 :: 		
0x01CD	0x29E6      	GOTO       GT_TRUE
;__Lib_MathDouble.c,2120 :: 		
COMPARE_C1:
;__Lib_MathDouble.c,2121 :: 		
0x01CE	0x0876      	MOVF       R6, 0
;__Lib_MathDouble.c,2122 :: 		
0x01CF	0x0272      	SUBWF      R2, 0
;__Lib_MathDouble.c,2123 :: 		
0x01D0	0x1903      	BTFSC      STATUS, 2
;__Lib_MathDouble.c,2124 :: 		
0x01D1	0x29D5      	GOTO       COMPARE_C2
;__Lib_MathDouble.c,2125 :: 		
0x01D2	0x1C03      	BTFSS      STATUS, 0
;__Lib_MathDouble.c,2126 :: 		
0x01D3	0x29E2      	GOTO       GT_FALSE
;__Lib_MathDouble.c,2127 :: 		
0x01D4	0x29E6      	GOTO       GT_TRUE
;__Lib_MathDouble.c,2128 :: 		
COMPARE_C2:
;__Lib_MathDouble.c,2129 :: 		
0x01D5	0x0875      	MOVF       R5, 0
;__Lib_MathDouble.c,2130 :: 		
0x01D6	0x0271      	SUBWF      R1, 0
;__Lib_MathDouble.c,2131 :: 		
0x01D7	0x1903      	BTFSC      STATUS, 2
;__Lib_MathDouble.c,2132 :: 		
0x01D8	0x29DC      	GOTO       COMPARE_C3
;__Lib_MathDouble.c,2133 :: 		
0x01D9	0x1C03      	BTFSS      STATUS, 0
;__Lib_MathDouble.c,2134 :: 		
0x01DA	0x29E2      	GOTO       GT_FALSE
;__Lib_MathDouble.c,2135 :: 		
0x01DB	0x29E6      	GOTO       GT_TRUE
;__Lib_MathDouble.c,2136 :: 		
COMPARE_C3:
;__Lib_MathDouble.c,2137 :: 		
0x01DC	0x0874      	MOVF       R4, 0
;__Lib_MathDouble.c,2138 :: 		
0x01DD	0x0270      	SUBWF      R0, 0
;__Lib_MathDouble.c,2139 :: 		
0x01DE	0x1903      	BTFSC      STATUS, 2
;__Lib_MathDouble.c,2140 :: 		
0x01DF	0x29EE      	GOTO       COMPARE_EQU
;__Lib_MathDouble.c,2141 :: 		
0x01E0	0x1803      	BTFSC      STATUS, 0
;__Lib_MathDouble.c,2142 :: 		
0x01E1	0x29E6      	GOTO       GT_TRUE
;__Lib_MathDouble.c,2144 :: 		
GT_FALSE:
;__Lib_MathDouble.c,2145 :: 		
0x01E2	0x08FA      	MOVF       R10, 1
;__Lib_MathDouble.c,2146 :: 		
0x01E3	0x1903      	BTFSC      STATUS, 2
;__Lib_MathDouble.c,2147 :: 		
0x01E4	0x29EC      	GOTO       COMPARE_LT
;__Lib_MathDouble.c,2148 :: 		
0x01E5	0x29EA      	GOTO       COMPARE_GT
;__Lib_MathDouble.c,2149 :: 		
GT_TRUE:
;__Lib_MathDouble.c,2150 :: 		
0x01E6	0x08FA      	MOVF       R10, 1
;__Lib_MathDouble.c,2151 :: 		
0x01E7	0x1903      	BTFSC      STATUS, 2
;__Lib_MathDouble.c,2152 :: 		
0x01E8	0x29EA      	GOTO       COMPARE_GT
;__Lib_MathDouble.c,2153 :: 		
0x01E9	0x29EC      	GOTO       COMPARE_LT
;__Lib_MathDouble.c,2155 :: 		
COMPARE_GT:
;__Lib_MathDouble.c,2158 :: 		
0x01EA	0x1403      	BSF        STATUS, 0
;__Lib_MathDouble.c,2159 :: 		
0x01EB	0x0008      	RETURN
;__Lib_MathDouble.c,2160 :: 		
COMPARE_LT:
;__Lib_MathDouble.c,2163 :: 		
0x01EC	0x1003      	BCF        STATUS, 0
;__Lib_MathDouble.c,2164 :: 		
0x01ED	0x0008      	RETURN
;__Lib_MathDouble.c,2165 :: 		
COMPARE_EQU:
;__Lib_MathDouble.c,2168 :: 		
0x01EE	0x1403      	BSF        STATUS, 0
;__Lib_MathDouble.c,2169 :: 		
0x01EF	0x1503      	BSF        STATUS, 2
;__Lib_MathDouble.c,2170 :: 		
0x01F0	0x0008      	RETURN
;__Lib_MathDouble.c,2172 :: 		
L_end_Compare_Double:
0x01F1	0x0008      	RETURN
; end of _Compare_Double
_Sub_32x32_FP:
;__Lib_MathDouble.c,593 :: 		
;__Lib_MathDouble.c,596 :: 		
0x01F2	0x1283      	BCF        STATUS, 5
;__Lib_MathDouble.c,597 :: 		
0x01F3	0x1303      	BCF        STATUS, 6
;__Lib_MathDouble.c,598 :: 		
0x01F4	0x3080      	MOVLW      128
;__Lib_MathDouble.c,599 :: 		
0x01F5	0x06F6      	XORWF      R6, 1
;__Lib_MathDouble.c,601 :: 		
0x01F6	0x20E4      	CALL       _Add_32x32_FP
;__Lib_MathDouble.c,602 :: 		
L_end_Sub_32x32_FP:
0x01F7	0x0008      	RETURN
; end of _Sub_32x32_FP
_Mul_32x32_FP:
;__Lib_MathDouble.c,610 :: 		
;__Lib_MathDouble.c,622 :: 		
;__Lib_MathDouble.c,624 :: 		
0x01F8	0x1283      	BCF        STATUS, 5
;__Lib_MathDouble.c,625 :: 		
0x01F9	0x1303      	BCF        STATUS, 6
;__Lib_MathDouble.c,627 :: 		
0x01FA	0x01FB      	CLRF       R11
;__Lib_MathDouble.c,628 :: 		
0x01FB	0x0873      	MOVF       R3, 0
;__Lib_MathDouble.c,629 :: 		
0x01FC	0x1D03      	BTFSS      STATUS, 2
;__Lib_MathDouble.c,630 :: 		
0x01FD	0x0877      	MOVF       R7, 0
;__Lib_MathDouble.c,631 :: 		
0x01FE	0x1903      	BTFSC      STATUS, 2
;__Lib_MathDouble.c,632 :: 		
0x01FF	0x2A4F      	GOTO       JPMRES032
;__Lib_MathDouble.c,634 :: 		
0x0200	0x0872      	MOVF       R2, 0
;__Lib_MathDouble.c,635 :: 		
0x0201	0x0676      	XORWF      R6, 0
;__Lib_MathDouble.c,636 :: 		
0x0202	0x00FA      	MOVWF      R10
;__Lib_MathDouble.c,637 :: 		
0x0203	0x0877      	MOVF       R7, 0
;__Lib_MathDouble.c,638 :: 		
0x0204	0x07F3      	ADDWF      R3, 1
;__Lib_MathDouble.c,639 :: 		
0x0205	0x307E      	MOVLW      126
;__Lib_MathDouble.c,640 :: 		
0x0206	0x1C03      	BTFSS      STATUS, 0
;__Lib_MathDouble.c,641 :: 		
0x0207	0x2A0C      	GOTO       MTUN32
;__Lib_MathDouble.c,642 :: 		
0x0208	0x02F3      	SUBWF      R3, 1
;__Lib_MathDouble.c,643 :: 		
0x0209	0x1803      	BTFSC      STATUS, 0
;__Lib_MathDouble.c,644 :: 		
0x020A	0x2A52      	GOTO       JPMSETFOV32
;__Lib_MathDouble.c,645 :: 		
0x020B	0x2A0F      	GOTO       MOK32
;__Lib_MathDouble.c,646 :: 		
MTUN32:
;__Lib_MathDouble.c,647 :: 		
0x020C	0x02F3      	SUBWF      R3, 1
;__Lib_MathDouble.c,648 :: 		
0x020D	0x1C03      	BTFSS      STATUS, 0
;__Lib_MathDouble.c,649 :: 		
0x020E	0x2A55      	GOTO       JPMSETFUN32
;__Lib_MathDouble.c,650 :: 		
MOK32:
;__Lib_MathDouble.c,651 :: 		
0x020F	0x0872      	MOVF       R2, 0
;__Lib_MathDouble.c,652 :: 		
0x0210	0x00F8      	MOVWF      R8
;__Lib_MathDouble.c,653 :: 		
0x0211	0x0871      	MOVF       R1, 0
;__Lib_MathDouble.c,654 :: 		
0x0212	0x00FC      	MOVWF      R12
;__Lib_MathDouble.c,655 :: 		
0x0213	0x0870      	MOVF       R0, 0
;__Lib_MathDouble.c,656 :: 		
0x0214	0x00FD      	MOVWF      R13
;__Lib_MathDouble.c,657 :: 		
0x0215	0x17F8      	BSF        R8, 7
;__Lib_MathDouble.c,658 :: 		
0x0216	0x17F6      	BSF        R6, 7
;__Lib_MathDouble.c,659 :: 		
0x0217	0x1003      	BCF        STATUS, 0
;__Lib_MathDouble.c,660 :: 		
0x0218	0x01F2      	CLRF       R2
;__Lib_MathDouble.c,661 :: 		
0x0219	0x01F1      	CLRF       R1
;__Lib_MathDouble.c,662 :: 		
0x021A	0x01F0      	CLRF       R0
;__Lib_MathDouble.c,663 :: 		
0x021B	0x3018      	MOVLW      24
;__Lib_MathDouble.c,664 :: 		
0x021C	0x00A0      	MOVWF      __math_tempbD
;__Lib_MathDouble.c,665 :: 		
MLOOP32:
;__Lib_MathDouble.c,666 :: 		
0x021D	0x1C7D      	BTFSS      R13, 0
;__Lib_MathDouble.c,667 :: 		
0x021E	0x2A29      	GOTO       MNOADD32
;__Lib_MathDouble.c,669 :: 		
0x021F	0x0874      	MOVF       R4, 0
;__Lib_MathDouble.c,670 :: 		
0x0220	0x07F0      	ADDWF      R0, 1
;__Lib_MathDouble.c,671 :: 		
0x0221	0x0875      	MOVF       R5, 0
;__Lib_MathDouble.c,672 :: 		
0x0222	0x1803      	BTFSC      STATUS, 0
;__Lib_MathDouble.c,673 :: 		
0x0223	0x0F75      	INCFSZ     R5, 0
;__Lib_MathDouble.c,674 :: 		
0x0224	0x07F1      	ADDWF      R1, 1
;__Lib_MathDouble.c,675 :: 		
0x0225	0x0876      	MOVF       R6, 0
;__Lib_MathDouble.c,676 :: 		
0x0226	0x1803      	BTFSC      STATUS, 0
;__Lib_MathDouble.c,677 :: 		
0x0227	0x0F76      	INCFSZ     R6, 0
;__Lib_MathDouble.c,678 :: 		
0x0228	0x07F2      	ADDWF      R2, 1
;__Lib_MathDouble.c,679 :: 		
MNOADD32:
;__Lib_MathDouble.c,680 :: 		
0x0229	0x0CF2      	RRF        R2, 1
;__Lib_MathDouble.c,681 :: 		
0x022A	0x0CF1      	RRF        R1, 1
;__Lib_MathDouble.c,682 :: 		
0x022B	0x0CF0      	RRF        R0, 1
;__Lib_MathDouble.c,683 :: 		
0x022C	0x0CF8      	RRF        R8, 1
;__Lib_MathDouble.c,684 :: 		
0x022D	0x0CFC      	RRF        R12, 1
;__Lib_MathDouble.c,685 :: 		
0x022E	0x0CFD      	RRF        R13, 1
;__Lib_MathDouble.c,686 :: 		
0x022F	0x1003      	BCF        STATUS, 0
;__Lib_MathDouble.c,687 :: 		
0x0230	0x0BA0      	DECFSZ     __math_tempbD, 1
;__Lib_MathDouble.c,688 :: 		
0x0231	0x2A1D      	GOTO       MLOOP32
;__Lib_MathDouble.c,689 :: 		
0x0232	0x1BF2      	BTFSC      R2, 7
;__Lib_MathDouble.c,690 :: 		
0x0233	0x2A39      	GOTO       MROUND32
;__Lib_MathDouble.c,691 :: 		
0x0234	0x0DF8      	RLF        R8, 1
;__Lib_MathDouble.c,692 :: 		
0x0235	0x0DF0      	RLF        R0, 1
;__Lib_MathDouble.c,693 :: 		
0x0236	0x0DF1      	RLF        R1, 1
;__Lib_MathDouble.c,694 :: 		
0x0237	0x0DF2      	RLF        R2, 1
;__Lib_MathDouble.c,695 :: 		
0x0238	0x03F3      	DECF       R3, 1
;__Lib_MathDouble.c,696 :: 		
MROUND32:
;__Lib_MathDouble.c,697 :: 		
0x0239	0x1B7B      	BTFSC      R11, 6
;__Lib_MathDouble.c,698 :: 		
0x023A	0x1C70      	BTFSS      R0, 0
;__Lib_MathDouble.c,699 :: 		
0x023B	0x2A4B      	GOTO       MUL32OK
;__Lib_MathDouble.c,700 :: 		
0x023C	0x1FF8      	BTFSS      R8, 7
;__Lib_MathDouble.c,701 :: 		
0x023D	0x2A4B      	GOTO       MUL32OK
;__Lib_MathDouble.c,702 :: 		
0x023E	0x0AF0      	INCF       R0, 1
;__Lib_MathDouble.c,703 :: 		
0x023F	0x1903      	BTFSC      STATUS, 2
;__Lib_MathDouble.c,704 :: 		
0x0240	0x0AF1      	INCF       R1, 1
;__Lib_MathDouble.c,705 :: 		
0x0241	0x1903      	BTFSC      STATUS, 2
;__Lib_MathDouble.c,706 :: 		
0x0242	0x0AF2      	INCF       R2, 1
;__Lib_MathDouble.c,707 :: 		
0x0243	0x1D03      	BTFSS      STATUS, 2
;__Lib_MathDouble.c,708 :: 		
0x0244	0x2A4B      	GOTO       MUL32OK
;__Lib_MathDouble.c,709 :: 		
0x0245	0x0CF2      	RRF        R2, 1
;__Lib_MathDouble.c,710 :: 		
0x0246	0x0CF1      	RRF        R1, 1
;__Lib_MathDouble.c,711 :: 		
0x0247	0x0CF0      	RRF        R0, 1
;__Lib_MathDouble.c,712 :: 		
0x0248	0x0AF3      	INCF       R3, 1
;__Lib_MathDouble.c,713 :: 		
0x0249	0x1903      	BTFSC      STATUS, 2
;__Lib_MathDouble.c,714 :: 		
0x024A	0x2A52      	GOTO       JPMSETFOV32
;__Lib_MathDouble.c,715 :: 		
MUL32OK:
;__Lib_MathDouble.c,716 :: 		
0x024B	0x1FFA      	BTFSS      R10, 7
;__Lib_MathDouble.c,717 :: 		
0x024C	0x13F2      	BCF        R2, 7
;__Lib_MathDouble.c,718 :: 		
0x024D	0x3000      	MOVLW      0
;__Lib_MathDouble.c,720 :: 		
0x024E	0x2A57      	GOTO       MUL32EEE
;__Lib_MathDouble.c,721 :: 		
JPMRES032:
;__Lib_MathDouble.c,722 :: 		
0x024F	0x3001      	MOVLW      1
;__Lib_MathDouble.c,725 :: 		
0x0250	0x2018      	CALL       _RES032
;__Lib_MathDouble.c,727 :: 		
0x0251	0x2A57      	GOTO       MUL32EEE
;__Lib_MathDouble.c,728 :: 		
JPMSETFOV32:
;__Lib_MathDouble.c,729 :: 		
0x0252	0x3002      	MOVLW      2
;__Lib_MathDouble.c,732 :: 		
0x0253	0x202F      	CALL       _SETFOV32
;__Lib_MathDouble.c,734 :: 		
0x0254	0x2A57      	GOTO       MUL32EEE
;__Lib_MathDouble.c,735 :: 		
JPMSETFUN32:
;__Lib_MathDouble.c,736 :: 		
0x0255	0x3004      	MOVLW      4
;__Lib_MathDouble.c,739 :: 		
0x0256	0x201F      	CALL       _SETFUN32
;__Lib_MathDouble.c,741 :: 		
MUL32EEE:
;__Lib_MathDouble.c,742 :: 		
0x0257	0x0000      	NOP
;__Lib_MathDouble.c,749 :: 		
L_end_Mul_32x32_FP:
0x0258	0x0008      	RETURN
; end of _Mul_32x32_FP
_word2double:
;__Lib_MathDouble.c,1862 :: 		
;__Lib_MathDouble.c,1868 :: 		
0x0259	0x1283      	BCF        STATUS, 5
;__Lib_MathDouble.c,1869 :: 		
0x025A	0x1303      	BCF        STATUS, 6
;__Lib_MathDouble.c,1870 :: 		
0x025B	0x0870      	MOVF       R0, 0
;__Lib_MathDouble.c,1871 :: 		
0x025C	0x00F8      	MOVWF      R8
;__Lib_MathDouble.c,1872 :: 		
0x025D	0x0871      	MOVF       R1, 0
;__Lib_MathDouble.c,1873 :: 		
0x025E	0x00F0      	MOVWF      R0
;__Lib_MathDouble.c,1874 :: 		
0x025F	0x01F1      	CLRF       R1
;__Lib_MathDouble.c,1875 :: 		
0x0260	0x01F2      	CLRF       R2
;__Lib_MathDouble.c,1876 :: 		
0x0261	0x01F3      	CLRF       R3
;__Lib_MathDouble.c,1879 :: 		
0x0262	0x01FB      	CLRF       R11
;__Lib_MathDouble.c,1880 :: 		
0x0263	0x01FC      	CLRF       R12
;__Lib_MathDouble.c,1882 :: 		
0x0264	0x3096      	MOVLW      150
;__Lib_MathDouble.c,1883 :: 		
0x0265	0x00F3      	MOVWF      R3
;__Lib_MathDouble.c,1884 :: 		
0x0266	0x01FA      	CLRF       R10
;__Lib_MathDouble.c,1886 :: 		
0x0267	0x0870      	MOVF       R0, 0
;__Lib_MathDouble.c,1887 :: 		
0x0268	0x00F1      	MOVWF      R1
;__Lib_MathDouble.c,1888 :: 		
0x0269	0x0878      	MOVF       R8, 0
;__Lib_MathDouble.c,1889 :: 		
0x026A	0x00F0      	MOVWF      R0
;__Lib_MathDouble.c,1890 :: 		
0x026B	0x01F8      	CLRF       R8
;__Lib_MathDouble.c,1891 :: 		
0x026C	0x01F2      	CLRF       R2
;__Lib_MathDouble.c,1893 :: 		
0x026D	0x203B      	CALL       _NRM3232
;__Lib_MathDouble.c,1894 :: 		
L_end_word2double:
0x026E	0x0008      	RETURN
; end of _word2double
_UART1_Init:
;__Lib_UART_c67.c,2 :: 		
;__Lib_UART_c67.c,5 :: 		
0x026F	0x1683      	BSF        STATUS, 5
0x0270	0x1303      	BCF        STATUS, 6
0x0271	0x1698      	BSF        TXSTA, 5
;__Lib_UART_c67.c,6 :: 		
0x0272	0x3090      	MOVLW      144
0x0273	0x1283      	BCF        STATUS, 5
0x0274	0x0098      	MOVWF      RCSTA
;__Lib_UART_c67.c,7 :: 		
0x0275	0x1683      	BSF        STATUS, 5
0x0276	0x1787      	BSF        TRISC7_bit, BitPos(TRISC7_bit+0)
;__Lib_UART_c67.c,8 :: 		
0x0277	0x1307      	BCF        TRISC6_bit, BitPos(TRISC6_bit+0)
;__Lib_UART_c67.c,10 :: 		
L_UART1_Init0:
0x0278	0x1283      	BCF        STATUS, 5
0x0279	0x1E8C      	BTFSS      PIR1, 5
0x027A	0x2A7E      	GOTO       L_UART1_Init1
;__Lib_UART_c67.c,11 :: 		
0x027B	0x081A      	MOVF       RCREG, 0
0x027C	0x00F0      	MOVWF      R0
0x027D	0x2A78      	GOTO       L_UART1_Init0
L_UART1_Init1:
;__Lib_UART_c67.c,12 :: 		
L_end_UART1_Init:
0x027E	0x0008      	RETURN
; end of _UART1_Init
_ByteToStr:
;__Lib_Conversions.c,66 :: 		
;__Lib_Conversions.c,69 :: 		
0x027F	0x1283      	BCF        STATUS, 5
0x0280	0x1303      	BCF        STATUS, 6
0x0281	0x01D1      	CLRF       ByteToStr_DigitPos_L0
L_ByteToStr0:
0x0282	0x3003      	MOVLW      3
0x0283	0x0251      	SUBWF      ByteToStr_DigitPos_L0, 0
0x0284	0x1803      	BTFSC      STATUS, 0
0x0285	0x2A8D      	GOTO       L_ByteToStr1
;__Lib_Conversions.c,70 :: 		
0x0286	0x0851      	MOVF       ByteToStr_DigitPos_L0, 0
0x0287	0x0750      	ADDWF      FARG_ByteToStr_output, 0
0x0288	0x0084      	MOVWF      FSR
0x0289	0x3020      	MOVLW      32
0x028A	0x0080      	MOVWF      INDF
;__Lib_Conversions.c,69 :: 		
0x028B	0x0AD1      	INCF       ByteToStr_DigitPos_L0, 1
;__Lib_Conversions.c,70 :: 		
0x028C	0x2A82      	GOTO       L_ByteToStr0
L_ByteToStr1:
;__Lib_Conversions.c,72 :: 		
0x028D	0x0851      	MOVF       ByteToStr_DigitPos_L0, 0
0x028E	0x0750      	ADDWF      FARG_ByteToStr_output, 0
0x028F	0x0084      	MOVWF      FSR
0x0290	0x0180      	CLRF       INDF
0x0291	0x03D1      	DECF       ByteToStr_DigitPos_L0, 1
;__Lib_Conversions.c,74 :: 		
L_ByteToStr3:
;__Lib_Conversions.c,75 :: 		
0x0292	0x0851      	MOVF       ByteToStr_DigitPos_L0, 0
0x0293	0x0750      	ADDWF      FARG_ByteToStr_output, 0
0x0294	0x00D2      	MOVWF      FLOC__ByteToStr
0x0295	0x300A      	MOVLW      10
0x0296	0x00F4      	MOVWF      R4
0x0297	0x084F      	MOVF       FARG_ByteToStr_input, 0
0x0298	0x00F0      	MOVWF      R0
0x0299	0x218B      	CALL       _Div_8X8_U
0x029A	0x0878      	MOVF       R8, 0
0x029B	0x00F0      	MOVWF      R0
0x029C	0x3030      	MOVLW      48
0x029D	0x07F0      	ADDWF      R0, 1
0x029E	0x0852      	MOVF       FLOC__ByteToStr, 0
0x029F	0x0084      	MOVWF      FSR
0x02A0	0x0870      	MOVF       R0, 0
0x02A1	0x0080      	MOVWF      INDF
;__Lib_Conversions.c,76 :: 		
0x02A2	0x300A      	MOVLW      10
0x02A3	0x00F4      	MOVWF      R4
0x02A4	0x084F      	MOVF       FARG_ByteToStr_input, 0
0x02A5	0x00F0      	MOVWF      R0
0x02A6	0x218B      	CALL       _Div_8X8_U
0x02A7	0x0870      	MOVF       R0, 0
0x02A8	0x00CF      	MOVWF      FARG_ByteToStr_input
;__Lib_Conversions.c,77 :: 		
0x02A9	0x0870      	MOVF       R0, 0
0x02AA	0x3A00      	XORLW      0
0x02AB	0x1D03      	BTFSS      STATUS, 2
0x02AC	0x2AAE      	GOTO       L_ByteToStr5
;__Lib_Conversions.c,78 :: 		
0x02AD	0x2AB0      	GOTO       L_ByteToStr4
L_ByteToStr5:
;__Lib_Conversions.c,79 :: 		
0x02AE	0x03D1      	DECF       ByteToStr_DigitPos_L0, 1
;__Lib_Conversions.c,80 :: 		
0x02AF	0x2A92      	GOTO       L_ByteToStr3
L_ByteToStr4:
;__Lib_Conversions.c,81 :: 		
L_end_ByteToStr:
0x02B0	0x0008      	RETURN
; end of _ByteToStr
___CC2DW:
;__Lib_System.c,134 :: 		
;__Lib_System.c,137 :: 		
_CC2D_Loop1:
;__Lib_System.c,139 :: 		
0x02B1	0x2184      	CALL       _____DoICP
0x02B2	0x118A      	BCF        PCLATH, 3
0x02B3	0x120A      	BCF        PCLATH, 4
;__Lib_System.c,141 :: 		
0x02B4	0x0080      	MOVWF      INDF
;__Lib_System.c,142 :: 		
0x02B5	0x0A84      	INCF       FSR, 1
;__Lib_System.c,143 :: 		
0x02B6	0x0ABF      	INCF       ___DoICPAddr, 1
;__Lib_System.c,145 :: 		
0x02B7	0x1903      	BTFSC      STATUS, 2
;__Lib_System.c,146 :: 		
0x02B8	0x0AC0      	INCF       ___DoICPAddr+1, 1
;__Lib_System.c,147 :: 		
0x02B9	0x03F0      	DECF       R0, 1
;__Lib_System.c,149 :: 		
0x02BA	0x1D03      	BTFSS      STATUS, 2
;__Lib_System.c,150 :: 		
0x02BB	0x2AB1      	GOTO       _CC2D_Loop1
;__Lib_System.c,152 :: 		
L_end___CC2DW:
0x02BC	0x0008      	RETURN
; end of ___CC2DW
_main:
0x02BD	0x1283      	BCF        STATUS, 5
0x02BE	0x1303      	BCF        STATUS, 6
0x02BF	0x01A1      	CLRF       _frecuency
0x02C0	0x01A2      	CLRF       34
0x02C1	0x01A3      	CLRF       _fi
0x02C2	0x01A4      	CLRF       _ctrl2
0x02C3	0x01A5      	CLRF       _ctrl
0x02C4	0x01A6      	CLRF       _value
0x02C5	0x01A7      	CLRF       39
0x02C6	0x01A8      	CLRF       40
0x02C7	0x01A9      	CLRF       41
0x02C8	0x01AA      	CLRF       _pasos
0x02C9	0x01AB      	CLRF       43
0x02CA	0x01AC      	CLRF       _resultado
0x02CB	0x01AD      	CLRF       45
0x02CC	0x01AE      	CLRF       46
0x02CD	0x01AF      	CLRF       47
0x02CE	0x01B0      	CLRF       _registro1
0x02CF	0x01B1      	CLRF       _registro2
0x02D0	0x01B2      	CLRF       _i
0x02D1	0x01B3      	CLRF       _ctrl3
0x02D2	0x3068      	MOVLW      104
0x02D3	0x00B4      	MOVWF      _resolucion
0x02D4	0x30E8      	MOVLW      232
0x02D5	0x00B5      	MOVWF      53
0x02D6	0x301F      	MOVLW      31
0x02D7	0x00B6      	MOVWF      54
0x02D8	0x3077      	MOVLW      119
0x02D9	0x00B7      	MOVWF      55
0x02DA	0x01B8      	CLRF       _print
0x02DB	0x01B9      	CLRF       _text
0x02DC	0x01BA      	CLRF       58
0x02DD	0x01BB      	CLRF       59
0x02DE	0x01BC      	CLRF       60
0x02DF	0x01BD      	CLRF       61
0x02E0	0x01BE      	CLRF       62
;_.c,57 :: 		int main(void)
;_.c,59 :: 		TRISA = 0x01;
0x02E1	0x3001      	MOVLW      1
0x02E2	0x1683      	BSF        STATUS, 5
0x02E3	0x0085      	MOVWF      TRISA
;_.c,60 :: 		PORTA = 0x01;
0x02E4	0x3001      	MOVLW      1
0x02E5	0x1283      	BCF        STATUS, 5
0x02E6	0x0085      	MOVWF      PORTA
;_.c,61 :: 		ANSEL = 0x01;         //RA0 Analoga
0x02E7	0x3001      	MOVLW      1
0x02E8	0x1683      	BSF        STATUS, 5
0x02E9	0x1703      	BSF        STATUS, 6
0x02EA	0x0088      	MOVWF      ANSEL
;_.c,62 :: 		TRISD=0x01;
0x02EB	0x3001      	MOVLW      1
0x02EC	0x1303      	BCF        STATUS, 6
0x02ED	0x0088      	MOVWF      TRISD
;_.c,63 :: 		PORTD=0x01;
0x02EE	0x3001      	MOVLW      1
0x02EF	0x1283      	BCF        STATUS, 5
0x02F0	0x0088      	MOVWF      PORTD
;_.c,64 :: 		ADCON0= 0x01;        //configurando el ADC a la maxima velocidad por el canal 0
0x02F1	0x3001      	MOVLW      1
0x02F2	0x009F      	MOVWF      ADCON0
;_.c,65 :: 		ADCON1= 0x80;        //los justificamos a la derecha y usamos vdd y vss como los vref
0x02F3	0x3080      	MOVLW      128
0x02F4	0x1683      	BSF        STATUS, 5
0x02F5	0x009F      	MOVWF      ADCON1
;_.c,66 :: 		OPTION_REG = 0x24;    //configurando timer0 como temporizador con un preescalador de 1:32
0x02F6	0x3024      	MOVLW      36
0x02F7	0x0081      	MOVWF      OPTION_REG
;_.c,67 :: 		T1CON = 0x03;        //configurando timer1 como contador
0x02F8	0x3003      	MOVLW      3
0x02F9	0x1283      	BCF        STATUS, 5
0x02FA	0x0090      	MOVWF      T1CON
;_.c,68 :: 		TMR0  = 0;           //inicializando timer0 en 0 para segurar que este limpio
0x02FB	0x0181      	CLRF       TMR0
;_.c,69 :: 		OPTION_REG.T0CS = 0;  //se habilita el timer 0
0x02FC	0x1683      	BSF        STATUS, 5
0x02FD	0x1281      	BCF        OPTION_REG, 5
;_.c,70 :: 		INTCON =   0xE0;      //habilitando las interrupciones del timer0
0x02FE	0x30E0      	MOVLW      224
0x02FF	0x008B      	MOVWF      INTCON
;_.c,71 :: 		TMR1H  = 0x00;        //registro de los primeros 8 bits del timer1 se llena ya que solo trabajaremos con TMR1L
0x0300	0x1283      	BCF        STATUS, 5
0x0301	0x018F      	CLRF       TMR1H
;_.c,72 :: 		TMR1L  = 0x00;        //registro de los segiundos 8 bits del timer1
0x0302	0x018E      	CLRF       TMR1L
;_.c,74 :: 		UART1_Init(9600);
0x0303	0x3019      	MOVLW      25
0x0304	0x1683      	BSF        STATUS, 5
0x0305	0x0099      	MOVWF      SPBRG
0x0306	0x1518      	BSF        TXSTA, 2
0x0307	0x226F      	CALL       _UART1_Init
;_.c,77 :: 		while(1)
L_main1:
;_.c,80 :: 		ADCON0.GO=1;//inicia conversion
0x0308	0x149F      	BSF        ADCON0, 1
;_.c,81 :: 		while(ADCON0.GO);
L_main3:
0x0309	0x1C9F      	BTFSS      ADCON0, 1
0x030A	0x2B0C      	GOTO       L_main4
0x030B	0x2B09      	GOTO       L_main3
L_main4:
;_.c,82 :: 		registro1=ADRESH & 0x03; //extraemos los bits del registro adresh
0x030C	0x3003      	MOVLW      3
0x030D	0x051E      	ANDWF      ADRESH, 0
0x030E	0x00F3      	MOVWF      R3
0x030F	0x0873      	MOVF       R3, 0
0x0310	0x00B0      	MOVWF      _registro1
;_.c,83 :: 		registro2=ADRESL;        //extraemos los bits del registro adresl
0x0311	0x1683      	BSF        STATUS, 5
0x0312	0x081E      	MOVF       ADRESL, 0
0x0313	0x1283      	BCF        STATUS, 5
0x0314	0x00B1      	MOVWF      _registro2
;_.c,84 :: 		pasos= (registro1<<8)+registro2; //calculamos el numero de pasos
0x0315	0x0873      	MOVF       R3, 0
0x0316	0x00F1      	MOVWF      R0+1
0x0317	0x01F0      	CLRF       R0
0x0318	0x0831      	MOVF       _registro2, 0
0x0319	0x07F0      	ADDWF      R0, 1
0x031A	0x1803      	BTFSC      STATUS, 0
0x031B	0x0AF1      	INCF       R0+1, 1
0x031C	0x0870      	MOVF       R0, 0
0x031D	0x00AA      	MOVWF      _pasos
0x031E	0x0871      	MOVF       R0+1, 0
0x031F	0x00AB      	MOVWF      _pasos+1
;_.c,85 :: 		resultado=pasos*resolucion;      //realizamos la conversion a voltaje
0x0320	0x2259      	CALL       _word2double
0x0321	0x0834      	MOVF       _resolucion, 0
0x0322	0x00F4      	MOVWF      R4
0x0323	0x0835      	MOVF       _resolucion+1, 0
0x0324	0x00F5      	MOVWF      R4+1
0x0325	0x0836      	MOVF       _resolucion+2, 0
0x0326	0x00F6      	MOVWF      R4+2
0x0327	0x0837      	MOVF       _resolucion+3, 0
0x0328	0x00F7      	MOVWF      R4+3
0x0329	0x21F8      	CALL       _Mul_32x32_FP
0x032A	0x0870      	MOVF       R0, 0
0x032B	0x00AC      	MOVWF      _resultado
0x032C	0x0871      	MOVF       R0+1, 0
0x032D	0x00AD      	MOVWF      _resultado+1
0x032E	0x0872      	MOVF       R0+2, 0
0x032F	0x00AE      	MOVWF      _resultado+2
0x0330	0x0873      	MOVF       R0+3, 0
0x0331	0x00AF      	MOVWF      _resultado+3
;_.c,86 :: 		memor[i]=resultado;
0x0332	0x0832      	MOVF       _i, 0
0x0333	0x00F4      	MOVWF      R4
0x0334	0x0DF4      	RLF        R4, 1
0x0335	0x1074      	BCF        R4, 0
0x0336	0x0DF4      	RLF        R4, 1
0x0337	0x1074      	BCF        R4, 0
0x0338	0x0874      	MOVF       R4, 0
0x0339	0x3E41      	ADDLW      _memor
0x033A	0x0084      	MOVWF      FSR
0x033B	0x0870      	MOVF       R0, 0
0x033C	0x0080      	MOVWF      INDF
0x033D	0x0871      	MOVF       R0+1, 0
0x033E	0x0A84      	INCF       FSR, 1
0x033F	0x0080      	MOVWF      INDF
0x0340	0x0872      	MOVF       R0+2, 0
0x0341	0x0A84      	INCF       FSR, 1
0x0342	0x0080      	MOVWF      INDF
0x0343	0x0873      	MOVF       R0+3, 0
0x0344	0x0A84      	INCF       FSR, 1
0x0345	0x0080      	MOVWF      INDF
;_.c,87 :: 		if (i<3){i++;}
0x0346	0x3003      	MOVLW      3
0x0347	0x0232      	SUBWF      _i, 0
0x0348	0x1803      	BTFSC      STATUS, 0
0x0349	0x2B4B      	GOTO       L_main5
0x034A	0x0AB2      	INCF       _i, 1
L_main5:
;_.c,89 :: 		if ( ctrl3==2 && (resultado>=value-(value*0.04)) && resultado <=5);
0x034B	0x0833      	MOVF       _ctrl3, 0
0x034C	0x3A02      	XORLW      2
0x034D	0x1D03      	BTFSS      STATUS, 2
0x034E	0x2BA1      	GOTO       L_main8
0x034F	0x0826      	MOVF       _value, 0
0x0350	0x00F0      	MOVWF      R0
0x0351	0x0827      	MOVF       _value+1, 0
0x0352	0x00F1      	MOVWF      R0+1
0x0353	0x0828      	MOVF       _value+2, 0
0x0354	0x00F2      	MOVWF      R0+2
0x0355	0x0829      	MOVF       _value+3, 0
0x0356	0x00F3      	MOVWF      R0+3
0x0357	0x300A      	MOVLW      10
0x0358	0x00F4      	MOVWF      R4
0x0359	0x30D7      	MOVLW      215
0x035A	0x00F5      	MOVWF      R4+1
0x035B	0x3023      	MOVLW      35
0x035C	0x00F6      	MOVWF      R4+2
0x035D	0x307A      	MOVLW      122
0x035E	0x00F7      	MOVWF      R4+3
0x035F	0x21F8      	CALL       _Mul_32x32_FP
0x0360	0x0870      	MOVF       R0, 0
0x0361	0x00F4      	MOVWF      R4
0x0362	0x0871      	MOVF       R0+1, 0
0x0363	0x00F5      	MOVWF      R4+1
0x0364	0x0872      	MOVF       R0+2, 0
0x0365	0x00F6      	MOVWF      R4+2
0x0366	0x0873      	MOVF       R0+3, 0
0x0367	0x00F7      	MOVWF      R4+3
0x0368	0x0826      	MOVF       _value, 0
0x0369	0x00F0      	MOVWF      R0
0x036A	0x0827      	MOVF       _value+1, 0
0x036B	0x00F1      	MOVWF      R0+1
0x036C	0x0828      	MOVF       _value+2, 0
0x036D	0x00F2      	MOVWF      R0+2
0x036E	0x0829      	MOVF       _value+3, 0
0x036F	0x00F3      	MOVWF      R0+3
0x0370	0x21F2      	CALL       _Sub_32x32_FP
0x0371	0x0870      	MOVF       R0, 0
0x0372	0x00F4      	MOVWF      R4
0x0373	0x0871      	MOVF       R0+1, 0
0x0374	0x00F5      	MOVWF      R4+1
0x0375	0x0872      	MOVF       R0+2, 0
0x0376	0x00F6      	MOVWF      R4+2
0x0377	0x0873      	MOVF       R0+3, 0
0x0378	0x00F7      	MOVWF      R4+3
0x0379	0x082C      	MOVF       _resultado, 0
0x037A	0x00F0      	MOVWF      R0
0x037B	0x082D      	MOVF       _resultado+1, 0
0x037C	0x00F1      	MOVWF      R0+1
0x037D	0x082E      	MOVF       _resultado+2, 0
0x037E	0x00F2      	MOVWF      R0+2
0x037F	0x082F      	MOVF       _resultado+3, 0
0x0380	0x00F3      	MOVWF      R0+3
0x0381	0x21A2      	CALL       _Compare_Double
0x0382	0x3001      	MOVLW      1
0x0383	0x1C03      	BTFSS      STATUS, 0
0x0384	0x3000      	MOVLW      0
0x0385	0x00F0      	MOVWF      R0
0x0386	0x0870      	MOVF       R0, 0
0x0387	0x1903      	BTFSC      STATUS, 2
0x0388	0x2BA1      	GOTO       L_main8
0x0389	0x082C      	MOVF       _resultado, 0
0x038A	0x00F4      	MOVWF      R4
0x038B	0x082D      	MOVF       _resultado+1, 0
0x038C	0x00F5      	MOVWF      R4+1
0x038D	0x082E      	MOVF       _resultado+2, 0
0x038E	0x00F6      	MOVWF      R4+2
0x038F	0x082F      	MOVF       _resultado+3, 0
0x0390	0x00F7      	MOVWF      R4+3
0x0391	0x3000      	MOVLW      0
0x0392	0x00F0      	MOVWF      R0
0x0393	0x3000      	MOVLW      0
0x0394	0x00F1      	MOVWF      R0+1
0x0395	0x3020      	MOVLW      32
0x0396	0x00F2      	MOVWF      R0+2
0x0397	0x3081      	MOVLW      129
0x0398	0x00F3      	MOVWF      R0+3
0x0399	0x21A2      	CALL       _Compare_Double
0x039A	0x3001      	MOVLW      1
0x039B	0x1C03      	BTFSS      STATUS, 0
0x039C	0x3000      	MOVLW      0
0x039D	0x00F0      	MOVWF      R0
0x039E	0x0870      	MOVF       R0, 0
0x039F	0x1903      	BTFSC      STATUS, 2
0x03A0	0x2BA1      	GOTO       L_main8
L__main23:
L_main8:
;_.c,91 :: 		fi++;
0x03A1	0x0AA3      	INCF       _fi, 1
;_.c,95 :: 		if (RD0_bit && ctrl2==0){frecuency++;ctrl2=1;}
0x03A2	0x1C08      	BTFSS      RD0_bit, BitPos(RD0_bit+0)
0x03A3	0x2BAE      	GOTO       L_main11
0x03A4	0x0824      	MOVF       _ctrl2, 0
0x03A5	0x3A00      	XORLW      0
0x03A6	0x1D03      	BTFSS      STATUS, 2
0x03A7	0x2BAE      	GOTO       L_main11
L__main22:
0x03A8	0x0AA1      	INCF       _frecuency, 1
0x03A9	0x1903      	BTFSC      STATUS, 2
0x03AA	0x0AA2      	INCF       _frecuency+1, 1
0x03AB	0x3001      	MOVLW      1
0x03AC	0x00A4      	MOVWF      _ctrl2
0x03AD	0x2BB6      	GOTO       L_main12
L_main11:
;_.c,96 :: 		else if (RD0_bit==0 && ctrl2==1){ctrl2=0;ctrl3++;}
0x03AE	0x1808      	BTFSC      RD0_bit, BitPos(RD0_bit+0)
0x03AF	0x2BB6      	GOTO       L_main15
0x03B0	0x0824      	MOVF       _ctrl2, 0
0x03B1	0x3A01      	XORLW      1
0x03B2	0x1D03      	BTFSS      STATUS, 2
0x03B3	0x2BB6      	GOTO       L_main15
L__main21:
0x03B4	0x01A4      	CLRF       _ctrl2
0x03B5	0x0AB3      	INCF       _ctrl3, 1
L_main15:
L_main12:
;_.c,98 :: 		if (resultado>value && resultado <=5)
0x03B6	0x082C      	MOVF       _resultado, 0
0x03B7	0x00F4      	MOVWF      R4
0x03B8	0x082D      	MOVF       _resultado+1, 0
0x03B9	0x00F5      	MOVWF      R4+1
0x03BA	0x082E      	MOVF       _resultado+2, 0
0x03BB	0x00F6      	MOVWF      R4+2
0x03BC	0x082F      	MOVF       _resultado+3, 0
0x03BD	0x00F7      	MOVWF      R4+3
0x03BE	0x0826      	MOVF       _value, 0
0x03BF	0x00F0      	MOVWF      R0
0x03C0	0x0827      	MOVF       _value+1, 0
0x03C1	0x00F1      	MOVWF      R0+1
0x03C2	0x0828      	MOVF       _value+2, 0
0x03C3	0x00F2      	MOVWF      R0+2
0x03C4	0x0829      	MOVF       _value+3, 0
0x03C5	0x00F3      	MOVWF      R0+3
0x03C6	0x21A2      	CALL       _Compare_Double
0x03C7	0x3001      	MOVLW      1
0x03C8	0x1803      	BTFSC      STATUS, 0
0x03C9	0x3000      	MOVLW      0
0x03CA	0x00F0      	MOVWF      R0
0x03CB	0x0870      	MOVF       R0, 0
0x03CC	0x1903      	BTFSC      STATUS, 2
0x03CD	0x2BEE      	GOTO       L_main18
0x03CE	0x082C      	MOVF       _resultado, 0
0x03CF	0x00F4      	MOVWF      R4
0x03D0	0x082D      	MOVF       _resultado+1, 0
0x03D1	0x00F5      	MOVWF      R4+1
0x03D2	0x082E      	MOVF       _resultado+2, 0
0x03D3	0x00F6      	MOVWF      R4+2
0x03D4	0x082F      	MOVF       _resultado+3, 0
0x03D5	0x00F7      	MOVWF      R4+3
0x03D6	0x3000      	MOVLW      0
0x03D7	0x00F0      	MOVWF      R0
0x03D8	0x3000      	MOVLW      0
0x03D9	0x00F1      	MOVWF      R0+1
0x03DA	0x3020      	MOVLW      32
0x03DB	0x00F2      	MOVWF      R0+2
0x03DC	0x3081      	MOVLW      129
0x03DD	0x00F3      	MOVWF      R0+3
0x03DE	0x21A2      	CALL       _Compare_Double
0x03DF	0x3001      	MOVLW      1
0x03E0	0x1C03      	BTFSS      STATUS, 0
0x03E1	0x3000      	MOVLW      0
0x03E2	0x00F0      	MOVWF      R0
0x03E3	0x0870      	MOVF       R0, 0
0x03E4	0x1903      	BTFSC      STATUS, 2
0x03E5	0x2BEE      	GOTO       L_main18
L__main20:
;_.c,100 :: 		value=resultado;
0x03E6	0x082C      	MOVF       _resultado, 0
0x03E7	0x00A6      	MOVWF      _value
0x03E8	0x082D      	MOVF       _resultado+1, 0
0x03E9	0x00A7      	MOVWF      _value+1
0x03EA	0x082E      	MOVF       _resultado+2, 0
0x03EB	0x00A8      	MOVWF      _value+2
0x03EC	0x082F      	MOVF       _resultado+3, 0
0x03ED	0x00A9      	MOVWF      _value+3
;_.c,101 :: 		}
L_main18:
;_.c,102 :: 		if (ctrl==123)
0x03EE	0x0825      	MOVF       _ctrl, 0
0x03EF	0x3A7B      	XORLW      123
0x03F0	0x1D03      	BTFSS      STATUS, 2
0x03F1	0x2C00      	GOTO       L_main19
;_.c,104 :: 		INTCON.GIE = 0;        // Se deshabilitan todas las interrupciones
0x03F2	0x138B      	BCF        INTCON, 7
;_.c,105 :: 		ByteToStr(fi,text);
0x03F3	0x0823      	MOVF       _fi, 0
0x03F4	0x00CF      	MOVWF      FARG_ByteToStr_input
0x03F5	0x3039      	MOVLW      _text
0x03F6	0x00D0      	MOVWF      FARG_ByteToStr_output
0x03F7	0x227F      	CALL       _ByteToStr
;_.c,106 :: 		printf(text);
0x03F8	0x3039      	MOVLW      _text
0x03F9	0x00CF      	MOVWF      FARG_printf_msg
0x03FA	0x219C      	CALL       _printf
;_.c,107 :: 		print=1; return 0;
0x03FB	0x3001      	MOVLW      1
0x03FC	0x00B8      	MOVWF      _print
0x03FD	0x01F0      	CLRF       R0
0x03FE	0x01F1      	CLRF       R0+1
0x03FF	0x2C01      	GOTO       L_end_main
;_.c,108 :: 		}
L_main19:
;_.c,132 :: 		}
0x0400	0x2B08      	GOTO       L_main1
;_.c,133 :: 		}
L_end_main:
0x0401	0x2C01      	GOTO       $+0
; end of _main
Symbol List:
//** Routines locations **
//ADDRESS    SIZE    PROCEDURE
//----------------------------------------------
0x0004      [20]    _interrupt
0x0018       [7]    _RES032
0x001F      [12]    _SETFUN32
0x002B       [4]    _FIXSIGN32
0x002F      [12]    _SETFOV32
0x003B      [47]    _NRM3232
0x006A      [10]    _UART1_Write
0x0074      [90]    _NRM4032
0x00CE      [22]    _UART1_Write_Text
0x00E4     [160]    _Add_32x32_FP
0x0184       [7]    _____DoICP
0x018B      [17]    _Div_8X8_U
0x019C       [6]    _printf
0x01A2      [80]    _Compare_Double
0x01F2       [6]    _Sub_32x32_FP
0x01F8      [97]    _Mul_32x32_FP
0x0259      [22]    _word2double
0x026F      [16]    _UART1_Init
0x027F      [50]    _ByteToStr
0x02B1      [12]    ___CC2DW
0x02BD     [325]    _main
//** Variables locations ** 
//ADDRESS    SIZE    VARIABLE
//----------------------------------------------
0x0000       [1]    INDF
0x0001       [1]    TMR0
0x0002       [1]    PCL
0x0003       [1]    STATUS
0x0004       [1]    FSR
0x0005       [1]    PORTA
0x0008       [1]    PORTD
0x0008       [0]    RD0_bit
0x000A       [1]    PCLATH
0x000B       [1]    INTCON
0x000C       [1]    PIR1
0x000E       [1]    TMR1L
0x000F       [1]    TMR1H
0x0010       [1]    T1CON
0x0018       [1]    RCSTA
0x0019       [1]    TXREG
0x001A       [1]    RCREG
0x001E       [1]    ADRESH
0x001F       [1]    ADCON0
0x0020       [1]    __math_tempbD
0x0021       [2]    _frecuency
0x0023       [1]    _fi
0x0024       [1]    _ctrl2
0x0025       [1]    _ctrl
0x0026       [4]    _value
0x002A       [2]    _pasos
0x002C       [4]    _resultado
0x0030       [1]    _registro1
0x0031       [1]    _registro2
0x0032       [1]    _i
0x0033       [1]    _ctrl3
0x0034       [4]    _resolucion
0x0038       [1]    _print
0x0039       [6]    _text
0x003F       [2]    ___DoICPAddr
0x0041      [12]    _memor
0x004D       [1]    ___savePCLATH
0x004E       [1]    ___saveSTATUS
0x004F       [1]    FARG_ByteToStr_input
0x004F       [1]    FARG_printf_msg
0x0050       [1]    FARG_ByteToStr_output
0x0051       [1]    ByteToStr_DigitPos_L0
0x0052       [1]    FLOC__ByteToStr
0x0053       [1]    FARG_UART1_Write_Text_uart_text
0x0054       [1]    UART1_Write_Text_data__L0
0x0055       [1]    UART1_Write_Text_counter_L0
0x0056       [1]    FARG_UART1_Write_data_
0x0070       [1]    R0
0x0071       [1]    R1
0x0072       [1]    R2
0x0073       [1]    R3
0x0074       [1]    R4
0x0075       [1]    R5
0x0076       [1]    R6
0x0077       [1]    R7
0x0078       [1]    R8
0x0079       [1]    R9
0x007A       [1]    R10
0x007B       [1]    R11
0x007C       [1]    R12
0x007D       [1]    R13
0x007E       [1]    R14
0x007F       [1]    R15
0x0081       [1]    OPTION_REG
0x0085       [1]    TRISA
0x0087       [0]    TRISC7_bit
0x0087       [0]    TRISC6_bit
0x0088       [1]    TRISD
0x0098       [1]    TXSTA
0x0099       [1]    SPBRG
0x009A       [1]    SPBRGH
0x009E       [1]    ADRESL
0x009F       [1]    ADCON1
0x0188       [1]    ANSEL
